logout stop logout request DEBUG failed response INFO database request logout
database failed request ERROR login cache DEBUG INFO service
response timeout WARN stop timeout INFO stop stop
logout response WARN WARN response request
connection database response connection logout response failed
response service success WARN INFO success
request database WARN failed connection DEBUG timeout INFO database logout
service response connection ERROR timeout logout timeout
start service connection connection success login success WARN response failed
INFO login stop connection start DEBUG WARN DEBUG ERROR stop
response database ERROR stop database cache connection connection logout
database WARN INFO connection cache success failed logout start login DEBUG stop login timeout
success success connection response login response service connection success
connection connection WARN success connection start
login cache login success logout success cache start
database ERROR connection failed INFO timeout DEBUG
timeout timeout response connection response success cache ERROR
service ERROR database login INFO
INFO timeout success INFO ERROR ERROR service login
connection stop service logout start database timeout
ERROR response stop connection start cache
request ERROR INFO logout DEBUG connection database WARN failed start
WARN response WARN DEBUG start login request database INFO
start stop cache DEBUG connection logout success
WARN response response login DEBUG
cache connection WARN INFO connection start INFO
request WARN cache request success
response start start database service failed response start
cache request request success connection INFO service failed logout success stop ERROR
stop logout stop stop WARN stop ERROR
INFO WARN request login service cache service connection start login connection timeout
failed start WARN stop DEBUG ERROR DEBUG logout logout logout start request DEBUG stop
stop timeout service cache timeout
service DEBUG ERROR connection WARN INFO
ERROR failed cache WARN logout failed logout
login start ERROR connection start timeout request ERROR start database
service service start ERROR INFO WARN database ERROR login connection ERROR timeout WARN cache
login stop cache INFO ERROR request stop INFO database request service database timeout INFO
ERROR login WARN success service
login timeout cache ERROR logout INFO login logout connection database stop success timeout failed
login logout database connection request failed connection DEBUG connection request stop logout request logout
login database DEBUG success start stop ERROR DEBUG
service success WARN timeout start service cache timeout database timeout response INFO
timeout login ERROR response INFO DEBUG DEBUG response timeout login start start success DEBUG
DEBUG timeout DEBUG connection INFO INFO INFO database logout DEBUG failed
cache login database response request stop request ERROR
cache INFO timeout cache failed success logout DEBUG success failed cache connection database
failed service timeout cache ERROR cache success WARN database service failed DEBUG request
success stop connection WARN connection logout WARN request
service DEBUG INFO ERROR DEBUG stop INFO timeout
login connection database login start database stop WARN stop
success WARN start ERROR start start start WARN timeout service ERROR INFO
failed success ERROR stop logout INFO failed ERROR DEBUG
cache WARN DEBUG ERROR failed request success stop ERROR response
response login ERROR login stop success
ERROR response logout database database ERROR
service success DEBUG database logout login start success login failed login start success
logout service start DEBUG connection database login INFO logout request INFO connection database
request WARN DEBUG service DEBUG
service request database start logout
WARN service DEBUG INFO service request cache start ERROR start
cache success DEBUG request start stop
success failed login request DEBUG start request stop service start DEBUG start connection login
start stop WARN connection timeout DEBUG failed
database response cache stop database INFO connection login DEBUG request database INFO connection
request success ERROR login logout
response response database cache service database connection failed failed stop response success
timeout service database request success service INFO database
login connection request service stop start DEBUG failed failed success success WARN cache
logout service cache start start stop start logout response INFO DEBUG
WARN start login failed connection response
connection ERROR INFO service DEBUG logout service
ERROR service DEBUG service logout failed failed stop response success start success
failed failed success logout success database stop login ERROR login start service
request start logout WARN DEBUG request
INFO connection failed database failed DEBUG database
WARN DEBUG request WARN logout DEBUG failed success service service start service ERROR login
DEBUG cache request database failed connection success
DEBUG request logout service stop
database INFO response database failed ERROR DEBUG service INFO failed
ERROR response ERROR failed timeout database DEBUG database connection logout logout service WARN
login stop logout INFO WARN INFO logout login
stop success ERROR login WARN
request logout failed timeout cache ERROR connection ERROR success
ERROR WARN response timeout connection timeout DEBUG logout start response response timeout
response start service stop DEBUG timeout login database start stop request
INFO login logout request database service start login
login logout cache login INFO failed stop timeout stop login WARN failed
service service cache service WARN DEBUG timeout request login WARN
response WARN stop connection success service stop cache failed connection timeout
connection service stop stop success connection failed timeout DEBUG DEBUG response login
start service INFO stop login ERROR start connection connection timeout login
DEBUG INFO WARN timeout success service timeout failed ERROR
DEBUG cache stop response connection login DEBUG logout success response INFO database stop
WARN DEBUG timeout failed logout timeout failed
login service service request logout database service logout request request logout stop
stop WARN INFO start DEBUG ERROR ERROR failed WARN response cache
WARN INFO request response request database request logout connection response INFO service timeout
failed failed request database start request login failed DEBUG
ERROR success success ERROR success login connection connection stop
success INFO INFO stop failed failed start ERROR INFO start service login DEBUG
stop connection ERROR failed start cache success logout
start service WARN request request start WARN failed INFO
DEBUG request response start stop timeout failed success response failed success logout response logout
failed cache ERROR failed response connection DEBUG INFO
response WARN timeout timeout logout ERROR connection start ERROR
service DEBUG response request timeout start start response logout logout logout
WARN request stop success response
INFO failed DEBUG failed DEBUG start failed request database connection cache WARN
logout DEBUG connection success WARN
login connection WARN cache connection ERROR success WARN start logout cache failed
DEBUG login WARN INFO service response timeout request ERROR login connection
request success service response service request timeout DEBUG response WARN failed service
stop stop response response INFO request logout database login database DEBUG ERROR login DEBUG
timeout logout timeout stop database timeout connection connection logout
login stop start start INFO request INFO response DEBUG timeout login
response stop connection failed DEBUG stop connection ERROR success WARN cache
success connection response timeout INFO stop logout INFO response request service
INFO service database failed database timeout connection response WARN
login start timeout logout ERROR service cache WARN timeout service service
timeout database start failed DEBUG cache response cache logout WARN stop
cache database service connection cache database connection failed cache request connection response cache INFO
success service ERROR failed failed request timeout cache WARN
start success success start ERROR service connection start request login stop database ERROR
response response WARN response logout ERROR service request
database service cache database logout start request
timeout database DEBUG success logout response database request ERROR INFO success WARN
timeout login request start INFO success
service ERROR stop start response response WARN start DEBUG DEBUG database start request success
INFO response timeout request WARN
logout cache service response cache INFO stop login cache INFO INFO success start WARN
request cache request request database
request start service request request login INFO service timeout success cache cache
success INFO ERROR INFO stop service success database failed connection
request success start database database response login request
response cache service DEBUG timeout INFO connection failed failed response service failed
DEBUG cache connection stop ERROR INFO logout failed
database response success cache service INFO service stop request ERROR logout
login response start INFO stop request WARN success service
ERROR failed cache database INFO
start login INFO login failed service INFO
INFO request connection stop timeout database database stop service INFO
request request stop cache WARN success cache response ERROR INFO INFO failed failed cache
WARN stop response start failed
timeout timeout logout success database start
DEBUG failed request WARN cache
login timeout ERROR success DEBUG DEBUG ERROR DEBUG
stop logout success timeout stop failed DEBUG ERROR start service request logout ERROR stop
failed WARN start database cache INFO failed
DEBUG cache connection request request failed login
DEBUG connection request logout response response
DEBUG response WARN ERROR response stop WARN request failed timeout cache connection
logout success request login response timeout WARN success failed DEBUG login ERROR stop
request timeout timeout timeout logout timeout connection
WARN DEBUG timeout ERROR request success success INFO logout
service login request login login WARN stop stop
start start ERROR timeout cache request service WARN login logout connection WARN
failed WARN WARN login timeout connection login ERROR
ERROR WARN timeout database timeout response timeout DEBUG failed service WARN database
connection request failed response service
database response WARN database timeout database WARN ERROR failed
timeout INFO WARN logout logout WARN success INFO failed stop INFO WARN failed success
success logout DEBUG success connection success response timeout ERROR
stop response DEBUG login stop cache INFO connection database failed success cache request INFO
request service cache connection request request response timeout INFO login ERROR stop connection
response WARN database success service connection timeout ERROR start
database failed failed timeout service service WARN database stop success login ERROR service INFO
INFO ERROR connection connection timeout cache response INFO request service login
timeout DEBUG failed DEBUG response failed WARN logout DEBUG success login DEBUG success
start cache response timeout WARN WARN cache failed start INFO start response response DEBUG
success start start ERROR login connection response DEBUG DEBUG DEBUG connection ERROR request
DEBUG connection connection INFO INFO response service response timeout DEBUG connection service request response
logout request service service logout response connection WARN DEBUG login WARN stop request stop
request WARN response service ERROR
response ERROR stop stop cache start
database cache login WARN database
success stop failed DEBUG response timeout cache
INFO logout connection logout request timeout DEBUG success connection cache start
start logout WARN database ERROR start stop logout response INFO WARN
stop cache response service DEBUG WARN timeout ERROR
database start login DEBUG login service response INFO INFO
database service DEBUG stop success
cache service connection start login response
failed failed request cache service connection DEBUG login database
INFO logout request connection start timeout logout stop database service
failed ERROR response start response logout WARN
login login failed failed start login
DEBUG cache INFO connection failed DEBUG WARN
INFO login success failed stop logout success service cache success
response success timeout request INFO request
success WARN failed login connection failed success DEBUG logout
logout ERROR login stop start DEBUG
ERROR timeout ERROR start ERROR INFO ERROR success timeout stop ERROR
success success connection database service request ERROR database
DEBUG success service service WARN
ERROR database timeout ERROR timeout timeout connection success service WARN DEBUG stop
ERROR login database stop WARN success INFO stop database
success response service cache service failed cache INFO WARN logout response connection timeout
login timeout ERROR failed timeout start logout
stop start login response cache cache response timeout DEBUG response request request
INFO database response WARN start start
stop login success timeout connection timeout WARN WARN timeout database INFO ERROR WARN
response connection database login database WARN logout failed INFO ERROR
INFO ERROR database DEBUG start response connection stop INFO request DEBUG start request request
request connection cache connection start ERROR start logout response login start start service
WARN response request login start logout timeout timeout connection success INFO
login success login start connection service
DEBUG request INFO connection logout
success service database DEBUG start logout login success WARN service response cache
failed cache login WARN database database request
database WARN connection ERROR timeout timeout database cache failed request logout
success response cache logout login logout INFO database WARN connection timeout service
DEBUG ERROR database timeout ERROR login connection database logout logout INFO start DEBUG
request timeout login database success DEBUG success cache ERROR success connection request WARN
database database DEBUG WARN INFO login DEBUG INFO service failed
start success response logout login timeout failed timeout request
failed success cache logout response response success ERROR INFO INFO start stop
WARN connection response WARN INFO response success request connection connection connection WARN
database response service response stop stop
WARN DEBUG start WARN start service service database ERROR stop timeout
service WARN login DEBUG start service login failed
stop timeout INFO success logout start success WARN
database timeout response cache service timeout failed login cache failed
DEBUG login DEBUG WARN request failed
ERROR response request WARN timeout database cache
WARN success connection database service timeout WARN
WARN failed timeout request login failed request service request failed ERROR request WARN WARN
WARN login failed start request
response stop DEBUG INFO timeout INFO start start cache stop
connection success success request WARN login service service failed timeout login cache INFO timeout
ERROR logout timeout database login DEBUG
stop failed connection request connection timeout service service timeout timeout cache database service logout
connection success cache timeout logout request cache logout service
WARN DEBUG login INFO cache login logout stop ERROR
success INFO database DEBUG timeout DEBUG request login
login logout login service WARN connection start logout start logout
timeout ERROR INFO start database database stop
cache INFO response database cache WARN login INFO WARN connection connection login
stop DEBUG timeout logout login response login
success ERROR login connection login DEBUG cache logout
request INFO ERROR WARN response WARN timeout cache timeout success INFO stop failed logout
connection logout service login success logout database start
logout connection stop success request stop failed response logout ERROR connection response timeout success
success timeout connection response request ERROR start response service
login stop login DEBUG connection failed stop login service start service
request service ERROR ERROR connection request request login success
service DEBUG ERROR INFO failed database cache
start WARN request stop connection DEBUG WARN WARN timeout WARN database logout
login login cache database database logout connection timeout
ERROR timeout login ERROR stop connection start connection success response connection login response
WARN start connection start service service failed response failed success DEBUG cache
failed database timeout start start ERROR start service failed service connection
connection failed ERROR connection WARN
service start cache request response
cache timeout cache database response INFO timeout timeout ERROR login WARN stop INFO
DEBUG logout INFO login database timeout failed login logout logout success
response database service start WARN
start failed connection login response
logout success ERROR DEBUG service login login
failed logout timeout ERROR login logout ERROR
start request timeout request logout start database
logout login timeout ERROR WARN INFO INFO timeout
cache failed INFO WARN cache database failed database failed WARN
connection login stop WARN WARN WARN timeout database ERROR database DEBUG
stop success failed failed database DEBUG response DEBUG response
service ERROR service stop WARN response database stop DEBUG
request ERROR response failed connection cache INFO service login failed request
database cache connection response database DEBUG response connection login
WARN service INFO success connection failed response ERROR response INFO logout
failed database success stop service WARN
cache success logout logout login database service WARN
stop cache request connection start
INFO service database stop service connection stop cache INFO database start stop
connection failed request success start cache success DEBUG INFO stop cache timeout logout
login success success service WARN DEBUG response failed request logout service timeout cache
ERROR cache DEBUG service INFO cache response success INFO logout response cache DEBUG
timeout failed login ERROR cache
WARN INFO ERROR login service ERROR
cache ERROR request DEBUG success cache
DEBUG logout INFO INFO logout ERROR service service
WARN service cache failed INFO database WARN ERROR login ERROR request
response stop timeout connection logout timeout stop success
response logout logout INFO WARN failed response INFO cache
connection ERROR connection DEBUG database start connection cache database INFO failed DEBUG start
DEBUG ERROR timeout login stop request database INFO
WARN start DEBUG DEBUG database ERROR connection logout ERROR INFO response
cache WARN timeout start response failed
request WARN request DEBUG connection
DEBUG timeout response INFO success database response success failed ERROR database
success WARN WARN login success service timeout cache timeout cache
failed logout success ERROR WARN start
service INFO request service login database stop request database INFO logout
ERROR INFO connection failed failed start response database start INFO
stop database login start logout connection database logout
DEBUG response stop request logout WARN success INFO ERROR response
success success connection failed timeout ERROR INFO
cache cache start timeout success WARN
start service request INFO response service WARN timeout WARN ERROR connection timeout DEBUG ERROR
success request success logout logout connection success
DEBUG request service response connection start service INFO timeout WARN ERROR
login DEBUG ERROR timeout logout start DEBUG
start cache database cache DEBUG success DEBUG DEBUG WARN success failed
failed timeout success login service start connection INFO login start ERROR failed logout
WARN DEBUG cache stop WARN database logout ERROR WARN
stop database service success logout logout cache cache ERROR stop timeout cache
failed timeout DEBUG login ERROR logout timeout failed failed DEBUG start
response login connection logout INFO connection timeout timeout logout logout
success request timeout cache stop ERROR stop ERROR connection failed response response cache ERROR
service stop database success cache failed DEBUG request response failed stop
connection service timeout stop stop response WARN INFO WARN start connection failed stop timeout
start failed service success failed database timeout
database stop DEBUG start ERROR connection WARN failed response ERROR timeout
database WARN login request INFO timeout database database login start response request
logout cache DEBUG stop logout cache failed
timeout WARN login start database database INFO cache
response timeout success response service INFO response stop cache
service service failed stop ERROR database cache start
success INFO cache WARN ERROR WARN
failed logout response WARN failed login
connection service failed database failed success DEBUG connection database ERROR
connection response timeout cache ERROR logout start stop request success request start DEBUG login
service stop logout stop database connection
cache response database logout logout
success ERROR connection failed logout INFO failed login
INFO timeout success failed WARN DEBUG success start ERROR
INFO success connection start start start failed stop request start response
ERROR request service connection database success
WARN timeout timeout connection INFO database
service request response logout database WARN INFO service request timeout WARN database
WARN start start timeout timeout stop service database
WARN response service login INFO database WARN database
login failed service login service
request connection cache stop failed ERROR
stop response cache WARN ERROR WARN service connection request DEBUG service
WARN start DEBUG failed ERROR service WARN connection DEBUG start
failed success database DEBUG INFO ERROR logout login timeout
timeout logout success WARN stop timeout stop
response ERROR INFO WARN WARN login start response
INFO response stop start login success
ERROR ERROR ERROR login timeout login success cache login response database
cache WARN service success failed response ERROR database start service DEBUG login
login WARN logout stop request service
INFO cache timeout INFO stop service logout cache INFO DEBUG DEBUG
start database stop WARN service ERROR timeout database ERROR service database stop WARN connection
request login service connection connection request start stop
request DEBUG success DEBUG start failed
INFO start service stop INFO logout request success database cache response cache
cache connection stop logout start logout success service logout logout database WARN
database failed request logout success cache timeout
stop database response INFO ERROR cache failed service ERROR database response connection
request timeout logout database INFO ERROR WARN cache response request DEBUG
logout login WARN database service login INFO DEBUG stop WARN DEBUG
database stop service cache connection stop INFO timeout login WARN connection database ERROR login
WARN login DEBUG service login cache failed failed
success start request timeout start DEBUG
response WARN service INFO WARN request success
response stop start INFO ERROR stop INFO stop connection ERROR WARN service start
service DEBUG cache DEBUG login DEBUG failed
connection connection response failed success DEBUG request connection success connection success request request
INFO service DEBUG request database timeout DEBUG success logout start database request
login DEBUG timeout cache response connection ERROR connection ERROR
ERROR INFO INFO failed success timeout response failed stop service service
stop success INFO logout login failed
success start connection connection service response
response database start success request stop start response response DEBUG WARN connection
stop stop INFO success failed response stop success failed logout start WARN
WARN INFO start timeout request service
service ERROR WARN INFO logout success failed timeout timeout DEBUG
database failed start ERROR WARN service DEBUG service request failed timeout service WARN
login database ERROR success cache cache ERROR service login logout failed login WARN cache
failed stop timeout cache login INFO WARN failed login success cache database failed
start cache login DEBUG ERROR database stop INFO response
WARN success login INFO ERROR stop cache
DEBUG failed failed failed DEBUG service response cache
start login failed WARN success start
timeout cache DEBUG timeout INFO cache failed failed start WARN WARN service response timeout
ERROR request success stop request request INFO success ERROR request database database
timeout failed INFO login connection
connection logout start login timeout cache timeout database ERROR
timeout request ERROR start DEBUG INFO connection timeout login
success WARN cache service logout ERROR request start
login ERROR response database stop timeout logout cache connection request
DEBUG ERROR cache DEBUG service
connection timeout cache connection INFO cache response service ERROR success INFO start
connection cache WARN ERROR response cache ERROR login
success ERROR INFO login response DEBUG timeout DEBUG timeout request logout start
stop INFO failed start logout start success ERROR WARN stop
login DEBUG login connection connection failed logout
response timeout failed connection request failed database
logout logout timeout response INFO request start DEBUG request login timeout login login request
WARN failed DEBUG DEBUG failed database response cache database service success connection DEBUG response
INFO response ERROR timeout stop DEBUG service success logout INFO service database success
stop request success failed login start logout
response WARN connection database connection cache request ERROR timeout request WARN INFO connection
service start request WARN response failed INFO logout
login WARN response INFO stop logout login request ERROR logout ERROR INFO logout service
response WARN WARN start connection failed INFO logout WARN
logout start stop ERROR INFO response connection
failed failed timeout request cache DEBUG cache INFO start start response request database
cache stop logout request INFO success request database
failed ERROR database ERROR failed
login connection ERROR connection login DEBUG request logout DEBUG DEBUG connection database
cache success DEBUG timeout request service failed cache
request request timeout cache failed request login database connection response start timeout
start INFO logout success service cache database ERROR logout
stop login stop failed connection DEBUG DEBUG
ERROR response login connection start connection
WARN logout database INFO connection service
start ERROR timeout DEBUG failed WARN logout service start response request
failed success logout response DEBUG stop cache failed
ERROR service response INFO database timeout WARN response
connection response INFO ERROR cache logout success
start response cache service failed connection ERROR failed start
failed cache request INFO timeout success service
connection database service ERROR start WARN
success response timeout stop start WARN logout service response request service
DEBUG failed response login logout cache service ERROR INFO success success cache connection start
database database connection service start service WARN INFO
success DEBUG service response WARN stop start start
connection logout response stop DEBUG connection failed failed INFO cache database response
INFO success start cache connection login DEBUG timeout success cache connection
cache ERROR logout start start
service request ERROR timeout stop success database logout
WARN start WARN login ERROR start login INFO
logout connection INFO connection cache stop request service
stop failed database WARN database start response service DEBUG
timeout DEBUG connection INFO connection database ERROR response INFO request service DEBUG logout WARN
connection DEBUG DEBUG success start stop database failed connection timeout
login failed start connection logout connection ERROR timeout request cache login failed request
stop success cache response connection failed stop ERROR
database stop response failed WARN INFO stop success INFO login WARN logout
failed cache logout start response
failed timeout start response stop database ERROR
INFO response ERROR connection service cache logout database INFO WARN response logout
start INFO ERROR login connection
timeout INFO cache stop ERROR stop stop timeout ERROR DEBUG
response login database INFO cache response cache service WARN
database connection connection request INFO logout failed stop connection login ERROR service start
ERROR login service database connection ERROR service ERROR request stop request
service stop start login WARN failed connection stop
response INFO WARN WARN DEBUG
success failed request failed ERROR
request database ERROR logout service cache DEBUG WARN database success request request request stop
connection timeout login WARN start cache failed timeout timeout database logout stop login
response service connection timeout INFO service
login DEBUG failed ERROR INFO WARN success
connection INFO DEBUG service database failed timeout logout stop WARN connection connection connection
start success DEBUG WARN database WARN stop connection WARN response cache stop INFO stop
timeout connection stop start failed timeout service timeout response WARN failed
INFO failed request timeout request DEBUG INFO success response service timeout
WARN cache cache success INFO login service timeout logout
INFO WARN DEBUG response INFO ERROR stop
stop request login database response connection
start connection response connection timeout login
connection login database WARN cache logout logout database request INFO DEBUG start database
service login DEBUG timeout login request
DEBUG start connection connection success logout failed INFO service database login
request response service timeout timeout stop failed login login cache request
stop failed cache INFO success timeout start start WARN
login response WARN INFO DEBUG cache
ERROR login connection logout INFO database database
connection login failed stop request
failed failed database service request success success logout failed login response response failed request
response ERROR timeout timeout logout response request INFO WARN stop
cache INFO WARN ERROR timeout login
DEBUG INFO database start database login login WARN stop connection start start request
failed login start success response WARN DEBUG service service ERROR timeout failed login start
ERROR INFO logout failed response INFO DEBUG WARN request response request WARN database
request start success stop database
ERROR connection failed database DEBUG login DEBUG ERROR
database login start response logout WARN logout DEBUG response timeout logout
INFO connection WARN connection timeout stop service DEBUG ERROR
success start database ERROR timeout WARN
response INFO INFO database logout response
database logout cache success connection INFO connection login cache start
INFO DEBUG DEBUG cache response login failed DEBUG database stop
cache success request database ERROR service database WARN logout logout request failed DEBUG
ERROR connection login start login request
start request stop connection logout INFO ERROR success INFO
timeout timeout login service connection ERROR login INFO timeout success INFO logout
ERROR logout timeout ERROR INFO logout DEBUG timeout success WARN start WARN
logout stop stop login stop request database database INFO login timeout
stop request logout failed logout request connection success service response
response ERROR request database connection database ERROR ERROR logout cache
failed INFO request timeout WARN ERROR start response DEBUG logout cache ERROR
request connection DEBUG connection cache success connection success service start
request DEBUG INFO INFO login database logout INFO start cache failed stop WARN WARN
database login response login response connection logout
connection success login success DEBUG
response timeout start INFO service request
DEBUG DEBUG WARN timeout response ERROR service logout failed timeout response
service stop service failed service request response WARN success WARN ERROR stop response stop
database success timeout failed timeout connection login response response
login start logout start DEBUG ERROR stop INFO logout success INFO response ERROR
start stop connection request start
cache database stop stop request stop start success cache response stop DEBUG
failed service ERROR logout timeout success database DEBUG start response
failed cache failed DEBUG connection cache ERROR timeout INFO
login ERROR success database ERROR INFO database WARN failed
timeout success INFO INFO INFO DEBUG timeout cache login login service logout service DEBUG
ERROR ERROR DEBUG failed logout service stop request stop INFO response stop INFO
ERROR success failed failed failed start
ERROR service response timeout ERROR connection cache failed ERROR ERROR response success
response DEBUG success request database response request ERROR service
INFO request ERROR INFO failed stop database INFO WARN success success
request DEBUG logout DEBUG INFO response stop database start success WARN INFO request service
ERROR WARN success connection login
database start response cache cache success logout stop cache
logout timeout success timeout timeout success timeout INFO cache
logout INFO request database response WARN logout success failed cache DEBUG request start
request connection connection INFO service INFO ERROR stop
response login DEBUG connection database failed failed success start cache
failed WARN INFO login stop
failed request login ERROR service stop database login timeout connection
ERROR start failed login response start stop timeout INFO connection WARN
start logout database timeout stop request failed success
WARN database connection WARN failed
connection WARN ERROR failed timeout response login success DEBUG response start stop login request
response success timeout request logout start timeout connection success INFO login ERROR stop
stop request WARN connection logout request login INFO logout INFO success failed login
ERROR cache INFO WARN database login DEBUG service start response WARN DEBUG service
service timeout response WARN cache
logout connection WARN connection request login
logout logout service INFO ERROR
success ERROR connection database WARN INFO cache request connection database WARN ERROR
login service DEBUG timeout start timeout start success stop INFO
timeout logout start service login connection connection logout timeout
request logout INFO login response connection ERROR
database login INFO request response request stop stop ERROR cache login login
connection database ERROR start timeout
WARN cache timeout failed WARN stop
DEBUG database ERROR timeout connection logout request success logout
success database cache timeout timeout database
request cache failed start connection connection
stop request INFO response WARN ERROR timeout success ERROR login stop
logout logout connection login login request success logout database cache stop service
timeout timeout stop success DEBUG login
login ERROR timeout cache response success response service database timeout
response database start start database service WARN start timeout stop timeout response logout database
start connection connection database INFO request login
database logout cache INFO success success database logout cache failed
logout failed database database response logout
cache failed failed logout request stop cache DEBUG database stop timeout response
timeout database stop cache request WARN timeout
response connection success request INFO INFO cache timeout request request INFO timeout ERROR service
stop database failed stop DEBUG logout INFO login request WARN database
login start cache failed login start login
DEBUG DEBUG service success response connection connection timeout cache ERROR cache database database
response timeout database request start stop
database WARN WARN success logout INFO timeout ERROR stop stop
stop database login connection cache cache timeout logout database login
response connection start login INFO WARN cache DEBUG database timeout failed cache
success login failed timeout database request cache stop ERROR response ERROR
logout WARN logout WARN logout response logout logout connection database DEBUG
failed response response success login DEBUG database request database stop
stop service stop connection request DEBUG timeout logout
cache service cache WARN login response DEBUG
cache request stop logout response INFO success success request failed
start logout request response cache database response ERROR INFO logout stop stop
response INFO service WARN service logout timeout stop login
ERROR connection ERROR failed login cache start login success cache DEBUG success timeout failed
logout INFO request ERROR cache request logout success database WARN ERROR login
