logout request database failed response response success
stop ERROR ERROR database WARN database failed success success request logout response INFO
success response failed WARN failed timeout
WARN cache login service cache success service start logout service
logout timeout start stop WARN failed start service database ERROR logout cache
request connection WARN logout connection DEBUG WARN WARN DEBUG start logout
response WARN ERROR INFO login response login service ERROR login failed
login response DEBUG service response INFO connection response stop ERROR stop service service response
cache request request database failed start
stop response cache service timeout
connection response timeout INFO connection stop failed DEBUG logout service timeout
success WARN connection timeout INFO start
cache login logout request start timeout DEBUG service stop connection
request connection ERROR cache request WARN logout
timeout logout database login failed success login request ERROR
connection start request cache ERROR ERROR failed response start
DEBUG WARN DEBUG INFO success
start database request timeout success start
ERROR WARN INFO response DEBUG stop INFO timeout stop
start stop database response response start response cache service cache response
service database WARN login request connection response success start response logout ERROR
stop start response success response success request failed login
service timeout start failed response INFO database success start DEBUG success
start failed ERROR request failed DEBUG INFO
response INFO request service start response start logout cache database database failed response
logout logout connection cache start DEBUG INFO WARN WARN stop timeout stop success success
DEBUG service ERROR timeout stop failed
connection request success start login connection request failed database
DEBUG ERROR login stop stop database logout database database connection failed DEBUG
WARN database request ERROR login WARN INFO login cache cache response
INFO cache ERROR ERROR connection success logout ERROR
cache stop start WARN service connection
stop failed database logout success connection start WARN timeout WARN DEBUG
ERROR request stop DEBUG DEBUG cache ERROR cache request
stop stop stop response stop start stop
ERROR service database INFO failed service timeout request
DEBUG DEBUG service database connection login request timeout cache response INFO stop DEBUG logout
INFO connection timeout request connection database success request service
logout connection success stop timeout INFO login logout request
failed WARN WARN INFO cache request database INFO stop response success
database INFO connection service failed response success start success stop start
connection logout INFO request service service cache failed success service database success database failed
start INFO request connection service success WARN connection database start start start database service
ERROR INFO WARN connection timeout INFO failed logout connection
WARN DEBUG DEBUG WARN response stop start cache WARN logout
timeout cache service WARN timeout service cache database success failed
cache connection INFO ERROR timeout login logout service cache WARN service ERROR
database DEBUG success DEBUG DEBUG DEBUG request DEBUG start
timeout stop database stop login WARN response request
timeout connection service ERROR logout
INFO cache response service ERROR failed
response cache timeout DEBUG success login WARN INFO
timeout login logout failed database
DEBUG stop DEBUG WARN WARN service cache database cache login cache
WARN logout timeout DEBUG login INFO response service response login service database logout connection
success stop WARN connection login
timeout response DEBUG INFO connection request logout DEBUG stop logout timeout success
INFO success ERROR ERROR login failed timeout stop ERROR timeout success login service WARN
WARN WARN connection failed failed service database
request start logout cache start success INFO start cache INFO service request timeout
ERROR database cache INFO service success failed request database INFO
WARN connection login logout cache WARN
WARN success timeout logout cache
WARN success WARN DEBUG DEBUG success login WARN ERROR login failed
cache logout database ERROR service INFO stop
response request timeout INFO stop connection failed DEBUG
start login logout login WARN timeout INFO
cache login database start ERROR success WARN
WARN WARN database timeout database database start
logout logout success connection ERROR database stop service failed WARN INFO start success
cache request success WARN start failed stop service start response service ERROR login
DEBUG DEBUG login start INFO DEBUG failed start cache DEBUG response
logout service stop ERROR success request INFO failed connection WARN failed
INFO stop connection timeout ERROR ERROR DEBUG
login success connection service ERROR response logout INFO logout request service
start login cache connection failed response
timeout start start cache start database DEBUG response failed
response INFO logout logout start timeout ERROR
request login failed success cache service request WARN database stop database timeout INFO connection
database database service cache DEBUG request service INFO
cache response ERROR timeout start service timeout WARN login
response INFO ERROR service success start response ERROR ERROR request INFO
service service request response connection cache logout start request response service
request login start ERROR start connection WARN failed login connection INFO ERROR success connection
DEBUG ERROR database login connection connection cache ERROR success
INFO connection ERROR success logout response database login stop start start
timeout ERROR logout logout WARN WARN failed DEBUG service failed cache ERROR
DEBUG service INFO success success stop response logout WARN
connection INFO start logout DEBUG stop response ERROR cache success ERROR response INFO
cache database timeout INFO start failed response request success DEBUG login
request service ERROR failed response
timeout timeout stop INFO stop ERROR logout login success
failed cache ERROR start WARN database connection ERROR DEBUG
stop database service start logout start WARN timeout failed start response WARN DEBUG response
response response database start database INFO success timeout stop database start WARN
request cache timeout INFO timeout timeout request login cache success logout failed response
response start failed success request stop
INFO stop DEBUG request database request login response WARN DEBUG WARN service ERROR logout
cache ERROR DEBUG cache database failed database response success DEBUG stop stop
response database connection ERROR stop service cache ERROR
stop failed cache logout WARN ERROR logout WARN response failed ERROR
logout service start success ERROR success INFO
request response cache DEBUG cache success service WARN failed DEBUG connection
login success database success success ERROR response connection WARN
connection database stop WARN logout
database response start ERROR success stop service failed login success stop start timeout WARN
response success failed start failed response request stop
database request timeout timeout timeout database logout request
timeout failed response request login database INFO failed cache
success WARN start DEBUG login WARN INFO failed
start INFO connection WARN start ERROR success logout logout
timeout login failed logout INFO login response service response cache DEBUG response INFO stop
failed start request response timeout cache success logout start logout
ERROR start start WARN request service DEBUG service
logout timeout DEBUG success service logout timeout cache WARN database
login ERROR failed WARN DEBUG logout timeout request cache response service database timeout timeout
login service success ERROR login database ERROR timeout request
WARN connection request timeout database ERROR
start failed INFO request ERROR login connection stop login INFO failed
success success DEBUG INFO DEBUG request timeout
start response start success failed failed stop cache service failed DEBUG cache
timeout timeout failed connection logout request logout DEBUG login login request failed failed
connection start connection logout stop ERROR service request service
start stop connection timeout WARN ERROR INFO request start timeout ERROR database database
stop success ERROR WARN logout response success stop logout database
cache timeout login start ERROR request
timeout failed WARN failed service
connection service INFO WARN login login start connection database database
database response request INFO WARN
ERROR timeout DEBUG stop logout login failed
timeout failed logout connection INFO logout DEBUG stop response logout response
service cache success INFO cache success INFO success DEBUG response DEBUG ERROR service
failed stop stop stop request logout start DEBUG failed start logout success
WARN failed logout request WARN database cache response service login start
stop cache INFO cache response connection response INFO DEBUG stop service
request INFO success timeout ERROR failed stop success request INFO cache DEBUG
connection cache cache request timeout logout INFO WARN stop
timeout success cache request DEBUG cache login cache
database DEBUG response INFO timeout request
success cache WARN ERROR response response WARN timeout failed
success request ERROR service timeout WARN ERROR response login INFO success login response
failed service service database service failed service service WARN INFO response timeout
ERROR cache DEBUG success stop request cache INFO database INFO ERROR logout
DEBUG INFO request success timeout request WARN response connection
stop login start success request login login ERROR
INFO connection stop ERROR INFO start cache
request stop cache request response logout login response DEBUG
service service failed INFO start success
start ERROR DEBUG ERROR connection
cache ERROR success failed timeout cache start
response timeout stop start service stop login connection cache
ERROR connection response INFO stop DEBUG timeout failed response start timeout
login ERROR response success start WARN login timeout WARN service logout
start cache service stop database cache connection
timeout connection success connection timeout request failed stop failed timeout service
timeout service start INFO login login DEBUG connection service request timeout stop
response INFO connection ERROR stop request logout connection timeout service timeout
success start stop cache response
cache start logout stop stop logout cache WARN WARN WARN ERROR
login service service database ERROR failed WARN response failed start failed login service
INFO start connection timeout response
failed WARN request response INFO database failed cache
logout stop response stop cache INFO service connection success connection WARN timeout INFO
DEBUG stop DEBUG WARN connection start database
logout failed database success cache service DEBUG database stop stop
database INFO ERROR database failed success
database connection ERROR WARN DEBUG WARN start WARN failed connection failed
success failed failed WARN INFO start INFO login WARN cache connection INFO login
request ERROR connection failed stop database INFO connection
request service start response request login DEBUG service INFO stop DEBUG database stop DEBUG
request start INFO INFO login cache DEBUG login database connection cache failed cache WARN
DEBUG service timeout database stop ERROR database failed connection service WARN success INFO
response failed WARN request INFO stop start start cache connection DEBUG failed response
failed service success WARN connection INFO request database connection cache connection ERROR timeout cache
response INFO logout database ERROR ERROR logout service success INFO INFO logout request cache
INFO request stop service WARN connection
success service cache logout login service
timeout timeout logout database login DEBUG ERROR DEBUG
connection timeout cache database start stop failed login INFO
INFO start service database stop response failed
service success logout ERROR WARN failed response ERROR request connection DEBUG
database login WARN logout request stop response
start cache start login logout
request database success cache service success database
cache logout database response failed DEBUG request INFO response
timeout failed login failed start WARN INFO connection response stop failed WARN logout
timeout service cache timeout success request logout DEBUG service success request DEBUG login failed
failed success login logout start timeout service ERROR
cache request ERROR cache success start DEBUG start request response service timeout
logout request login failed request stop login ERROR INFO stop request failed connection cache
logout login response failed cache
connection start DEBUG ERROR database login stop failed cache timeout
connection failed login stop cache INFO database
stop WARN login database request failed request database success ERROR response INFO
login login failed database DEBUG login response
WARN database logout logout ERROR
timeout WARN ERROR failed start DEBUG ERROR service cache connection cache WARN
cache INFO request logout logout INFO INFO response
failed request DEBUG response ERROR connection INFO
ERROR logout failed login ERROR connection ERROR logout database
failed DEBUG service connection response cache DEBUG response cache failed cache INFO service
logout start database logout ERROR success failed connection timeout failed database login
stop logout response stop login
start DEBUG service request login service success INFO success connection WARN
success DEBUG success database request
request timeout login response cache stop success ERROR failed login logout
stop ERROR response timeout success
DEBUG success database logout logout DEBUG WARN service ERROR ERROR response timeout cache INFO
stop connection database WARN login success stop service cache database
failed connection failed connection WARN login response database request stop stop start DEBUG timeout
INFO start DEBUG cache database response stop WARN ERROR start INFO start service database
cache DEBUG WARN timeout stop start WARN
start connection service success database connection failed start
login service DEBUG connection INFO
service response service stop ERROR ERROR INFO connection failed ERROR
failed DEBUG stop WARN DEBUG database stop service WARN WARN WARN DEBUG connection
service database connection INFO service request
login timeout request database success database DEBUG INFO INFO
ERROR database INFO success logout service DEBUG database INFO timeout service WARN request
stop connection timeout WARN INFO database request WARN service service response request login connection
database stop WARN stop logout start
connection database WARN start database
request failed response service INFO start ERROR ERROR WARN
database logout ERROR ERROR database login logout start success WARN login
WARN timeout success database service failed
cache logout response start DEBUG response start WARN
timeout service ERROR INFO stop database
service stop ERROR logout success login DEBUG failed
success logout connection response login timeout connection timeout stop connection connection timeout
failed database ERROR WARN WARN timeout cache response ERROR logout
logout WARN ERROR response stop start database success ERROR response WARN database INFO logout
WARN ERROR failed INFO cache success response request stop DEBUG
INFO cache cache cache stop database DEBUG request
logout request stop ERROR cache start request WARN INFO
service timeout ERROR login logout stop service ERROR request database INFO
connection database INFO INFO logout cache INFO stop INFO connection database DEBUG stop connection
INFO success INFO logout cache WARN timeout stop
connection login WARN INFO timeout response start cache cache failed response
start database ERROR ERROR ERROR timeout
INFO response response service WARN WARN DEBUG failed login failed timeout timeout
logout database timeout cache WARN request INFO database request login request INFO
INFO login start INFO service service success database logout success failed logout response
login ERROR service ERROR timeout request cache WARN service DEBUG
cache connection success start response request DEBUG
WARN database request start connection DEBUG timeout login login
failed service timeout service login connection success ERROR INFO login DEBUG timeout failed
request INFO failed INFO login cache logout service success DEBUG start
request request service failed service
request database INFO stop cache connection logout connection service database
database stop service logout ERROR
INFO start request start INFO service response INFO stop response timeout login stop
failed success request INFO success cache logout request DEBUG start
response cache cache WARN WARN response cache request cache
service logout WARN service connection ERROR
WARN DEBUG stop response cache request
DEBUG success cache start response logout database request failed logout timeout start failed ERROR
response request ERROR WARN response login ERROR
WARN connection connection DEBUG timeout ERROR database logout
WARN response stop service WARN connection failed failed service request success stop failed login
cache success success connection connection DEBUG
failed failed connection ERROR stop failed
connection cache ERROR service request request failed DEBUG
stop response request database INFO response service response login logout
success INFO INFO INFO ERROR timeout stop response login logout service login start
database response timeout success connection INFO
database login connection logout DEBUG failed request service cache
database start request DEBUG success INFO start cache failed database cache ERROR INFO failed
success cache timeout start timeout DEBUG logout success INFO INFO
service login logout login response ERROR ERROR cache ERROR stop cache WARN
database success INFO response service database connection failed service connection connection start
service database DEBUG response ERROR start start login
login WARN stop success login start request INFO stop DEBUG stop
start DEBUG DEBUG DEBUG service database ERROR service response
success DEBUG cache connection stop response service stop login cache INFO WARN connection INFO
failed request request start connection
ERROR response request database connection WARN
cache login logout cache login failed
DEBUG ERROR cache INFO stop database
response timeout timeout database timeout database
logout response INFO WARN INFO failed start request
database success cache start failed DEBUG request ERROR WARN logout
service DEBUG database request response cache WARN WARN
database logout WARN DEBUG INFO INFO stop start success WARN login response
WARN service ERROR ERROR request logout response connection success cache start failed ERROR login
logout success connection request logout timeout response
logout response logout INFO response DEBUG timeout stop logout start INFO ERROR success
request response DEBUG WARN login stop database cache cache
response cache database WARN service
database timeout stop success DEBUG failed database success success connection
failed logout DEBUG start ERROR connection start DEBUG cache stop start cache
success INFO logout stop ERROR logout service request stop login ERROR service success connection
stop login timeout failed INFO start DEBUG failed failed success success DEBUG response
DEBUG timeout start stop database service service database service success WARN start
failed request database request DEBUG cache INFO
DEBUG database response success DEBUG failed response response
login INFO logout stop logout DEBUG stop stop start success stop ERROR database
service response logout start request database
database response DEBUG failed login INFO
stop stop response service cache DEBUG
DEBUG login service database stop DEBUG database service connection
logout ERROR database start database WARN database response INFO response request response response
start connection INFO timeout success connection login
success DEBUG start stop request failed service
login stop success INFO ERROR start WARN logout timeout ERROR
start login database timeout response start login service WARN
connection ERROR service timeout stop DEBUG request cache connection request success
connection cache DEBUG start ERROR database
database connection service login response stop ERROR
database service service service service failed response cache failed
failed response failed success request connection success database start request
ERROR response start database timeout
database stop database INFO failed success DEBUG logout response connection database database cache
login start response DEBUG connection start INFO ERROR service WARN database
stop logout timeout timeout ERROR database request ERROR INFO stop INFO
logout service stop cache connection logout logout
start failed INFO start response response logout request timeout
request WARN failed login login request cache logout logout INFO stop login connection
service start DEBUG request start success timeout request DEBUG
service response success success response success failed service INFO connection database login
start INFO stop cache cache start cache connection
stop failed connection WARN INFO service timeout failed login
login login WARN connection service success WARN DEBUG WARN
request DEBUG response timeout timeout start failed INFO login login cache stop
success cache login connection connection request INFO WARN ERROR
request failed logout logout ERROR database INFO success cache database start start login login
INFO start service cache stop success success database service cache stop WARN success
start failed DEBUG success INFO DEBUG timeout
INFO INFO success logout ERROR
success login WARN timeout timeout cache DEBUG stop start timeout WARN stop logout
response logout start start failed login failed
database success start INFO database connection service database login ERROR connection
service WARN INFO service timeout INFO logout logout request
ERROR database timeout INFO failed success response ERROR login
login response ERROR request cache service response success login response connection timeout
service timeout response failed timeout timeout
database stop WARN failed request database DEBUG
logout timeout success INFO connection database timeout service timeout start
stop failed connection cache timeout
INFO success stop timeout login success timeout success stop response
logout success timeout service start INFO request timeout timeout response response connection WARN INFO
stop WARN login DEBUG success INFO service
start WARN DEBUG ERROR ERROR database request stop start request database login DEBUG DEBUG
request logout service login database response success start connection
service DEBUG WARN start connection connection database request failed DEBUG
database WARN database cache database service success logout stop INFO start ERROR stop ERROR
service INFO service response failed DEBUG timeout
ERROR start ERROR service success success INFO INFO login
DEBUG stop service service request stop DEBUG response ERROR ERROR
cache DEBUG failed request failed start stop response connection stop timeout start DEBUG timeout
success success stop failed WARN stop database success cache logout DEBUG
timeout DEBUG start database start
ERROR connection failed success stop login database stop start
logout start failed failed WARN DEBUG login login DEBUG timeout logout login database ERROR
cache database request login database stop start
timeout database service timeout WARN INFO
ERROR database logout ERROR cache login response ERROR login database failed WARN cache
start request request INFO request
start WARN logout stop service cache login request WARN logout failed failed connection ERROR
ERROR connection timeout request success logout connection request stop request cache login WARN service
timeout login stop request request connection stop ERROR INFO connection database
service cache INFO logout DEBUG WARN failed connection service success INFO logout WARN start
timeout DEBUG login response INFO start INFO connection cache login INFO request
request success cache ERROR start connection INFO
timeout failed response service database ERROR start
service login stop login WARN INFO WARN DEBUG start WARN DEBUG connection DEBUG
INFO stop start response connection success DEBUG failed ERROR cache INFO login login timeout
logout timeout request success DEBUG INFO login login timeout
database cache DEBUG stop response login cache logout connection service database
ERROR request request connection connection request response logout cache DEBUG
WARN start database start response INFO INFO cache service timeout database connection database login
cache service timeout timeout success success request connection connection INFO DEBUG
request database WARN response ERROR database DEBUG success stop database start
timeout cache DEBUG service response stop login start
service logout database login failed DEBUG login stop WARN login timeout logout response database
logout timeout login cache start success failed ERROR connection cache
stop service start failed login connection timeout
DEBUG timeout success WARN cache ERROR
connection response DEBUG WARN connection ERROR stop request database stop start database WARN response
cache stop cache INFO login logout INFO
database start timeout database ERROR ERROR
login failed DEBUG WARN INFO timeout start
timeout INFO failed database success failed
database logout timeout failed logout stop connection cache start ERROR connection WARN cache
connection service ERROR cache success INFO service timeout login logout success WARN database INFO
start logout start connection ERROR response cache failed DEBUG request failed connection start success
ERROR DEBUG request failed INFO
login database logout service connection
ERROR timeout failed start logout service connection
ERROR DEBUG database database cache start
response stop cache request INFO connection logout WARN start start
failed ERROR database cache request timeout login stop success service stop logout database ERROR
response ERROR service failed start database response logout response login stop
request DEBUG DEBUG database connection
start failed ERROR connection stop response timeout ERROR failed start failed
WARN logout success stop INFO service
connection INFO logout success request start failed stop INFO INFO request response
failed logout response failed connection login
WARN database INFO success service
request request cache start response stop failed service failed
timeout success success WARN WARN
database ERROR connection logout ERROR WARN WARN service logout failed DEBUG
start connection stop connection DEBUG connection ERROR logout response login ERROR stop request failed
logout response start success response start database login success DEBUG WARN ERROR
ERROR INFO database WARN timeout request stop failed success connection logout success WARN
logout logout timeout INFO INFO
DEBUG response stop timeout service connection start
response cache request INFO ERROR cache INFO login stop start
DEBUG stop success timeout response INFO
failed connection start DEBUG timeout database service service timeout stop response success
connection success connection request logout INFO WARN DEBUG timeout success start timeout failed
failed connection login connection cache
service INFO DEBUG stop logout
INFO failed stop failed success success WARN logout
WARN stop timeout WARN response INFO login DEBUG
success logout stop response ERROR login
DEBUG request success DEBUG failed logout connection login
connection cache logout stop start service logout
WARN connection ERROR INFO cache DEBUG database logout INFO logout database stop success timeout
INFO service logout DEBUG service connection request connection logout login success response
start ERROR response database connection response database timeout success failed ERROR ERROR database
stop start login stop WARN timeout ERROR timeout
INFO response service connection failed DEBUG start cache response response DEBUG login success
INFO timeout failed ERROR logout response timeout ERROR service stop timeout database
stop logout service response database database request response login
INFO response cache login connection DEBUG stop
ERROR ERROR start service cache DEBUG cache stop service
ERROR logout start success request timeout cache success success request DEBUG INFO failed database
INFO request stop connection request service cache failed
service start service database response cache failed
start service connection request stop request request response database
start failed stop request request database failed INFO success success login
start connection success DEBUG stop start ERROR
start connection DEBUG WARN start
database DEBUG start database start INFO DEBUG timeout timeout login
stop DEBUG connection success cache connection
database INFO cache failed failed timeout ERROR failed logout logout logout success ERROR
response logout INFO response database login response service login request cache INFO response login
response INFO WARN success cache stop INFO logout INFO
start request failed cache start start INFO DEBUG
connection cache request logout request INFO response failed
failed connection response connection connection start stop failed
WARN ERROR connection INFO request INFO request request logout cache
failed WARN INFO service failed DEBUG database success
response start failed start connection
service success INFO connection logout timeout
request service DEBUG INFO success failed
login response database WARN timeout ERROR cache timeout
cache stop request start login timeout database connection login timeout start service login
timeout logout request database cache ERROR database WARN logout cache WARN
ERROR logout service request cache ERROR timeout INFO INFO database response
WARN database database INFO DEBUG stop database success INFO
ERROR login start logout success DEBUG timeout
stop timeout INFO stop connection DEBUG start
start logout connection ERROR ERROR connection failed
stop logout start ERROR logout connection request stop
response INFO failed request failed DEBUG connection response logout failed WARN connection
start cache start cache failed service start failed timeout service cache
WARN cache WARN cache stop request timeout connection database cache
WARN cache INFO response service login stop INFO WARN
connection WARN INFO DEBUG request
logout connection database failed DEBUG service stop stop WARN failed DEBUG service database
connection logout failed ERROR INFO stop failed database
success timeout request stop DEBUG failed WARN response start stop request success
success connection start connection login success cache timeout start cache stop login DEBUG
response INFO WARN success start start
timeout start database connection logout failed failed ERROR cache timeout
service success cache DEBUG database failed stop timeout DEBUG start
database connection timeout DEBUG logout connection database service stop WARN database cache success
failed request database cache cache logout logout start
cache login INFO login login login
response start INFO service DEBUG INFO stop ERROR cache service
request timeout connection stop success stop INFO logout
request INFO database INFO WARN WARN
success response WARN failed logout logout success request timeout timeout timeout
success cache service DEBUG database request request
response stop start login database cache cache
service WARN service ERROR failed connection logout service ERROR login login
failed ERROR stop connection response INFO response stop
INFO WARN response connection request WARN cache response timeout request service request login
login timeout database cache failed stop ERROR service request request connection start stop cache
WARN response stop connection logout cache failed response
start stop logout response connection response request timeout stop INFO
start ERROR DEBUG INFO database cache
response database success logout connection
response timeout response cache cache login timeout WARN WARN service response connection stop logout
success timeout ERROR INFO stop start
start stop service login logout database cache cache failed cache connection failed
logout WARN WARN success DEBUG login ERROR database INFO INFO database
logout start service start failed WARN WARN failed
login response stop database WARN stop login request
request response service timeout request database response
request stop failed logout database
database WARN DEBUG connection success response response failed response start logout
success service failed DEBUG DEBUG DEBUG
database start request logout INFO logout database
ERROR success response INFO WARN success INFO stop WARN cache timeout
service response start timeout connection INFO timeout
cache timeout failed success timeout WARN logout request start stop start
failed ERROR cache success start DEBUG connection
login failed request response login INFO
WARN DEBUG INFO login service DEBUG ERROR timeout failed login stop stop connection
DEBUG ERROR connection INFO INFO
DEBUG INFO login WARN cache cache INFO WARN login timeout timeout login
success connection ERROR logout logout logout success ERROR service response ERROR success connection connection
INFO stop stop request timeout
WARN INFO login connection database service login request response service database stop DEBUG stop
service failed stop logout request stop INFO INFO connection connection failed
WARN connection WARN stop response logout response request DEBUG
request logout cache DEBUG timeout WARN service
service response start request DEBUG response service timeout login start success database stop
response request response DEBUG response logout connection stop request response cache login INFO INFO
login cache timeout database cache INFO
stop start DEBUG failed WARN logout login logout DEBUG WARN
