cache database connection login cache request INFO DEBUG WARN
success stop WARN response request success cache ERROR logout request connection success timeout
service login request timeout WARN response
failed DEBUG failed failed DEBUG failed service WARN failed failed ERROR
request request logout success INFO INFO database stop request logout
login response timeout WARN connection
timeout request connection success failed logout service ERROR database
ERROR INFO stop DEBUG database request connection DEBUG DEBUG
WARN response response logout login failed response logout connection
cache stop connection WARN start logout start
connection failed failed INFO timeout success request
service DEBUG INFO cache cache
INFO login response failed failed
DEBUG response database failed connection connection WARN DEBUG success start ERROR
database service login database logout start WARN WARN stop
success service service DEBUG response start INFO login
service failed failed WARN login failed stop logout INFO service WARN
service stop request failed request INFO start stop start
ERROR success timeout stop stop stop response cache INFO connection
logout database DEBUG request service logout failed timeout stop WARN INFO response
connection request service database request
stop login stop DEBUG success INFO success INFO start DEBUG timeout login start
connection service service failed request timeout WARN failed failed
stop login service ERROR logout database start request connection
cache failed logout connection request DEBUG timeout timeout stop login start connection cache cache
success timeout WARN request stop ERROR WARN connection request response connection
cache success INFO INFO database WARN request WARN service login service INFO response stop
login DEBUG connection cache stop
connection request failed logout timeout INFO WARN timeout timeout service start database
login timeout database INFO WARN cache ERROR success INFO ERROR logout WARN
start service ERROR success response response success
timeout start login success INFO cache request start ERROR connection request stop
login timeout WARN database stop INFO failed service WARN
response connection cache cache start success response INFO cache
timeout cache success response database
stop database connection cache login connection connection WARN DEBUG login
success login database ERROR start failed connection WARN timeout response INFO response
success ERROR login request connection response INFO logout connection connection
service response connection success start failed service logout INFO
success DEBUG logout service cache service DEBUG timeout success service login INFO logout success
request WARN cache failed cache
stop timeout ERROR logout timeout
cache start response success stop ERROR WARN timeout response success
request database response response ERROR success start
logout logout logout ERROR connection logout connection failed service login
request stop WARN login cache stop INFO timeout stop timeout
response login request cache ERROR start request connection service cache start success database
start start database failed stop INFO failed connection request INFO cache INFO cache
response request cache login connection WARN success ERROR connection WARN
INFO connection cache WARN DEBUG timeout request success connection connection connection connection login
ERROR logout request database service failed login success success
INFO WARN DEBUG DEBUG ERROR WARN
start response failed connection cache DEBUG logout ERROR service failed failed ERROR response success
cache connection cache INFO database start service request response logout cache WARN DEBUG WARN
login timeout service start DEBUG request stop
timeout connection ERROR database response success cache DEBUG connection
DEBUG failed start response timeout
DEBUG ERROR start ERROR request failed ERROR service INFO connection cache start request connection
start failed request connection ERROR ERROR cache
service WARN service service INFO timeout start ERROR start
connection timeout login WARN timeout failed ERROR success stop
INFO WARN stop DEBUG connection failed WARN
INFO failed connection request request service request logout connection cache success
response cache service start start timeout connection response service DEBUG logout logout database WARN
response stop failed timeout ERROR login cache stop login start timeout login
cache DEBUG login logout timeout service timeout connection INFO start
database response DEBUG INFO DEBUG timeout request failed ERROR response start
response success stop stop stop DEBUG success ERROR connection
success start failed DEBUG start response start service logout DEBUG service stop
timeout success failed DEBUG connection ERROR DEBUG connection INFO service
timeout start INFO cache logout response DEBUG logout INFO connection
response connection stop timeout database cache
logout cache ERROR database DEBUG database failed INFO request
timeout service failed connection failed INFO success DEBUG start stop
service response connection start connection database WARN timeout stop
failed WARN ERROR success response start response service INFO
INFO connection logout timeout failed DEBUG service request cache service ERROR ERROR stop
WARN cache DEBUG connection ERROR database cache start start
DEBUG connection cache login logout timeout login INFO ERROR connection WARN response WARN DEBUG
success timeout ERROR start database ERROR
response WARN ERROR start login ERROR request start success
DEBUG WARN DEBUG ERROR start connection service connection connection logout database INFO timeout
DEBUG request INFO success failed login ERROR login timeout cache WARN timeout
timeout failed INFO INFO INFO login ERROR failed WARN logout database WARN
service request service service timeout cache timeout service response failed logout
cache database database cache database INFO INFO connection login
WARN DEBUG request database INFO timeout
connection request ERROR DEBUG request start response request connection response failed WARN
request stop ERROR stop response logout WARN WARN database logout service service timeout
ERROR service WARN INFO timeout response
database failed database database database WARN stop logout stop success DEBUG
database failed start timeout ERROR ERROR WARN response ERROR database
cache login database start login database
INFO WARN logout request request WARN service DEBUG INFO connection success logout
stop service success WARN logout DEBUG stop success request service WARN request
response connection response request login
ERROR success start failed connection failed response
ERROR failed request service cache DEBUG
response failed DEBUG login response request service stop database start login start start
WARN cache timeout logout success
success logout service success service stop timeout INFO
login connection start login database start start login request WARN stop timeout ERROR
start start service connection connection
cache timeout login success response ERROR success
connection database login timeout connection ERROR WARN database start ERROR database success
response service connection ERROR failed timeout
database response ERROR service cache login WARN service
DEBUG connection cache request ERROR ERROR login connection database stop logout cache request
timeout ERROR INFO cache DEBUG cache success
service WARN start login ERROR failed failed failed failed success login connection ERROR
start success INFO timeout WARN connection stop login
ERROR ERROR ERROR ERROR ERROR stop WARN cache request timeout service
request start connection start cache success
cache database INFO cache connection stop INFO database response cache INFO INFO
stop start WARN connection DEBUG logout start stop WARN login
connection timeout service INFO failed database cache database connection database
DEBUG INFO login cache WARN
failed cache timeout WARN ERROR WARN logout ERROR success
connection failed start WARN DEBUG WARN DEBUG
INFO start timeout success failed stop failed WARN
success cache DEBUG timeout timeout stop response DEBUG DEBUG response ERROR login
database cache logout logout success logout request database
stop start service success DEBUG ERROR
stop WARN DEBUG timeout stop DEBUG failed WARN login stop WARN login INFO
DEBUG connection ERROR cache service DEBUG stop service request timeout WARN
cache DEBUG DEBUG cache INFO timeout start cache ERROR start timeout
WARN service ERROR stop success response login login failed INFO database service
WARN request success failed ERROR WARN ERROR WARN response DEBUG DEBUG stop
timeout ERROR cache stop response
success timeout response failed cache WARN service response cache success request request
success database database database DEBUG database login database response connection timeout start WARN
WARN WARN connection start success DEBUG timeout connection cache
success service success request service DEBUG database stop
DEBUG timeout timeout DEBUG ERROR WARN success failed ERROR connection
database response ERROR start login cache connection failed request stop
cache WARN WARN service success connection success stop INFO database response response response response
DEBUG stop DEBUG cache login response response connection response DEBUG service connection cache
logout connection WARN start timeout success database
connection cache WARN request request ERROR response
INFO stop DEBUG service failed
database connection failed logout request failed stop DEBUG connection connection connection service connection
request database failed connection response cache timeout ERROR failed logout
failed connection INFO success database success INFO cache stop connection failed start
ERROR request INFO success start INFO connection cache DEBUG start
stop timeout service logout timeout request service login request connection cache WARN
INFO request timeout WARN response
login request response ERROR cache database login
timeout request failed WARN connection ERROR ERROR ERROR success stop
DEBUG request login database database INFO ERROR
success cache logout INFO logout success connection start request INFO ERROR request
connection request cache request login DEBUG cache
service WARN failed cache database success failed DEBUG request stop connection ERROR failed connection
response ERROR database stop connection database timeout
start DEBUG success service INFO
success INFO WARN logout stop service database
INFO service database ERROR database connection INFO connection stop
database ERROR start stop connection start
start database failed ERROR success cache stop logout connection WARN INFO stop database login
start service login connection response timeout failed
WARN start service login INFO start timeout timeout WARN INFO connection
stop WARN WARN connection login request
success response stop INFO database response INFO
INFO DEBUG request INFO connection success start ERROR timeout INFO INFO success
response failed success logout login start start DEBUG WARN logout database failed
ERROR timeout failed ERROR success login ERROR DEBUG ERROR
database WARN service ERROR ERROR cache cache failed stop DEBUG cache
logout ERROR connection cache service
logout stop failed start service service login failed WARN service success ERROR request timeout
INFO stop INFO success DEBUG logout
timeout response request request response INFO service
DEBUG timeout timeout database INFO connection
failed cache database start INFO login timeout success DEBUG success start
logout start logout DEBUG start request INFO logout request database DEBUG connection
WARN failed INFO request start
logout WARN login success failed ERROR login stop response connection start WARN connection request
failed start response stop request cache cache logout stop database cache login WARN
timeout logout connection DEBUG request WARN
request response failed start ERROR service success ERROR login connection cache ERROR connection failed
WARN login DEBUG WARN DEBUG failed
stop connection cache success response stop connection failed logout service DEBUG DEBUG success ERROR
INFO success request ERROR stop stop response DEBUG ERROR database logout response ERROR connection
start WARN response WARN request logout timeout WARN response logout
failed service logout WARN ERROR database database stop
service INFO service ERROR service service failed timeout failed response INFO stop cache
logout response WARN timeout success start INFO
start success INFO timeout connection service DEBUG cache INFO cache WARN request logout stop
stop WARN cache response failed database failed WARN service connection login DEBUG stop ERROR
WARN request service logout WARN ERROR timeout
stop stop service DEBUG failed timeout
timeout response service success cache INFO
INFO stop service stop WARN INFO timeout
timeout WARN cache DEBUG ERROR service failed connection ERROR connection connection timeout
logout INFO start INFO stop service timeout login cache database WARN failed WARN DEBUG
start failed logout failed login ERROR
request start logout timeout ERROR WARN failed
stop start request WARN timeout WARN failed request INFO
DEBUG stop failed response DEBUG WARN cache database start cache cache
login INFO DEBUG logout start cache start INFO success service cache INFO
service success request database stop
service response request INFO WARN success
WARN logout timeout ERROR login connection response logout timeout timeout success logout DEBUG success
failed stop WARN WARN database cache stop failed success
ERROR service INFO database request login ERROR success login
timeout logout timeout logout INFO response response stop logout start cache WARN DEBUG
cache database ERROR logout cache INFO timeout INFO connection
timeout logout failed stop WARN logout database
start timeout logout login start failed ERROR DEBUG logout timeout
WARN login DEBUG request database login WARN database DEBUG
request connection DEBUG stop WARN connection success timeout login WARN
timeout service connection response success response INFO response DEBUG
response start start DEBUG stop database success ERROR cache connection cache ERROR
INFO login WARN cache connection failed request success service request failed stop login
INFO response failed response start
stop DEBUG response timeout logout INFO login logout DEBUG login
logout response start INFO DEBUG timeout DEBUG logout database start stop ERROR response
start logout database WARN DEBUG service WARN stop WARN stop
response WARN ERROR start DEBUG DEBUG response database database timeout database response
response INFO logout login timeout success service WARN success logout
stop start login timeout request WARN DEBUG timeout connection response
logout stop connection database start response cache start failed login INFO start login
INFO DEBUG WARN cache database logout ERROR
WARN cache stop service stop login request ERROR INFO INFO timeout cache logout
login service connection database response connection stop service
database success login database request ERROR
timeout WARN DEBUG logout database login success database login start cache
timeout start stop INFO success stop DEBUG request DEBUG WARN stop response DEBUG
login response stop login service DEBUG connection stop login response WARN service
timeout INFO timeout start INFO WARN WARN logout INFO logout logout WARN login timeout
connection connection failed ERROR INFO failed response start logout ERROR timeout database
logout response ERROR timeout timeout
success success response WARN response database INFO WARN stop INFO cache
INFO stop timeout logout INFO cache connection start failed
login failed cache login WARN logout cache ERROR
response cache WARN service cache service cache logout request ERROR connection stop
database INFO failed ERROR logout start cache ERROR connection INFO start logout cache WARN
start logout service timeout cache INFO ERROR INFO logout logout
connection ERROR service INFO INFO success database service logout DEBUG failed success start
login stop success database success WARN service failed WARN success response
DEBUG timeout stop login service request database database request start request start request
connection start response timeout service success login start request failed start
stop timeout INFO WARN logout service service connection ERROR DEBUG WARN database WARN
database login connection success service connection cache database success WARN
ERROR failed logout success stop failed connection login start cache database logout
cache success stop response login connection cache failed success start
failed WARN success start cache logout response connection ERROR response stop timeout logout
database start success failed WARN WARN login
DEBUG stop logout failed start login ERROR database database WARN login response response WARN
success response request failed database timeout failed INFO connection success logout failed
connection stop failed INFO request stop connection DEBUG start login login WARN
DEBUG ERROR start timeout failed database database connection
DEBUG DEBUG INFO database failed service failed service start database
login INFO database logout DEBUG DEBUG logout connection service
stop success start success start DEBUG service
response response success failed failed start response
logout cache failed cache success ERROR stop service timeout
service stop service timeout logout response
connection database DEBUG response database ERROR DEBUG
ERROR failed connection WARN logout failed connection cache connection success ERROR cache failed
response ERROR login ERROR start WARN login connection connection database login
stop database service failed connection database ERROR connection stop connection stop
stop INFO INFO request connection service service database logout login request start
stop logout start INFO WARN response start cache
cache failed WARN stop timeout DEBUG timeout stop success service INFO
DEBUG connection DEBUG failed logout ERROR database INFO login
stop service INFO DEBUG connection stop stop
DEBUG service login connection WARN failed request cache database stop
ERROR failed stop timeout connection failed start failed WARN
failed logout start stop cache failed failed cache
stop response stop DEBUG failed login request DEBUG start start stop
connection database response DEBUG cache INFO stop DEBUG cache
connection start success logout success logout cache logout login cache timeout
cache DEBUG success stop timeout cache start INFO logout logout success ERROR request WARN
response connection stop INFO stop response start INFO ERROR cache timeout cache connection response
DEBUG DEBUG database INFO request logout DEBUG request INFO request login login DEBUG
stop timeout INFO success login DEBUG login WARN service connection login success
service WARN connection logout INFO cache INFO INFO start service login response timeout
service logout start connection start success stop cache
stop INFO timeout start INFO connection timeout timeout request failed success response INFO
stop timeout DEBUG response database timeout login
failed cache stop INFO response ERROR request request timeout ERROR request failed timeout
connection success request failed request ERROR stop start timeout login stop start service
login database response ERROR stop
failed start DEBUG response cache start response ERROR
DEBUG timeout service database cache DEBUG logout INFO INFO INFO DEBUG DEBUG database connection
response INFO request connection success cache timeout stop stop logout start
WARN timeout database WARN ERROR database failed service success timeout
failed INFO stop success logout ERROR database WARN
INFO DEBUG WARN service failed success database request ERROR login
success ERROR INFO response connection WARN database request failed failed
database ERROR WARN DEBUG stop login INFO
failed DEBUG failed database service cache DEBUG response login request
database service INFO ERROR service INFO start cache stop DEBUG service stop ERROR
connection response response timeout request WARN response timeout cache stop logout login ERROR
connection response failed start failed connection failed ERROR DEBUG login request success
stop login response start cache logout stop service WARN database
failed INFO database ERROR login failed login service
service failed WARN database DEBUG database database success
ERROR success WARN database response INFO start stop DEBUG
success failed service INFO connection
start database logout cache logout database
failed ERROR failed INFO start cache cache timeout DEBUG start request INFO WARN ERROR
response database DEBUG failed timeout DEBUG
cache WARN failed start response cache WARN cache timeout logout INFO response
DEBUG failed WARN service stop success failed success
timeout request cache service service success request DEBUG success WARN database connection
success WARN timeout cache timeout response ERROR ERROR service request start
stop stop WARN DEBUG login request timeout response database success DEBUG response connection
request database response logout connection DEBUG INFO ERROR logout start start success cache login
database login timeout timeout stop INFO INFO WARN INFO timeout login failed request service
request service ERROR start connection cache DEBUG failed DEBUG service
service timeout cache cache request login request connection
success response success database start
INFO timeout DEBUG INFO stop login request service WARN success
timeout login service service DEBUG failed
ERROR failed INFO database INFO success connection WARN WARN service database request start timeout
login timeout database WARN failed
start success request failed stop
service success success cache WARN login database response INFO logout WARN connection login service
success cache failed service start ERROR logout DEBUG login response
database database failed service login ERROR WARN ERROR
connection stop INFO ERROR login logout cache DEBUG DEBUG stop cache
WARN cache ERROR stop failed INFO INFO failed DEBUG INFO connection response timeout
failed logout start request connection WARN success
response ERROR WARN start DEBUG service INFO start ERROR database database
logout logout response timeout WARN request service
timeout logout login stop service failed failed response database stop request cache response
WARN start INFO WARN service timeout logout start database success start timeout stop connection
logout start response request stop
login request connection WARN service timeout
database response success logout service WARN logout ERROR
logout WARN service start database WARN ERROR start failed INFO
timeout success login ERROR success database stop service
connection login login DEBUG login
INFO ERROR logout start INFO connection cache
timeout login login database connection request INFO request stop database INFO database
service ERROR service login success
response stop stop timeout logout service ERROR failed timeout INFO ERROR
success logout WARN timeout INFO DEBUG stop login
timeout WARN stop login service start failed failed WARN request login timeout INFO start
success start ERROR response database success ERROR
WARN stop failed service connection logout connection WARN ERROR
database login start response response
start DEBUG DEBUG WARN database request WARN service failed success success timeout failed failed
INFO failed logout success service
ERROR login timeout timeout failed ERROR login start
service logout cache timeout service
DEBUG failed database ERROR request login success success connection INFO connection success database
DEBUG ERROR success response failed WARN DEBUG success DEBUG response request logout
request WARN login request stop failed ERROR
INFO database timeout INFO database success ERROR INFO logout ERROR failed
WARN service cache request response login response
success INFO start ERROR ERROR logout DEBUG request ERROR cache success success success response
start INFO WARN login success success login timeout connection database response WARN stop INFO
request failed ERROR logout logout cache DEBUG timeout
logout DEBUG ERROR success timeout DEBUG response logout WARN success ERROR timeout login success
stop database logout WARN connection service start DEBUG success
cache cache timeout service database cache INFO
service success database database DEBUG database request
cache WARN stop login response failed ERROR stop INFO failed WARN
service database database cache cache DEBUG DEBUG DEBUG WARN timeout INFO
service login WARN service database failed
timeout logout WARN response logout success ERROR INFO stop cache cache connection request WARN
timeout cache logout WARN request timeout login
failed logout request cache start
WARN WARN timeout failed database DEBUG logout cache service INFO logout
request login ERROR logout database success success
request database timeout logout response service success
logout database timeout timeout stop database stop login logout success database login success timeout
start request login DEBUG DEBUG start DEBUG logout success
stop response stop success database service response response
connection DEBUG login service logout start response timeout service
logout cache timeout timeout timeout service failed failed cache
cache WARN service stop DEBUG INFO ERROR connection
WARN WARN service WARN failed database ERROR failed connection cache
logout success timeout request connection failed
connection request service login stop WARN database failed logout login service request DEBUG ERROR
cache success database start stop response database cache cache INFO WARN INFO cache
connection failed INFO login logout WARN logout DEBUG timeout cache start cache logout
request response success INFO INFO WARN WARN INFO logout logout
stop cache cache failed WARN start INFO success WARN
INFO INFO database response WARN ERROR service database WARN DEBUG failed response connection
DEBUG INFO INFO WARN WARN start cache cache logout logout login
response stop service WARN cache DEBUG cache start WARN timeout
ERROR INFO cache service service
DEBUG failed database INFO database service DEBUG response success cache database stop logout logout
timeout stop service WARN request start DEBUG start login
timeout cache connection login success
cache failed connection database logout success connection stop INFO success
response DEBUG WARN timeout service service request login start success
INFO response success ERROR DEBUG timeout login
response response service stop ERROR ERROR
connection success timeout ERROR timeout service DEBUG INFO INFO logout logout request service cache
service timeout connection login login
INFO request WARN stop response DEBUG timeout login service timeout WARN stop login
login logout connection WARN timeout DEBUG ERROR connection request response database stop logout failed
logout response start response timeout success request connection DEBUG
connection connection start database DEBUG failed timeout database start connection start connection login connection
success response service DEBUG request service success failed logout cache ERROR service cache
service success failed INFO connection logout
service database request request DEBUG DEBUG timeout DEBUG response
connection start INFO request login success
timeout failed database logout service INFO start login ERROR timeout
start stop timeout database INFO cache cache
start failed logout timeout response WARN WARN success success database logout response
DEBUG service service DEBUG response failed response WARN
failed INFO timeout WARN request INFO response timeout database database stop connection connection ERROR
success timeout timeout INFO service ERROR failed stop response database response
timeout cache connection login start connection response service ERROR ERROR
timeout failed logout start response request timeout success stop INFO logout logout
stop database timeout timeout cache start login connection database start start success WARN logout
connection timeout request WARN DEBUG failed
DEBUG success ERROR connection login ERROR request connection success
service request cache cache cache INFO DEBUG DEBUG connection cache
login service success request cache failed service WARN DEBUG cache
stop timeout login login login stop cache service service DEBUG
success success response request success database DEBUG
start start response response failed request ERROR
connection request database login WARN
service start failed logout logout
connection success failed WARN WARN
connection start request cache login login INFO
WARN INFO logout logout cache logout start start WARN cache success logout timeout
response logout request WARN login WARN response service service login service success
ERROR service failed logout request database ERROR failed cache service
start request service logout DEBUG response login
stop failed login response database login request logout ERROR login start WARN success
connection service success WARN ERROR response request WARN success
INFO stop ERROR response connection connection cache response INFO timeout ERROR service stop database
INFO failed database request database DEBUG start service INFO WARN timeout database start
failed logout response cache logout connection
success cache cache ERROR response request cache logout failed INFO timeout WARN failed
connection request login request login WARN WARN connection INFO logout login success ERROR
INFO INFO WARN connection logout WARN logout success response connection service DEBUG
DEBUG stop INFO failed request failed service service service
login success DEBUG request success service WARN failed logout success
login service ERROR ERROR login cache timeout success ERROR response success start
stop success login response INFO
request connection start connection request ERROR connection database stop
DEBUG start response stop start start
failed login failed login cache ERROR WARN
connection service INFO login service DEBUG stop service WARN WARN logout login response
stop response start INFO start
start stop response service start ERROR stop service ERROR request login response service failed
success stop timeout ERROR INFO INFO ERROR cache start
INFO response stop logout timeout start login WARN logout timeout failed WARN
stop INFO failed response stop failed
stop failed login start database
stop service cache start start
connection start logout DEBUG INFO success service
request WARN response database timeout response
start INFO timeout database ERROR timeout INFO database request DEBUG
logout stop logout cache ERROR cache INFO request database INFO INFO stop
cache INFO WARN INFO stop WARN
logout start database start timeout ERROR timeout cache connection service timeout
stop timeout cache ERROR DEBUG connection cache response DEBUG timeout DEBUG response WARN
service cache failed logout service service INFO start connection stop WARN
connection failed request cache failed stop login DEBUG response ERROR
WARN stop WARN start ERROR
INFO service start WARN connection cache
stop WARN service ERROR ERROR cache login failed
stop success database service WARN cache
timeout ERROR WARN login service
logout start request cache connection cache cache ERROR
INFO INFO failed failed request INFO database
database cache timeout INFO database response
start WARN failed INFO ERROR stop logout login timeout failed failed logout request connection
logout INFO failed ERROR INFO response success cache service
ERROR database request WARN connection ERROR start failed success service connection success
timeout response database DEBUG database cache database logout failed service response
INFO INFO cache response request
database success cache logout failed connection start request success response database timeout logout database
response ERROR ERROR service WARN request ERROR cache success response
service timeout WARN response response logout response response response success response request
cache response stop service logout success
logout success success service stop success WARN service service failed ERROR INFO
request timeout logout logout WARN timeout login
failed database stop ERROR WARN timeout success response ERROR
DEBUG login request service ERROR database
request service logout ERROR request ERROR database INFO timeout connection cache login success
response start stop logout start cache WARN timeout
cache service success failed success login cache start
database WARN INFO INFO start connection cache INFO
failed ERROR login login login start stop database logout failed start stop
failed stop response login WARN timeout stop logout
success logout response DEBUG ERROR WARN database database cache
service login WARN WARN database start DEBUG failed response
connection service login success failed INFO response connection timeout stop request success
failed WARN ERROR timeout login success start cache timeout WARN failed logout
cache ERROR login ERROR logout failed success logout connection failed connection timeout failed
database failed INFO database INFO stop service DEBUG logout
response logout start ERROR cache success service
response DEBUG timeout start request stop timeout INFO connection WARN cache failed
database database ERROR request service login
failed response stop request response service success ERROR success stop DEBUG stop cache
logout service response response login
success logout DEBUG database connection request service logout request database WARN
login timeout connection failed timeout INFO failed logout WARN failed
INFO service failed timeout WARN failed service database login failed logout
timeout logout database response success response stop request request success timeout service ERROR
success INFO failed login response DEBUG timeout ERROR login start database success INFO connection
connection login logout login cache
INFO WARN logout failed database
stop service connection DEBUG start INFO service INFO timeout request login
WARN INFO INFO WARN service stop DEBUG start logout login start DEBUG cache connection
cache DEBUG INFO cache failed service INFO
login database DEBUG timeout database login
INFO database service timeout ERROR database timeout stop ERROR failed stop service
timeout success login response logout
response request response database INFO
request request service success DEBUG logout INFO ERROR timeout stop timeout database cache
timeout connection ERROR database ERROR logout
service service request WARN DEBUG logout connection DEBUG start request start success
connection request database cache cache WARN connection
service INFO success database logout connection WARN timeout login success
cache database DEBUG connection cache ERROR stop cache logout database database
success start logout failed DEBUG service INFO connection cache logout ERROR WARN cache service
DEBUG DEBUG cache service stop
timeout DEBUG service cache cache WARN login cache DEBUG login
cache DEBUG service WARN request database connection WARN login
failed failed connection response response connection stop stop ERROR DEBUG DEBUG ERROR response connection
service INFO WARN logout WARN login login failed
timeout connection start connection INFO service response logout request
