logout start ERROR cache connection success success ERROR
connection response response response start login success cache database ERROR
ERROR timeout success ERROR DEBUG DEBUG success
WARN failed INFO INFO cache connection stop
failed timeout WARN start INFO INFO failed WARN start
INFO success INFO request INFO cache
ERROR failed success DEBUG WARN logout DEBUG logout DEBUG INFO stop login service
logout timeout timeout connection response request failed stop WARN ERROR
request response response timeout success ERROR success DEBUG ERROR connection success request DEBUG timeout
DEBUG start start request connection cache request service DEBUG DEBUG INFO logout
stop logout stop request ERROR logout INFO response logout INFO ERROR ERROR
response database cache request logout failed login database service response connection
response DEBUG login ERROR failed
response response response login response response success
ERROR login service success start success stop start login DEBUG database
start success stop success cache
response request login service WARN WARN
request service stop WARN stop login stop database ERROR
WARN failed login timeout WARN service request logout success connection login
start connection WARN login request database INFO
service DEBUG success service stop DEBUG INFO database logout login connection
login request DEBUG WARN stop WARN stop WARN logout timeout failed connection start cache
connection INFO failed database INFO success INFO logout success connection
service ERROR timeout response database service success stop request ERROR response logout success logout
login WARN cache login start logout service
database timeout connection service WARN
ERROR logout response logout DEBUG database ERROR timeout
logout ERROR logout WARN ERROR logout ERROR ERROR logout stop login
success response WARN success failed timeout stop cache failed WARN INFO database request
stop logout database connection INFO response WARN database response cache cache INFO cache WARN
login INFO WARN logout request logout stop WARN INFO start connection stop
INFO stop service logout INFO
database logout WARN request stop service connection request cache timeout connection request success login
cache DEBUG failed response WARN INFO service database connection DEBUG
login timeout service start INFO login service DEBUG
WARN failed WARN logout service INFO logout response request ERROR INFO
success WARN service response DEBUG logout WARN login timeout WARN request
success logout cache WARN DEBUG request success WARN login
service connection success service login timeout INFO WARN success stop timeout timeout WARN
timeout INFO start timeout DEBUG failed WARN database service cache DEBUG
ERROR success failed cache request service
logout login service login timeout login request response DEBUG service request WARN cache connection
service INFO WARN request request DEBUG response DEBUG stop connection ERROR
login database stop login success start WARN timeout WARN connection start service DEBUG WARN
database connection logout INFO request service service success response
failed service response response WARN login failed logout login failed
login WARN stop DEBUG ERROR failed request timeout database connection
database ERROR logout response login DEBUG
failed service connection failed connection database success cache failed timeout start
login cache WARN cache request
response timeout cache logout logout logout start
service ERROR logout WARN DEBUG login
response request connection success cache timeout connection login failed cache ERROR response INFO
start logout response INFO timeout cache
login ERROR cache service start timeout failed cache WARN service
DEBUG start success stop start timeout logout
success cache request success response ERROR failed service DEBUG WARN
success response login database connection
connection logout timeout failed connection DEBUG cache request start request WARN stop
DEBUG cache WARN DEBUG start failed INFO logout response response cache DEBUG service DEBUG
request login start cache database response stop request request
login WARN INFO logout service cache
DEBUG login WARN cache cache success response database response
ERROR cache database INFO cache start ERROR login DEBUG request INFO timeout
DEBUG ERROR timeout request response cache
failed start logout WARN logout cache login success success DEBUG
start failed connection request success request timeout ERROR start logout INFO failed
success response stop service WARN failed success INFO database INFO response database DEBUG start
response success service database request failed database logout failed INFO ERROR service
success service service stop INFO
timeout WARN service response cache WARN database response
failed failed connection cache WARN database login ERROR service
stop ERROR database failed connection start start DEBUG ERROR failed INFO ERROR
cache login success ERROR failed
connection cache login timeout logout
database ERROR ERROR failed timeout WARN start
success success timeout service WARN stop start failed logout start cache connection service
INFO cache cache timeout ERROR success request WARN connection cache WARN
logout response failed failed service cache ERROR cache
INFO stop login request INFO success cache request stop response service response ERROR failed
INFO start timeout ERROR ERROR request login stop failed INFO login stop database ERROR
DEBUG failed success request cache service request login stop stop cache
logout cache response success login
ERROR DEBUG failed connection logout
DEBUG ERROR database start INFO logout response DEBUG logout success start connection stop
stop logout connection success logout start service connection response
request timeout DEBUG connection logout timeout
logout stop WARN request WARN login ERROR ERROR cache WARN cache
timeout service cache WARN failed INFO login DEBUG ERROR timeout connection INFO ERROR
stop logout WARN connection failed service ERROR logout stop success
logout connection start request request connection stop response WARN stop
DEBUG success failed start failed response success stop service WARN success
service DEBUG request failed connection response logout response start DEBUG cache cache
timeout DEBUG request login request success DEBUG response stop DEBUG DEBUG DEBUG service logout
login timeout service connection login request stop cache DEBUG database stop stop
cache WARN cache service failed failed WARN failed
timeout service timeout start service database login login DEBUG ERROR success ERROR stop
response login response stop WARN stop logout INFO WARN DEBUG failed start success WARN
failed logout response ERROR ERROR
WARN success cache login ERROR INFO
success database WARN logout cache INFO success
request service request stop WARN success stop ERROR
stop timeout logout cache INFO ERROR
cache database timeout INFO success request logout request DEBUG stop response response timeout
service WARN logout DEBUG request stop WARN INFO failed
service INFO logout INFO logout WARN logout success login timeout database
cache service login ERROR success database logout INFO service logout success
request database start stop login connection WARN login database request
connection start failed service service failed ERROR database cache failed start INFO failed
login failed login WARN logout
WARN response response database request
DEBUG timeout request request database logout failed timeout service cache
logout connection WARN service start service
service ERROR stop logout cache success success request connection
start connection database login success WARN
start start cache failed DEBUG service ERROR response
timeout database stop cache WARN database request timeout start logout request
login timeout failed success start service response timeout INFO service ERROR
WARN logout start ERROR logout start failed logout connection stop cache logout timeout
service INFO start INFO login start DEBUG logout database request database failed stop INFO
logout DEBUG success response response timeout failed cache response timeout success timeout
cache stop timeout logout logout timeout service service success logout ERROR timeout
service stop response cache start start stop cache request request response login
response database DEBUG INFO stop logout
success login ERROR database INFO logout response WARN stop failed response
ERROR DEBUG connection timeout connection cache service response timeout connection login
service start timeout success stop logout
failed success DEBUG INFO DEBUG login failed connection start cache failed
failed WARN INFO timeout connection response success service connection logout request service
response login service success INFO stop response logout ERROR connection
cache DEBUG timeout success failed login stop WARN database timeout database INFO
request WARN WARN service DEBUG start logout service success connection WARN
timeout WARN request database connection database database database
response success success response start INFO DEBUG failed INFO DEBUG cache response
request logout timeout service login service ERROR WARN cache service stop response INFO response
timeout WARN WARN ERROR start logout request request
logout cache login connection database failed failed DEBUG request DEBUG DEBUG
WARN service success connection login stop start
INFO request timeout database DEBUG success ERROR failed ERROR start ERROR
failed timeout stop login service DEBUG INFO failed login stop
INFO success DEBUG service logout logout failed
timeout start DEBUG database start failed start login
INFO logout success success ERROR stop logout
DEBUG database start start success
INFO service success INFO start service login timeout
start request DEBUG success request cache
WARN request database INFO service stop failed database timeout service stop database INFO ERROR
timeout DEBUG DEBUG database timeout stop logout response stop request logout
timeout logout database login ERROR INFO ERROR database logout connection failed start request
WARN connection response response logout timeout success
timeout logout database login start database DEBUG WARN success success logout INFO WARN
connection cache start DEBUG response WARN
ERROR WARN login WARN service request success service connection timeout
logout timeout logout connection database login INFO failed timeout failed ERROR INFO DEBUG WARN
stop success database stop database
start database stop start INFO connection stop stop response cache logout failed DEBUG DEBUG
WARN success database cache success success INFO DEBUG login cache login response INFO stop
response login response logout start login
WARN service ERROR INFO connection success logout DEBUG connection INFO
login connection service success ERROR
stop timeout response service connection start DEBUG WARN failed
cache login cache cache connection connection cache
start stop database response success timeout INFO request service database service
login ERROR request DEBUG login ERROR login login cache service response
INFO request WARN database start
login login timeout logout ERROR DEBUG logout cache logout stop ERROR
logout success WARN failed response service cache failed DEBUG success success INFO response DEBUG
response timeout login database ERROR response ERROR stop cache INFO connection WARN
ERROR response request WARN DEBUG request stop timeout
request service response logout service
DEBUG login success start ERROR start
WARN response WARN start login database database success
DEBUG connection INFO response response DEBUG INFO cache DEBUG WARN WARN timeout
service cache login cache stop request logout timeout
service start service login success database connection DEBUG
timeout DEBUG cache database connection request DEBUG connection login logout connection cache database
cache timeout WARN login service
failed login success request service
success start failed ERROR ERROR stop
request stop start response start INFO start timeout timeout ERROR response DEBUG success response
timeout failed DEBUG ERROR request INFO
request service cache request response login success response database success
DEBUG cache cache service timeout start stop failed DEBUG start connection database database
INFO DEBUG DEBUG WARN ERROR stop ERROR database DEBUG
ERROR database stop DEBUG cache WARN WARN stop logout
stop logout stop response login
database connection INFO response service timeout INFO stop WARN ERROR response response
login database database logout failed start service connection login INFO database service cache
database request INFO ERROR database request
success login ERROR cache request database ERROR WARN
logout request connection WARN response ERROR DEBUG request connection
start service cache timeout start WARN logout service logout cache connection
timeout INFO ERROR database INFO request timeout login start success service database DEBUG
INFO service DEBUG login request DEBUG service connection response response
stop response response WARN stop service response INFO service
request logout failed failed request login failed ERROR start
response stop INFO failed response DEBUG ERROR INFO WARN cache
request service stop ERROR database connection database service WARN
login request cache stop request database response
timeout login timeout logout timeout success stop cache stop DEBUG success DEBUG
ERROR service stop success success response connection login login timeout response INFO
failed connection service ERROR timeout logout failed success connection logout database connection WARN INFO
ERROR cache timeout login INFO login cache
DEBUG INFO failed DEBUG start stop logout service response INFO start timeout success
logout ERROR stop database INFO cache
INFO DEBUG request success connection WARN cache INFO connection response logout timeout
failed database service ERROR request logout stop request service WARN logout
WARN start service login service stop start request database login cache
start WARN failed success start WARN stop response failed logout
failed cache failed logout start WARN database cache database service request
DEBUG connection connection stop response DEBUG ERROR
login success cache stop logout logout failed INFO stop
start database connection service response response connection login failed service failed INFO stop request
login success database database request WARN DEBUG DEBUG INFO
connection request start WARN timeout connection timeout success
start DEBUG success login service service INFO login WARN success
login timeout WARN DEBUG success success failed WARN connection response ERROR failed
failed connection service logout failed database WARN ERROR login
INFO request ERROR start connection
timeout failed cache cache failed success logout
start cache request connection INFO WARN database service INFO
WARN timeout database connection failed start stop
ERROR response timeout INFO logout success success failed start stop cache ERROR connection timeout
cache DEBUG INFO INFO connection start request service response
start response stop login success service
service WARN stop logout logout request INFO INFO cache connection request
ERROR request ERROR database request logout success request timeout success cache start response start
WARN connection connection stop connection start success success service connection login connection logout
ERROR WARN request request connection login service connection WARN logout DEBUG INFO
database database WARN DEBUG ERROR request timeout logout success response failed DEBUG
timeout start request failed WARN INFO DEBUG logout timeout response
INFO connection INFO connection timeout response start
timeout failed WARN request request DEBUG DEBUG
stop failed INFO DEBUG DEBUG start cache login cache
success WARN cache database DEBUG failed login failed
database connection start login failed ERROR database cache success login service logout login logout
database INFO logout INFO timeout logout stop database response
logout ERROR failed logout ERROR INFO ERROR response database DEBUG stop timeout start
connection stop login start success stop WARN logout ERROR database timeout ERROR DEBUG ERROR
connection stop failed timeout DEBUG WARN stop success
WARN response start connection request connection service request service INFO INFO
DEBUG DEBUG WARN start INFO failed ERROR
stop response stop INFO response cache connection service timeout
response connection logout INFO WARN database login service stop stop timeout
DEBUG connection INFO service failed start database connection DEBUG WARN WARN database failed stop
response DEBUG start stop ERROR login stop connection cache service INFO
cache service response login stop
failed WARN failed WARN request timeout ERROR failed logout database timeout
timeout WARN service stop cache
timeout timeout INFO success login
request failed failed success connection cache failed service INFO INFO database start timeout
cache stop WARN response database failed INFO
timeout timeout login ERROR login service login failed INFO success connection login cache
request response failed logout login database connection success request cache response response request start
INFO timeout service response cache logout DEBUG login WARN connection INFO ERROR response cache
login login logout response database
success login request service logout timeout response success request service connection timeout
logout login response response stop connection WARN success timeout
start logout database stop failed login WARN response success connection timeout
success timeout service request ERROR failed response database login logout INFO failed login database
database timeout request database DEBUG logout cache failed response logout connection failed cache WARN
service login logout failed service service connection service response connection login DEBUG
connection service DEBUG success request service INFO request DEBUG stop login timeout
failed cache request start DEBUG WARN connection start success timeout connection response
WARN login ERROR cache failed
database INFO stop INFO request DEBUG DEBUG DEBUG ERROR logout connection
cache database connection database failed failed cache service DEBUG success request start connection ERROR
response WARN response logout logout connection
logout database login connection database
logout service stop service stop failed failed login
timeout stop success connection logout stop timeout
stop stop success login connection cache WARN INFO connection DEBUG service timeout start logout
service stop service timeout request failed logout request connection failed WARN WARN DEBUG
ERROR response start login request response WARN request logout logout login
connection DEBUG start success login response
service service ERROR service cache request request
response stop stop start WARN stop
request response logout database response login database DEBUG failed service success INFO timeout
start connection INFO connection failed login
connection request DEBUG DEBUG stop database logout request logout
success cache stop stop response ERROR stop DEBUG
timeout connection response cache success ERROR stop stop stop
WARN timeout connection logout response database start DEBUG ERROR success INFO ERROR success request
cache failed INFO response login success INFO cache success stop
failed database service request failed DEBUG database success start logout start DEBUG ERROR
logout login response start cache cache ERROR start failed
failed database WARN ERROR response connection service database logout INFO request response start start
start failed ERROR database INFO
database stop stop logout DEBUG
stop cache DEBUG timeout INFO response request
service timeout DEBUG cache service service success
success DEBUG timeout failed request DEBUG logout DEBUG stop connection logout timeout
cache DEBUG ERROR ERROR login
timeout login stop service response DEBUG
WARN database stop cache stop failed WARN
database response database logout DEBUG INFO connection ERROR failed
logout failed connection service response INFO database stop logout database DEBUG timeout
cache ERROR response WARN database
stop login connection start cache logout response
logout database database database ERROR
stop database logout logout service ERROR INFO INFO ERROR stop WARN timeout
success response response response ERROR login request
logout failed start WARN DEBUG cache ERROR request logout ERROR success WARN success ERROR
start WARN INFO database start failed failed DEBUG ERROR request request DEBUG stop
timeout start database INFO failed success response response connection connection
start success database response timeout database
connection database INFO login cache WARN login timeout connection login failed start INFO
success ERROR WARN WARN login WARN login timeout
service login ERROR logout start start success start
database start connection response ERROR failed login login service response failed
WARN login start timeout service INFO timeout
response ERROR service failed INFO
service start service connection service INFO cache DEBUG success login request database
database stop connection DEBUG logout response service request cache database WARN
login logout start response stop response service service request login service INFO login response
request stop ERROR ERROR WARN DEBUG
response connection connection logout cache request database INFO success
request login ERROR database service DEBUG
response login connection connection request WARN cache DEBUG success INFO success request
success failed timeout request timeout
login success response cache response stop success login
response WARN ERROR service WARN WARN
failed WARN timeout failed start success cache request
timeout timeout INFO connection start logout
cache start stop ERROR stop ERROR
login DEBUG connection service connection stop
stop WARN DEBUG response WARN success database DEBUG
start timeout request service logout stop failed
stop DEBUG response failed service failed request ERROR connection request success
DEBUG cache DEBUG ERROR timeout
INFO response success database WARN request
cache failed success DEBUG connection login ERROR connection service ERROR failed start response
logout WARN logout WARN response INFO login cache database
stop DEBUG success ERROR ERROR INFO request timeout ERROR
INFO WARN INFO failed success database database DEBUG start start WARN cache
DEBUG response service DEBUG cache
success failed request DEBUG DEBUG cache request WARN request logout WARN success
request ERROR INFO cache database connection stop timeout connection timeout WARN INFO
request success timeout ERROR timeout ERROR stop stop
cache logout database connection timeout DEBUG login stop timeout logout start ERROR
database connection request request failed
WARN failed INFO login failed logout INFO login connection response INFO response logout
DEBUG ERROR DEBUG database service connection response
cache cache ERROR start INFO request success database response connection success
connection response database failed logout stop
DEBUG service start stop database service request logout
service timeout request DEBUG timeout WARN request response cache response ERROR
DEBUG request connection ERROR ERROR DEBUG timeout start start logout login success WARN
failed connection WARN cache service service stop connection database
timeout INFO login database request
start start DEBUG failed INFO start response DEBUG start DEBUG
service ERROR request success cache logout login service connection connection connection request INFO
login request start login ERROR INFO WARN start logout service DEBUG failed INFO
ERROR timeout service start start login timeout timeout database login response ERROR
start start DEBUG database service logout failed logout failed WARN request INFO
success start connection INFO request database failed INFO success connection service database
connection response logout failed request request service
ERROR failed database login database response service cache
failed start timeout success response timeout ERROR DEBUG DEBUG success INFO cache
INFO logout DEBUG WARN connection DEBUG ERROR failed DEBUG
start start stop connection INFO ERROR service ERROR login
ERROR login DEBUG timeout start connection success database service success INFO
response stop request INFO stop timeout request service service
service success database WARN ERROR DEBUG WARN response service start start cache request
ERROR failed service INFO start failed WARN DEBUG service cache timeout stop
DEBUG logout success logout response connection cache success
cache success ERROR database response response logout start DEBUG
INFO stop success login ERROR DEBUG login request login start service service
timeout timeout cache response ERROR database service INFO database start INFO response database failed
DEBUG service service INFO login failed stop database service ERROR cache response database failed
timeout logout ERROR failed start database
service login service timeout database DEBUG connection database INFO
request timeout success logout stop start database INFO stop database connection
DEBUG request response login failed
stop ERROR timeout response start request login ERROR
response logout DEBUG request DEBUG WARN login request start
logout service login timeout timeout database logout service INFO
request response failed failed DEBUG ERROR ERROR failed request WARN logout request ERROR
timeout login response service service INFO logout stop
stop login INFO database timeout INFO INFO database
logout timeout service start INFO login service start
success start response logout DEBUG request success request request response request service cache cache
request service cache response INFO response
WARN cache logout login response stop service
logout success start login service start DEBUG
DEBUG database stop failed start request start cache request database service service cache WARN
INFO WARN connection login WARN INFO failed INFO login response timeout
failed timeout ERROR connection connection response timeout logout logout stop connection ERROR INFO timeout
success DEBUG database ERROR service database service start
response cache service login failed failed WARN login request ERROR
service ERROR response INFO INFO database logout connection WARN success
cache logout service database start login cache
success failed logout timeout timeout start service start database
failed WARN stop INFO WARN WARN cache request database success connection
failed logout cache DEBUG cache login logout
ERROR logout failed request database logout login request
timeout connection database request stop success cache login cache cache connection timeout DEBUG failed
service success success timeout service database success WARN service connection cache success stop
WARN response database logout response
database connection service login ERROR ERROR DEBUG DEBUG timeout INFO
login start success INFO login failed cache success database logout logout ERROR timeout failed
request response DEBUG stop WARN failed connection success WARN INFO cache logout cache INFO
start service service WARN WARN failed login ERROR timeout stop service response
ERROR service connection response INFO cache request connection database database
DEBUG connection service WARN WARN cache logout start login
service start stop DEBUG failed stop WARN request WARN database INFO failed stop start
request DEBUG DEBUG response response request WARN
INFO timeout INFO WARN failed success timeout DEBUG success request WARN timeout
failed INFO INFO failed stop connection success INFO WARN stop
cache timeout ERROR request INFO INFO service DEBUG cache DEBUG ERROR request response
connection INFO request request start
login timeout start login INFO logout success failed connection ERROR
cache success INFO stop success logout failed database request success database
DEBUG stop WARN success service DEBUG connection logout logout DEBUG database response
service request failed connection ERROR failed connection request INFO
logout success start logout ERROR response DEBUG INFO timeout success logout start cache ERROR
success logout logout login response start response
success DEBUG database ERROR database connection failed login response connection timeout
WARN failed logout response ERROR logout service failed WARN request
service database timeout stop request success ERROR ERROR WARN success request DEBUG
request DEBUG WARN service cache login
success cache request cache cache DEBUG INFO connection
service login service response DEBUG response timeout
start database connection success WARN logout timeout INFO connection DEBUG service
login INFO start response ERROR timeout
start WARN logout cache logout service WARN logout
ERROR logout timeout request request login response success
DEBUG service logout timeout connection
success service cache login WARN
stop request database failed stop service DEBUG start service connection login failed connection request
logout DEBUG service failed request
start start DEBUG request login success success ERROR request response
request INFO failed success WARN timeout cache failed timeout response
WARN INFO DEBUG service failed DEBUG service login start logout ERROR response INFO
service WARN failed failed ERROR response INFO request database failed
INFO INFO connection timeout response start ERROR start service
stop INFO database response connection stop INFO response stop DEBUG ERROR logout ERROR
request request logout failed ERROR request timeout WARN
connection request login DEBUG ERROR INFO cache request database success stop INFO login DEBUG
ERROR INFO WARN failed ERROR
connection login request cache WARN stop DEBUG
WARN login start logout success DEBUG request service WARN WARN WARN failed service success
INFO connection stop logout stop
response connection connection DEBUG request database timeout start INFO timeout
ERROR WARN service start failed logout connection DEBUG logout DEBUG connection WARN start database
database WARN service timeout WARN WARN WARN response response WARN service
DEBUG connection connection request ERROR stop WARN timeout request start DEBUG ERROR request connection
cache connection DEBUG DEBUG database login database INFO
logout service INFO start login connection logout
connection ERROR login WARN WARN logout service failed WARN database
INFO connection DEBUG service connection service stop response logout start response connection failed
cache login database request request
request service INFO service DEBUG INFO cache
database DEBUG login login DEBUG connection start cache login service
ERROR login service DEBUG cache connection
logout connection database logout connection
login INFO WARN logout timeout login response cache timeout DEBUG stop cache request ERROR
failed request cache response cache service timeout response
start INFO service INFO start request database service database response request logout
connection stop logout success stop failed start start success ERROR WARN database database WARN
request response success DEBUG connection stop login service failed timeout database failed timeout
WARN start success login connection start stop
response INFO service ERROR service WARN service request
timeout stop cache timeout start success stop
start cache service WARN DEBUG WARN response INFO
stop connection start database service response INFO start
response DEBUG ERROR login stop database cache success start logout WARN
request logout success DEBUG timeout stop login service login response cache connection
stop database success success success login success cache login login response
start login success WARN failed timeout DEBUG WARN connection WARN
service service WARN service login INFO request start response DEBUG failed start success connection
response success database failed failed response
login timeout ERROR login login service
failed request success service request DEBUG connection service database failed WARN connection
login connection success request response
connection start database failed cache
success response timeout connection timeout failed timeout request response database
start stop timeout stop WARN service logout response response stop
logout login failed success DEBUG start DEBUG login cache ERROR start DEBUG connection ERROR
success database start logout success connection failed request
service start response connection ERROR WARN request
failed start stop failed timeout connection timeout database response request request connection
stop login ERROR service start WARN database response login DEBUG
ERROR stop connection response timeout WARN failed
start success failed login response stop logout timeout service request INFO response INFO DEBUG
service cache failed cache success request DEBUG DEBUG stop DEBUG
success INFO database login success DEBUG database database success cache
logout WARN WARN database ERROR WARN
INFO failed cache login DEBUG start response connection stop login success service login
database success logout logout DEBUG
cache INFO ERROR database WARN timeout start
ERROR success success success cache
stop ERROR response response success
failed stop cache service cache WARN DEBUG
timeout database connection timeout cache failed service response
logout start cache start cache timeout login timeout DEBUG failed request
failed service service cache connection ERROR
login login request database ERROR service
database ERROR cache login failed INFO ERROR database WARN
database service failed service service ERROR start start request database failed
login cache stop stop ERROR database stop failed ERROR response database database DEBUG
cache request failed stop service ERROR service request INFO service INFO stop
login start database INFO failed timeout request database
failed failed timeout start timeout response
database WARN request timeout start
ERROR response database database failed
database INFO service INFO response success
start DEBUG stop success response logout INFO success cache INFO service database request WARN
WARN request success timeout INFO
stop WARN cache request cache timeout DEBUG start connection start
login login ERROR success success cache service ERROR database timeout success
start stop logout stop success stop INFO start WARN DEBUG logout
cache INFO success WARN ERROR INFO cache cache stop service
cache cache service start response logout connection WARN database INFO
ERROR cache timeout cache success logout
failed DEBUG DEBUG cache timeout login connection connection stop ERROR WARN response response
response success INFO DEBUG connection request cache response request logout ERROR response timeout login
connection timeout response start DEBUG start ERROR response database start logout request
logout database service logout request request login start
ERROR database DEBUG logout INFO ERROR start stop request INFO failed
DEBUG request login DEBUG logout cache WARN stop start request DEBUG
failed DEBUG database login request WARN request
response start logout success login failed connection connection stop logout connection
stop timeout database DEBUG DEBUG request response response connection timeout
DEBUG DEBUG request INFO stop
request WARN WARN logout logout service connection timeout login logout INFO success
service service DEBUG WARN ERROR ERROR DEBUG logout stop service request response database logout
start stop DEBUG database response stop connection request DEBUG
timeout database success WARN cache ERROR request
success ERROR response failed failed login cache service
stop response request request timeout cache response logout service
WARN request success cache start database failed cache
logout response INFO start ERROR request cache stop connection request timeout failed login INFO
success service login response WARN start cache failed INFO
ERROR logout success login response connection stop
INFO response service WARN cache success request
stop login failed ERROR database
start database logout request failed login INFO start cache DEBUG success response
failed success response ERROR login response ERROR logout logout INFO service stop cache
cache INFO INFO connection success cache timeout
timeout database DEBUG success DEBUG logout WARN connection logout login ERROR logout start
success WARN cache stop stop failed DEBUG failed stop
cache stop INFO timeout login ERROR service success success service cache
login failed timeout INFO stop start logout WARN response failed database response start success
failed timeout database INFO stop failed cache failed database timeout timeout
logout connection timeout DEBUG timeout stop logout failed service WARN response login DEBUG
INFO timeout stop INFO login failed stop
timeout connection stop INFO connection logout timeout DEBUG database timeout INFO logout logout
WARN database database connection service cache response DEBUG success response
connection login failed success success cache INFO INFO WARN
INFO INFO logout WARN connection login cache request logout logout connection failed DEBUG connection
logout success response failed request connection start connection
connection response WARN database login DEBUG response start database start
stop start cache WARN login database connection database stop request ERROR ERROR timeout
ERROR DEBUG failed stop login
success response ERROR request WARN success stop database DEBUG
success WARN success ERROR success start logout timeout DEBUG start service success
database INFO stop INFO INFO DEBUG logout start logout timeout INFO connection INFO login
DEBUG response service WARN service start failed
start timeout database success database ERROR database timeout failed
success DEBUG ERROR connection stop stop WARN WARN connection start
DEBUG start service timeout stop service cache database start response
timeout failed success cache cache cache logout ERROR database INFO request INFO DEBUG service
response response response DEBUG cache INFO login start
INFO ERROR start cache WARN
cache service database failed success success failed stop database logout database DEBUG logout connection
ERROR WARN WARN WARN logout database DEBUG logout
timeout login response connection database request timeout response connection connection service DEBUG stop service
failed request service response ERROR request cache connection
cache start response timeout timeout INFO ERROR start database ERROR failed login
request INFO service INFO cache WARN timeout
login success start response INFO database connection
connection failed success success success failed timeout start timeout timeout service database cache
WARN ERROR service WARN INFO cache connection cache success response failed response connection connection
login logout failed ERROR stop login failed database
timeout failed ERROR connection success success
ERROR service service service failed ERROR stop
WARN cache WARN start service response database service INFO connection logout request cache
INFO WARN DEBUG success INFO failed request database timeout connection success login
login ERROR DEBUG logout success WARN timeout database WARN INFO ERROR INFO timeout
request database response stop response ERROR connection cache login request logout
logout request connection ERROR login response
WARN response DEBUG DEBUG ERROR connection database request WARN timeout login login stop
response WARN request timeout database
request DEBUG login logout request cache DEBUG DEBUG start login
start INFO DEBUG login timeout WARN
DEBUG service success login stop service INFO login stop ERROR start cache database
connection login success DEBUG response request response failed INFO INFO cache failed service login
WARN WARN INFO response timeout DEBUG failed logout INFO logout start database service
request cache DEBUG stop start timeout login
cache logout success connection response cache response INFO
DEBUG failed login logout INFO failed database DEBUG login request request
timeout ERROR DEBUG INFO service
response INFO start INFO cache stop service INFO login
start success INFO cache success timeout database failed
DEBUG service timeout logout failed DEBUG cache cache success start logout
timeout stop INFO response WARN success response DEBUG logout failed login response
timeout cache connection service logout
start ERROR failed success DEBUG stop request WARN logout DEBUG cache service logout WARN
cache login cache success login WARN login failed response response login
INFO ERROR service request request DEBUG failed failed service failed login cache ERROR stop
cache start logout stop cache start ERROR ERROR success connection success success ERROR
ERROR failed ERROR request connection WARN service logout response WARN timeout INFO cache WARN
login request INFO ERROR WARN database timeout ERROR failed DEBUG stop INFO
INFO service login DEBUG database ERROR login logout cache
login response stop timeout WARN connection request connection logout cache failed request
ERROR response stop WARN success database failed timeout ERROR service start timeout database timeout
failed success WARN start DEBUG failed connection
login login failed stop success cache stop request ERROR stop INFO
DEBUG request success connection request
request success success request service ERROR DEBUG start stop
database success request start login WARN success
WARN request INFO cache login failed request failed database response
request failed service connection response request stop WARN service success cache success logout service
login INFO INFO stop login
DEBUG cache connection ERROR WARN DEBUG success
stop cache ERROR start timeout
ERROR database cache DEBUG service ERROR WARN DEBUG start stop timeout
timeout database database failed INFO ERROR success stop stop DEBUG DEBUG login
request cache INFO login WARN
database INFO failed start response service DEBUG success service timeout DEBUG login logout
failed service timeout logout request database
INFO stop request stop success failed DEBUG INFO failed WARN login
timeout response stop failed service start stop database
database cache logout timeout stop timeout failed request stop WARN request connection
timeout service ERROR success WARN INFO connection
response response timeout INFO request INFO cache INFO timeout
login ERROR start stop success service ERROR success logout request
cache login service login DEBUG INFO INFO start service connection ERROR success DEBUG INFO
ERROR start database response ERROR ERROR INFO logout
timeout start login timeout stop timeout start connection WARN timeout success connection stop
WARN success success cache login timeout stop start stop
ERROR response DEBUG login INFO success INFO database cache connection logout
DEBUG ERROR timeout cache cache login timeout response DEBUG login response logout logout response
stop INFO DEBUG cache timeout cache
DEBUG DEBUG cache DEBUG WARN connection DEBUG database WARN connection ERROR
cache response failed response cache success start INFO success database connection logout
timeout start service database ERROR failed stop service request service cache INFO request failed
INFO connection WARN success response response success service start ERROR
timeout DEBUG start cache ERROR stop DEBUG
cache INFO request DEBUG failed WARN ERROR DEBUG service service DEBUG logout
DEBUG connection INFO logout start success success WARN logout start
DEBUG service database login WARN service INFO
database failed connection failed timeout failed logout service database cache
response stop database failed INFO timeout failed service request logout failed
cache service WARN DEBUG service service INFO timeout login connection database connection request
stop service service login request logout response request connection login
failed WARN request connection service DEBUG service connection response ERROR success
request success start failed stop database
failed DEBUG DEBUG timeout response ERROR
start database stop success stop connection timeout ERROR start start
response success INFO response database ERROR response INFO start DEBUG
ERROR success start WARN login request service response response request database INFO
DEBUG logout connection INFO database connection response database login start
cache service connection logout success timeout request response logout
login cache ERROR stop WARN failed failed failed
timeout stop connection INFO database WARN connection start request service login
stop failed connection start login failed database service timeout
cache ERROR failed stop request logout request database success request
database login request login request
failed logout service success success WARN service stop database WARN
start failed DEBUG INFO start success DEBUG response
database login success INFO cache WARN
timeout service ERROR start DEBUG INFO WARN login cache stop ERROR connection service service
DEBUG login success WARN service
logout INFO timeout start database timeout logout INFO service request stop login ERROR
cache response request connection logout service success request
success login DEBUG cache login cache login logout login
INFO WARN DEBUG start WARN stop timeout timeout failed
request start database connection service WARN service ERROR
login INFO failed failed stop cache ERROR INFO
INFO WARN WARN WARN database timeout timeout response stop cache connection failed INFO
request failed logout connection cache failed login INFO DEBUG
logout cache connection start WARN logout response timeout connection ERROR connection logout logout failed
start request login stop database response
logout stop login timeout login connection ERROR stop timeout service
success logout login failed connection database start DEBUG WARN response database INFO connection
success WARN database start ERROR ERROR ERROR login logout
login connection DEBUG database request success INFO INFO database start login response request failed
DEBUG service cache INFO connection request ERROR logout
cache logout stop request database failed failed response success
login stop request response connection database logout database start WARN timeout INFO
database response connection cache INFO start request database success INFO logout
logout failed stop request response WARN failed
failed WARN WARN timeout success DEBUG DEBUG WARN
logout request response request INFO service success DEBUG service
INFO start ERROR database DEBUG logout
cache database response database response logout stop connection login cache DEBUG WARN start ERROR
success timeout request logout INFO request start
logout stop cache response stop cache WARN
logout connection service stop database
logout stop success success start
INFO logout timeout failed start service INFO service cache login timeout request login
stop DEBUG database database connection timeout WARN service success service request connection cache INFO
failed database request INFO database cache logout request response stop login
response database ERROR logout INFO INFO connection database INFO stop INFO
cache connection start database response login database login
start ERROR DEBUG logout response start
database start ERROR failed login request cache connection
WARN database DEBUG WARN login database timeout failed database database
start ERROR login DEBUG connection failed WARN WARN cache
timeout stop DEBUG failed logout logout stop stop
cache service start service start service WARN WARN cache request start WARN
service login DEBUG success start timeout DEBUG DEBUG stop login logout ERROR stop failed
WARN success cache success ERROR login request start failed response response database INFO stop
cache service service response start login ERROR service cache
DEBUG stop failed timeout timeout stop ERROR cache cache failed
ERROR response stop DEBUG INFO start connection DEBUG INFO ERROR response start DEBUG timeout
logout stop login stop database database
database WARN failed failed timeout
service INFO stop INFO DEBUG stop timeout stop logout response timeout
start request timeout service failed response timeout logout database response login start
WARN INFO response response login
database cache connection database cache logout response ERROR response stop WARN
success WARN service DEBUG database ERROR WARN database timeout cache cache connection
ERROR stop login INFO stop ERROR connection login
stop service login DEBUG failed logout service
ERROR timeout start success logout service failed logout request request stop stop ERROR timeout
WARN INFO DEBUG request start database login stop
failed failed cache request INFO request
DEBUG failed database DEBUG start start stop service failed stop success response
INFO stop timeout failed success ERROR DEBUG INFO start
service success INFO logout timeout DEBUG login response connection success ERROR response
ERROR INFO INFO request timeout success WARN WARN service logout service INFO connection INFO
success success WARN timeout service logout INFO timeout ERROR timeout WARN stop
WARN logout connection failed database start request timeout response WARN service
timeout login request failed stop INFO service success
response stop stop stop response response INFO stop request start failed
request INFO success failed response database logout
database cache request DEBUG request
service connection DEBUG timeout request DEBUG start service DEBUG logout DEBUG timeout success
start logout timeout database start failed failed response service DEBUG INFO login cache database
WARN database database DEBUG start failed INFO service success success timeout ERROR failed
INFO failed response cache logout request ERROR success cache
failed service database INFO response failed success ERROR stop database DEBUG DEBUG
WARN WARN login DEBUG ERROR request
INFO DEBUG stop service ERROR DEBUG login
service stop failed service request response response response connection DEBUG timeout stop
database start WARN WARN start failed WARN logout
DEBUG cache logout request database failed connection start stop
start logout INFO cache cache start stop logout database database request request DEBUG
request start login start failed WARN
failed DEBUG database cache ERROR
failed INFO login cache WARN cache request logout service INFO failed connection timeout
stop DEBUG failed connection database DEBUG INFO
INFO DEBUG login WARN connection success stop database login service start login cache
DEBUG WARN ERROR timeout start DEBUG request INFO failed start stop
DEBUG database response response logout WARN success
logout start WARN start success timeout success
DEBUG start request logout cache start login success response failed success WARN
success ERROR ERROR timeout failed start service connection DEBUG INFO success cache
database DEBUG start DEBUG login connection success timeout timeout start WARN timeout
response INFO login INFO response response INFO
DEBUG cache connection success login
cache service service request INFO success WARN DEBUG service stop WARN logout stop
request request ERROR connection service logout INFO logout WARN failed start cache WARN
login success success request success logout database connection
start cache service DEBUG request cache
request request DEBUG response connection success failed response
failed ERROR WARN connection service failed cache response start database database timeout service
WARN connection failed login cache cache stop
WARN response timeout cache failed request service INFO service request start start response
DEBUG success service success logout failed timeout failed WARN
failed login database INFO ERROR request failed success database logout
failed start cache response stop response
database response success start cache database database INFO
start database stop database ERROR
ERROR response connection WARN stop ERROR logout connection DEBUG WARN DEBUG database database
database WARN database database failed WARN DEBUG DEBUG connection failed DEBUG request
stop success success WARN cache database WARN start logout DEBUG database stop stop start
cache start response WARN INFO success request database
cache logout cache cache success timeout stop timeout WARN
failed failed start request success ERROR request timeout success login
start ERROR service stop cache timeout connection connection success stop logout connection logout
service ERROR request WARN DEBUG
WARN timeout database cache success database timeout DEBUG
login login service WARN database
connection response DEBUG DEBUG request INFO cache login timeout ERROR DEBUG stop
start stop DEBUG request WARN service login
login stop success login database cache request
connection login failed stop login login
logout database success start DEBUG connection
start connection request timeout INFO
logout stop ERROR success stop request WARN logout logout ERROR connection request service
failed failed failed timeout failed response start
request DEBUG logout failed connection timeout connection success
service connection logout failed start logout
database stop logout start ERROR response response
WARN success response ERROR INFO login timeout success database success logout login
DEBUG request DEBUG INFO success timeout request failed response INFO database service
ERROR service WARN request timeout DEBUG INFO timeout service stop WARN
service logout service login start response connection request
INFO ERROR connection INFO logout timeout service logout connection login request DEBUG
logout timeout ERROR connection login WARN success logout
database start WARN database service
service DEBUG response login timeout failed DEBUG login database success cache request stop
WARN WARN success start timeout INFO timeout ERROR cache database service database DEBUG
WARN request failed cache response connection start cache database WARN request failed connection service
WARN DEBUG response start INFO logout request logout success timeout
service failed start database failed connection service service
stop INFO INFO cache success INFO timeout database ERROR INFO stop timeout service
success failed failed login logout
cache success logout stop cache
success success response success logout WARN INFO timeout cache
response logout timeout login timeout login cache
WARN connection request failed stop success INFO response failed ERROR timeout service login WARN
start WARN database WARN success start success response database database request connection INFO logout
cache start logout INFO connection INFO DEBUG
success WARN INFO timeout ERROR WARN timeout success failed failed WARN logout start INFO
ERROR start DEBUG WARN timeout
WARN connection service failed INFO database WARN
cache login INFO stop DEBUG
start login service stop ERROR ERROR cache WARN success login WARN response INFO connection
logout start request WARN connection WARN DEBUG request success service
connection database timeout service request ERROR database INFO start login failed connection login
start request failed WARN success cache stop response INFO database
response failed logout request database failed connection logout cache
ERROR response stop connection DEBUG
stop service WARN timeout request request database WARN timeout response logout service
stop cache service logout ERROR cache WARN login connection request INFO response DEBUG
success success WARN stop connection
INFO request INFO stop failed logout service timeout stop WARN
connection response request stop INFO response cache start request login service
DEBUG INFO DEBUG WARN DEBUG login
ERROR logout login success start ERROR DEBUG service WARN
login connection logout logout service
start timeout stop success failed stop start logout failed
service success login timeout service service connection logout logout connection
ERROR logout request INFO database success request failed success login WARN logout database service
failed database timeout failed cache response WARN logout INFO timeout database stop response
login DEBUG start database database database DEBUG database login
DEBUG ERROR start connection database WARN start cache database service WARN login request
cache WARN request cache WARN start cache connection stop database connection ERROR
start connection request ERROR stop failed database ERROR
failed ERROR connection stop logout failed ERROR stop login login timeout
login ERROR stop DEBUG WARN response login service login
database DEBUG service logout service connection
timeout connection INFO login DEBUG stop
WARN DEBUG failed ERROR database failed response timeout ERROR cache connection cache
cache WARN logout cache database logout ERROR timeout INFO cache service database
failed WARN ERROR database cache timeout login cache logout DEBUG
INFO WARN connection ERROR success failed success WARN request login timeout
stop database DEBUG WARN DEBUG stop WARN
database login cache WARN login ERROR service service
request success service cache success request request failed cache INFO success
request login response connection success service success INFO success logout service INFO database
success start service login cache request logout timeout
ERROR timeout logout DEBUG failed stop
WARN DEBUG cache cache database stop logout cache logout
connection success failed DEBUG service timeout failed INFO cache connection success login ERROR
ERROR connection timeout failed connection logout INFO DEBUG timeout INFO DEBUG response WARN
service service success stop cache success request cache login request failed DEBUG
login cache failed start INFO ERROR failed response database WARN
start timeout failed logout start start login timeout success response login WARN DEBUG
service logout INFO success request success INFO service request timeout
stop timeout ERROR database ERROR INFO connection success
response DEBUG database failed ERROR
database start INFO cache cache ERROR WARN request start database WARN timeout DEBUG cache
request response stop start database ERROR success
ERROR response timeout start stop DEBUG database logout
timeout connection service success success service WARN failed
WARN INFO database service response service logout ERROR login
service timeout INFO connection stop success cache logout WARN
INFO logout ERROR failed response response ERROR start INFO cache DEBUG
success database database DEBUG service logout connection login timeout logout response login DEBUG
failed failed stop logout cache success start request service
response start response database ERROR timeout logout failed ERROR ERROR success success cache success
WARN service request connection ERROR login DEBUG cache success WARN start request logout
connection WARN login success cache DEBUG request connection logout stop start request timeout response
INFO connection response failed logout service login WARN logout service stop cache
WARN response login stop DEBUG cache stop stop start cache
login DEBUG success timeout DEBUG start request start connection success connection connection
database INFO stop ERROR DEBUG failed success service WARN success
request DEBUG response ERROR stop response response INFO database DEBUG cache logout success
failed cache failed login service
request login DEBUG login service database failed service service response response failed stop login
logout connection stop login service INFO cache request INFO cache ERROR start cache connection
login logout WARN start response logout timeout login service DEBUG
request WARN stop timeout stop login response service INFO stop logout WARN
database DEBUG request request request request
logout service request database success timeout WARN success service service WARN INFO stop
success WARN login failed logout ERROR database login INFO start
failed timeout response database timeout request ERROR failed
database timeout login cache ERROR logout connection timeout
database INFO stop request login request
ERROR logout timeout cache connection cache ERROR database login request cache service success WARN
service ERROR connection success failed ERROR success timeout success failed connection response success
login cache login response WARN logout WARN ERROR service login request
request connection service timeout failed timeout ERROR WARN timeout cache INFO
response request stop logout failed database ERROR cache response INFO success database failed
service cache logout timeout cache ERROR database INFO WARN ERROR logout
stop ERROR ERROR timeout logout DEBUG timeout login timeout logout failed
DEBUG success login response stop success
connection request WARN cache stop
connection cache timeout INFO DEBUG timeout start start
stop service response connection INFO logout failed timeout database cache request database
response logout INFO DEBUG database database DEBUG timeout stop service response failed stop response
logout request database success login connection response database success cache stop login
WARN logout cache connection WARN success request logout logout request database request
service login connection DEBUG cache DEBUG
WARN start start stop cache request failed INFO timeout success login cache service
service login logout DEBUG WARN connection
failed success DEBUG ERROR success WARN
cache connection DEBUG WARN connection stop request WARN connection request cache response failed cache
database timeout DEBUG DEBUG WARN login INFO failed logout
database DEBUG connection DEBUG DEBUG timeout timeout logout request DEBUG
stop WARN failed timeout response cache
INFO WARN response request failed connection start ERROR connection failed request
DEBUG connection INFO DEBUG success success request cache start response ERROR connection
login response cache stop service success service
request database service service response service success service ERROR timeout start DEBUG login
WARN response timeout DEBUG stop database timeout
response logout logout DEBUG failed service login start stop service ERROR ERROR
stop stop connection connection INFO WARN login login logout DEBUG DEBUG
start service start service request connection database DEBUG
success stop connection success INFO request response INFO WARN login DEBUG database ERROR response
success login WARN failed login DEBUG INFO timeout failed login
connection success response success ERROR database login DEBUG stop response ERROR INFO WARN timeout
logout INFO service WARN logout
