failed login service response DEBUG cache DEBUG logout INFO response success logout
WARN success response WARN DEBUG success request WARN WARN failed request timeout
stop start database connection response database WARN database response request WARN
stop login cache failed database connection DEBUG request success timeout stop
ERROR service cache success response
service INFO success login DEBUG service success connection login logout stop
DEBUG login INFO start response start INFO timeout login
logout cache request login INFO success failed start WARN request timeout failed WARN logout
connection response WARN connection stop INFO connection start INFO
stop request success success ERROR request success timeout connection timeout WARN DEBUG
DEBUG success logout timeout WARN connection database logout
response start timeout DEBUG database connection logout WARN request connection logout response
INFO response login service WARN logout timeout logout service cache DEBUG
database login logout service connection service
DEBUG success failed stop service cache database
DEBUG database timeout ERROR response service connection success login request success logout ERROR cache
service failed login timeout connection request DEBUG
stop response login request request cache response response connection login
stop request connection INFO start success request INFO response INFO database WARN ERROR
INFO DEBUG response connection cache ERROR connection service request failed DEBUG response database request
login database WARN cache request response connection database WARN service INFO success start database
logout database WARN stop ERROR ERROR
login request start logout stop response
response WARN logout cache login login start
start DEBUG success database logout ERROR WARN start stop response
response timeout start ERROR service start response service failed connection stop INFO
stop login logout service failed cache INFO success DEBUG logout response failed success service
cache timeout failed cache service login timeout database cache
WARN connection ERROR cache cache request DEBUG WARN start WARN
response response request ERROR WARN stop stop logout start DEBUG connection logout success success
INFO INFO request success request WARN logout logout timeout
ERROR cache failed ERROR INFO database
success cache login DEBUG failed
timeout success WARN login cache
start request timeout database failed
logout stop timeout connection timeout
database request database failed ERROR stop stop INFO WARN request request stop database
INFO connection ERROR timeout connection stop cache success WARN ERROR request request start DEBUG
WARN response database cache failed
INFO login login stop request request DEBUG DEBUG INFO success ERROR request
WARN WARN ERROR cache connection login cache start logout logout timeout success timeout
logout ERROR start cache success database logout
connection WARN stop WARN timeout success success response failed failed start
INFO DEBUG request timeout login logout connection cache success database failed
connection logout logout timeout response
success database DEBUG logout start INFO stop request response ERROR request
stop logout WARN service cache cache
WARN success request connection start DEBUG ERROR connection database service WARN
response database database DEBUG stop login start cache
cache logout service logout DEBUG start failed WARN success stop service response ERROR
start request response response timeout request logout start connection
timeout response logout database connection success timeout ERROR connection start cache login
success start failed service response stop login connection response cache
service request timeout request start logout stop timeout
timeout success cache failed failed logout ERROR start timeout stop logout database
failed start stop WARN login cache login timeout WARN WARN login logout connection
stop ERROR database request start WARN start timeout service INFO database login logout service
connection service INFO DEBUG database ERROR logout WARN ERROR service ERROR connection request
service service success timeout request success INFO login login request success
WARN timeout connection connection request WARN database WARN success stop
service INFO WARN connection request INFO INFO start request DEBUG logout response failed
start start start request service ERROR failed database request DEBUG WARN cache ERROR success
connection connection success stop failed stop database start
login success service ERROR request failed connection connection start
success request service timeout logout INFO login request WARN stop service
stop service INFO INFO service INFO ERROR logout timeout service INFO
login failed database service request database request success stop stop connection failed
service connection cache response failed failed ERROR ERROR response database response
INFO stop cache cache start success start INFO WARN timeout database login
service INFO start success DEBUG request database
stop response failed request ERROR failed WARN DEBUG failed response success
database ERROR WARN timeout timeout cache INFO INFO
connection request timeout response timeout response cache
cache success stop response stop timeout success timeout response logout service DEBUG success ERROR
WARN cache timeout connection start timeout timeout ERROR service
timeout INFO request request logout request login request
connection WARN cache timeout INFO database service
connection DEBUG request stop start connection
cache failed success service INFO WARN timeout DEBUG
ERROR WARN WARN timeout cache
request connection response DEBUG response failed request logout start stop
login DEBUG login ERROR INFO
response ERROR DEBUG ERROR request login stop logout INFO service connection success
response WARN logout timeout service failed timeout request response INFO ERROR INFO
login login stop success response success INFO success cache
timeout INFO request database service database failed database stop start
login database connection timeout start WARN response
login WARN success success DEBUG INFO INFO logout
request response logout start connection
service response request request request database login start request success
stop cache INFO DEBUG ERROR request request WARN login
service failed failed ERROR DEBUG service
response start failed login stop WARN
failed stop INFO login ERROR success
DEBUG failed connection cache service timeout response failed cache INFO timeout timeout success
stop response response cache service connection logout
INFO success cache failed start stop cache ERROR stop timeout
connection login ERROR service stop start connection stop start connection timeout failed
connection request request response cache failed WARN response logout ERROR database connection login database
database success ERROR success DEBUG timeout database success connection success service request
cache service logout login login database success service INFO request cache
DEBUG DEBUG WARN service service connection failed success INFO request failed failed request
success WARN logout request database ERROR logout start ERROR stop connection cache
start WARN logout INFO DEBUG logout timeout WARN stop response logout logout service
cache logout database request login failed cache timeout WARN stop request success
database DEBUG logout request DEBUG timeout INFO request logout
WARN logout DEBUG database database login service connection failed INFO logout
connection DEBUG logout cache start ERROR INFO database cache database WARN request timeout
start service response timeout DEBUG response
timeout timeout stop login logout
stop stop INFO INFO connection response stop logout start
login INFO start success DEBUG WARN ERROR response database
logout request service login INFO response start cache logout connection success INFO
request DEBUG INFO login start DEBUG request request INFO
response database service WARN connection request DEBUG database ERROR service database request request
service login start DEBUG login
request DEBUG DEBUG logout failed success request response WARN login stop request DEBUG
failed WARN success cache failed response response failed cache request
INFO request response stop request database database
INFO DEBUG timeout logout service failed
WARN failed DEBUG login login logout connection WARN ERROR
DEBUG database WARN login DEBUG DEBUG database
start service database DEBUG response success
request request stop timeout connection stop success request response
cache response stop database success database cache login WARN timeout
start connection stop connection database WARN response INFO ERROR stop timeout timeout start stop
stop success start logout ERROR INFO cache response timeout logout stop
login timeout database timeout failed cache stop start database WARN
timeout request WARN failed logout response INFO request stop response INFO INFO success INFO
connection logout database service ERROR start
logout timeout failed response WARN response timeout start logout response timeout WARN database
logout service stop start connection connection response stop
success success connection WARN timeout service
failed timeout connection connection database database success
cache INFO INFO cache WARN logout failed failed service database failed WARN request request
DEBUG service ERROR service logout login ERROR
stop start DEBUG WARN service
stop login failed timeout request logout connection WARN INFO database
cache login logout success success start service logout INFO cache logout
cache response WARN database WARN DEBUG timeout service failed request WARN
service failed timeout start request start logout INFO
start stop WARN INFO ERROR timeout
database DEBUG connection failed login WARN request WARN request
timeout WARN response INFO success cache timeout database WARN request logout login failed
ERROR WARN service login start connection response ERROR logout
connection DEBUG database WARN success ERROR INFO response timeout response WARN connection INFO cache
WARN connection cache INFO logout success ERROR stop connection login WARN logout
DEBUG response login WARN ERROR cache DEBUG request success connection start cache
stop login success logout INFO failed success
failed response request INFO database logout response DEBUG logout
database failed DEBUG ERROR success timeout success start DEBUG logout request database cache response
start failed connection INFO timeout service stop service logout ERROR failed database ERROR timeout
INFO ERROR stop login success INFO timeout timeout service stop login
service login cache service WARN stop ERROR database WARN stop service response start service
connection service database DEBUG DEBUG logout cache cache cache
service ERROR success logout start DEBUG service
stop WARN logout database connection response response
connection cache success request stop cache start
ERROR start WARN WARN cache
start WARN WARN start success logout stop start cache login success stop cache
DEBUG request request logout logout database failed start connection request logout service stop
failed cache WARN cache stop failed connection logout
cache start DEBUG timeout cache response timeout cache cache WARN failed login stop timeout
timeout service INFO start start service timeout service
timeout service timeout WARN cache service
logout logout stop success response WARN response request
database start start INFO request success database
success response failed start failed start DEBUG cache logout INFO
success response response logout DEBUG service DEBUG response WARN request cache WARN
INFO service failed ERROR request logout failed WARN
cache stop database connection logout WARN WARN DEBUG service
request failed response timeout request stop start DEBUG
DEBUG start service response ERROR timeout stop response cache WARN failed cache logout failed
DEBUG DEBUG stop logout cache request connection ERROR connection login start
stop ERROR WARN DEBUG cache request
login request start stop request failed logout start database stop database
cache failed stop WARN stop INFO DEBUG timeout
request cache timeout connection connection connection failed WARN
INFO stop stop stop login connection database
stop login start stop INFO database ERROR
request success login INFO timeout request response connection connection
success cache cache WARN ERROR response connection database database logout
DEBUG start login logout stop start request
database success response start logout
request cache success INFO failed failed response
start WARN logout cache cache service cache success logout timeout stop
DEBUG login connection connection database start success service login start
connection INFO stop response cache service service service timeout cache success database database
connection failed DEBUG database logout DEBUG ERROR connection INFO INFO login INFO failed
logout ERROR timeout start logout response failed logout DEBUG WARN service service timeout
DEBUG DEBUG success response timeout failed service
service failed logout request stop ERROR
cache cache connection database success INFO failed INFO
INFO success stop DEBUG service
ERROR failed stop failed DEBUG failed logout request connection ERROR DEBUG
database WARN cache service service connection login
cache cache connection logout logout service stop success success failed
database logout success logout DEBUG service logout success response timeout
ERROR response response login request WARN stop logout service timeout stop
connection logout service DEBUG timeout connection start timeout logout cache service WARN
cache database logout stop connection WARN DEBUG request timeout
connection connection logout cache connection failed stop connection service database
stop start start INFO request INFO success database INFO ERROR cache
WARN WARN ERROR request failed response start database DEBUG response stop
DEBUG ERROR ERROR logout WARN ERROR login failed response response INFO start INFO
database timeout service WARN database DEBUG timeout DEBUG success DEBUG login
response request ERROR connection connection success
start WARN start request login failed connection service request timeout connection INFO service
INFO connection response WARN database cache DEBUG logout success
success login database failed service connection WARN
response cache start database stop start
logout response request failed start database ERROR timeout login service ERROR request WARN
service timeout login cache ERROR service cache DEBUG
WARN WARN database DEBUG failed logout
stop stop cache database failed stop WARN
logout success success response WARN connection stop DEBUG timeout failed INFO timeout response start
cache success service ERROR logout DEBUG DEBUG
failed cache cache timeout INFO service WARN
connection service login stop DEBUG request request login request DEBUG ERROR INFO
DEBUG start logout logout connection WARN service start WARN start start start
success ERROR stop cache service cache
stop ERROR stop cache logout service ERROR start connection failed request response
login failed request service service login database service start DEBUG
connection service INFO stop stop success failed response
stop INFO login database ERROR ERROR connection
timeout DEBUG start WARN cache INFO request cache response WARN database INFO ERROR
WARN service INFO start WARN DEBUG database failed logout
logout start DEBUG start WARN WARN connection INFO
login response service logout cache DEBUG login success request
failed response login response stop logout DEBUG service WARN timeout connection
connection WARN cache response logout ERROR request INFO start cache service logout ERROR
response WARN timeout ERROR service
start failed connection request WARN service INFO timeout WARN
logout connection start failed INFO login failed DEBUG database connection request INFO
service timeout WARN cache response login response login logout
ERROR INFO connection cache success request INFO database logout cache database timeout INFO
DEBUG start ERROR ERROR database request service
logout cache timeout login start success
database failed connection DEBUG success request INFO
failed start logout success INFO database timeout ERROR success
logout stop ERROR success timeout service INFO failed
response ERROR failed ERROR ERROR WARN connection
service INFO DEBUG logout DEBUG success service success login connection DEBUG
start INFO WARN login timeout logout
request database logout success connection
DEBUG service login ERROR DEBUG start timeout success failed INFO database failed ERROR start
service cache request login DEBUG INFO WARN timeout login request login
stop success cache timeout success logout request response
connection login cache cache connection login success ERROR response start start stop
success logout ERROR cache success response connection success database ERROR stop
INFO timeout database service failed DEBUG response success timeout success start response
database logout timeout INFO success request
failed failed connection timeout logout cache
INFO WARN database start service failed ERROR failed database service
connection cache cache service service
response login stop response response success success
connection INFO connection failed failed failed success logout ERROR database request start
failed timeout logout login WARN timeout connection failed INFO
INFO failed success INFO connection
response login INFO INFO cache login WARN request stop
ERROR start start INFO DEBUG failed WARN success start failed login service DEBUG
service INFO database stop failed
stop cache login database login logout DEBUG start start cache stop success success
cache cache start connection WARN stop logout response INFO DEBUG
stop response logout service ERROR WARN service response
success logout start request response timeout cache stop failed success login request request
response database service DEBUG ERROR failed failed success request
start stop logout stop database failed
stop success WARN service service timeout timeout request cache WARN login database database
success start failed cache WARN
timeout database login INFO cache stop request service WARN DEBUG database WARN start
request INFO request success connection failed response success connection timeout start database start
cache INFO request failed start
stop success failed login database service database INFO ERROR ERROR login ERROR request
database request database failed database
ERROR connection response database INFO
login login WARN DEBUG failed DEBUG login database timeout service INFO timeout
login service ERROR service response start
DEBUG INFO start start stop failed
success connection timeout request service DEBUG failed database timeout connection logout response
response INFO start WARN service request DEBUG failed failed logout service
success timeout database timeout request stop timeout logout
failed logout DEBUG connection start response
logout request service failed success request start response
success success service stop login login INFO WARN ERROR database DEBUG
service login success login ERROR start service success logout
response database response request response login start timeout timeout service service INFO success
connection logout INFO service response cache ERROR service WARN
timeout timeout logout start success DEBUG stop ERROR response request start database
DEBUG request connection INFO DEBUG INFO start
WARN connection service connection timeout response stop INFO cache response connection timeout WARN connection
success cache failed timeout timeout DEBUG INFO start timeout stop
success success success WARN logout request ERROR response
request success ERROR response INFO stop timeout response INFO WARN stop DEBUG connection service
timeout timeout cache database ERROR DEBUG
ERROR INFO connection ERROR success ERROR cache start connection service response
stop start start connection INFO start connection
failed success response request logout failed connection logout connection cache logout database
cache logout stop WARN timeout database service service WARN failed timeout login
INFO cache service login service
connection start service logout database service service
request stop success INFO response database
timeout response logout success timeout logout failed
success login DEBUG ERROR success
connection success WARN timeout failed connection start login DEBUG
failed INFO service failed service timeout ERROR
INFO failed success start service stop logout ERROR request
INFO logout database start DEBUG timeout INFO start logout ERROR connection
cache service ERROR timeout cache DEBUG INFO stop connection ERROR logout DEBUG
login connection stop connection request DEBUG request failed response failed request
ERROR database success request login success login stop timeout ERROR success
response database request logout INFO stop response start stop failed WARN
service timeout success success WARN success failed stop login success DEBUG cache response database
DEBUG start success database timeout timeout success INFO start cache logout database
database request database INFO success request request INFO start WARN
INFO ERROR INFO logout logout failed INFO start cache
service stop WARN cache request cache logout request stop DEBUG INFO WARN login DEBUG
logout start database ERROR success WARN failed
INFO request DEBUG request start service stop connection start response connection
ERROR ERROR WARN database login ERROR success success response request failed service database
connection failed database connection DEBUG request INFO ERROR database service database request
stop logout request response connection start WARN
DEBUG database logout service ERROR INFO WARN success
INFO ERROR failed response stop logout stop service start response cache ERROR
DEBUG logout request response service login DEBUG failed success INFO
ERROR connection ERROR INFO INFO response connection
database success DEBUG logout ERROR start ERROR cache
service ERROR database request stop
service cache database DEBUG DEBUG login login
login timeout database ERROR logout connection
failed start cache WARN timeout login logout
ERROR logout success cache cache
ERROR response DEBUG service stop timeout service login ERROR service
start ERROR request login database logout logout login connection start logout cache login failed
cache request INFO ERROR start login cache database logout request ERROR WARN service login
cache login logout logout success
logout stop connection cache logout database service WARN WARN cache logout start stop
cache ERROR start connection cache database login stop connection
start database success login stop DEBUG
database stop request response failed start success service database
start WARN service login database logout database response response INFO login login request INFO
failed failed success success response cache database INFO
login cache cache failed DEBUG ERROR WARN logout response DEBUG connection
logout timeout INFO failed start
logout service request stop failed
start WARN INFO logout connection failed DEBUG response login success request database connection DEBUG
response request success connection response stop login start start timeout failed response
ERROR database ERROR stop success request ERROR database ERROR logout DEBUG ERROR success timeout
service database stop ERROR login INFO ERROR failed
ERROR DEBUG response login connection connection ERROR failed connection
cache request ERROR INFO database INFO
stop success cache stop start ERROR INFO failed connection timeout ERROR database start
database logout login logout success cache logout
response cache INFO DEBUG request response cache INFO login response WARN INFO
success WARN success success success response request database
connection WARN DEBUG failed timeout timeout failed success
DEBUG timeout service start timeout response success success start login WARN ERROR
cache response success login connection DEBUG stop start WARN DEBUG DEBUG service login
DEBUG start timeout failed DEBUG success timeout timeout stop failed service start login
WARN start ERROR request timeout DEBUG success DEBUG service login request
service success success ERROR login request connection cache response logout
response start timeout login stop request stop connection start
cache start logout INFO WARN
response response connection DEBUG success request response failed success request WARN
success request success login failed
start start login WARN ERROR login request INFO
response ERROR response database ERROR start DEBUG request response ERROR stop
login logout database INFO ERROR timeout logout login WARN service logout cache success
request database logout cache response DEBUG connection response logout service cache
connection ERROR logout database connection stop
failed database login DEBUG success stop
DEBUG login cache database WARN database login success response WARN connection timeout failed
database INFO timeout DEBUG DEBUG response service failed ERROR cache success connection INFO
WARN response login logout connection request INFO logout timeout timeout database database connection request
failed timeout login database service login cache failed start start request start
cache timeout start success login login
connection ERROR start ERROR failed cache response
ERROR stop timeout failed connection
stop connection failed timeout stop response INFO login cache success stop WARN success DEBUG
login DEBUG DEBUG ERROR timeout logout request
INFO cache stop database failed stop ERROR database cache cache database database
service connection login stop connection database stop stop service WARN logout
failed stop login login ERROR service timeout DEBUG INFO failed connection
database timeout database service DEBUG stop INFO cache WARN INFO
stop success WARN stop ERROR INFO stop start failed
response service failed database success
stop INFO login INFO INFO stop cache cache INFO timeout database
WARN request start response WARN INFO success
request stop stop timeout success success start WARN ERROR start
connection WARN timeout logout start database stop response login database INFO timeout
timeout DEBUG DEBUG failed cache WARN stop DEBUG timeout success cache logout
DEBUG failed WARN service login cache
WARN DEBUG request request database service timeout database
DEBUG DEBUG logout login WARN cache failed response INFO login DEBUG cache logout
DEBUG logout INFO logout service request service logout DEBUG logout database cache
cache response timeout INFO request
cache DEBUG database connection failed DEBUG connection failed connection DEBUG database connection
INFO connection ERROR response ERROR connection
start start stop success failed DEBUG response request WARN
logout timeout stop ERROR cache
stop database logout INFO failed response stop
start login connection stop logout start success
logout response success login logout DEBUG start
login failed database INFO cache DEBUG
start ERROR service INFO DEBUG INFO response WARN failed response cache
login logout cache logout logout response failed failed
logout ERROR service response logout DEBUG
connection stop response ERROR ERROR response request start stop
cache stop stop login login request response ERROR stop success
start failed login logout success request connection request ERROR
WARN success WARN timeout cache service DEBUG login ERROR INFO database DEBUG cache start
service cache stop logout DEBUG response
response timeout login cache logout DEBUG response ERROR login database response
connection start failed success stop success DEBUG failed timeout service connection cache
WARN failed logout request database login
failed stop start INFO login logout INFO service DEBUG
failed timeout login timeout start ERROR service timeout logout ERROR database
stop database database database start request start login
success failed database failed WARN database logout ERROR response
ERROR response connection login request success request INFO timeout DEBUG request INFO
login logout service DEBUG ERROR service stop failed stop connection success
service response service WARN database start logout response stop service request
connection WARN start logout stop logout failed timeout timeout success success ERROR
logout success ERROR DEBUG ERROR success INFO service success timeout
INFO ERROR timeout request logout cache
login ERROR service failed success timeout ERROR response database stop
response DEBUG request timeout INFO service cache
database connection service login request success
failed logout login DEBUG database cache request login cache logout INFO connection success
stop logout timeout logout ERROR response database INFO stop INFO response ERROR login start
DEBUG success ERROR service response
start DEBUG response connection logout
database service failed stop timeout login request WARN cache WARN
cache service ERROR response request request logout logout
response stop start start stop stop
start cache failed WARN WARN stop response
service WARN success INFO service
timeout ERROR ERROR database WARN response timeout
response WARN DEBUG start request ERROR WARN connection failed logout connection
failed request success failed database
response DEBUG database service timeout
success start logout WARN timeout
success login DEBUG service WARN ERROR service timeout service cache
cache INFO WARN connection service connection timeout request
DEBUG response WARN INFO response DEBUG logout
timeout connection database database stop cache start connection success
start database stop timeout ERROR success cache ERROR logout logout ERROR INFO
logout logout timeout DEBUG success
INFO request start INFO DEBUG response success
success connection timeout DEBUG request stop ERROR failed DEBUG database connection
start request success service cache
database timeout failed start start stop start timeout stop success INFO database timeout WARN
start stop start WARN service connection stop cache failed ERROR database response ERROR ERROR
service stop cache request INFO cache stop success service service WARN
failed connection login login ERROR ERROR INFO service database login stop
response connection timeout success ERROR stop cache failed login
database ERROR connection response service login login timeout database failed timeout timeout response INFO
success success DEBUG start login response timeout DEBUG stop request service start
ERROR database response login database connection login DEBUG connection response timeout logout response
INFO stop request INFO request cache connection DEBUG database
logout success INFO INFO request login failed connection logout connection
stop service response failed success ERROR
connection failed service database database login connection ERROR response connection WARN start service
ERROR service DEBUG cache success ERROR DEBUG
logout INFO stop start response database start success
connection WARN login failed ERROR request service timeout
failed success timeout service database start DEBUG DEBUG
service database success success cache timeout WARN INFO login WARN connection success response INFO
login success DEBUG INFO stop WARN connection success start
connection login stop start connection WARN request INFO response
service DEBUG cache success ERROR
ERROR request request logout cache cache WARN
failed INFO ERROR response stop ERROR cache database logout WARN logout ERROR WARN
DEBUG WARN failed timeout DEBUG ERROR DEBUG response
DEBUG DEBUG cache login stop stop start login start logout response ERROR start failed
timeout service connection connection INFO request ERROR database stop
request ERROR database stop DEBUG stop database response ERROR
service stop cache logout ERROR
service success INFO response request
INFO WARN login success database INFO WARN INFO timeout start DEBUG service success
database ERROR database DEBUG success response ERROR timeout success INFO start failed ERROR stop
logout timeout database failed response success start
login service DEBUG logout logout cache database success INFO ERROR
service connection success INFO request service start success logout success start
start failed INFO service timeout service request service
service service INFO cache failed ERROR request INFO start
login request cache login logout connection request stop login cache DEBUG database
logout failed failed connection database connection WARN DEBUG success ERROR cache service
stop logout database logout logout timeout DEBUG stop connection success response logout failed
timeout request login ERROR login DEBUG ERROR ERROR response service login start start
timeout service DEBUG login logout
stop request success service failed failed DEBUG start failed
stop response login service request connection response ERROR DEBUG cache ERROR
DEBUG logout login cache database start request
timeout stop request connection cache connection response
service success stop failed failed success failed ERROR logout timeout timeout DEBUG request
INFO response database cache ERROR request connection DEBUG WARN success success logout WARN
stop stop timeout cache failed login failed
failed response logout database logout DEBUG WARN
timeout login request service failed failed login
success failed WARN start login logout login timeout failed logout
service database response cache service connection INFO logout start ERROR
service connection login INFO ERROR database connection start timeout logout
success ERROR logout database timeout DEBUG connection failed start
start start start stop start failed connection WARN request ERROR timeout WARN ERROR login
timeout connection ERROR service response WARN stop request INFO connection DEBUG
database login DEBUG response start INFO WARN logout INFO cache cache stop timeout timeout
WARN failed cache cache connection database logout failed logout cache response ERROR start service
INFO logout WARN logout cache DEBUG logout
stop request INFO failed service cache stop response cache start WARN connection
service login ERROR stop failed database failed INFO service stop
service success INFO database ERROR INFO cache start response
service service connection INFO request
ERROR stop database start failed connection service request INFO
failed WARN request success response database login DEBUG request WARN connection cache
success ERROR INFO connection logout INFO connection ERROR database
stop stop stop INFO database response
request service INFO stop start request service login timeout
ERROR database cache failed failed request start logout stop timeout cache failed start
service success connection service INFO INFO login service connection response
cache failed response login failed start response database login login start success INFO
logout response DEBUG cache DEBUG response service start
DEBUG ERROR service ERROR timeout request ERROR WARN response login response
database stop stop request service ERROR request success
service success stop start response database WARN success login INFO response
start request DEBUG service service request start ERROR start login response
failed logout database start login failed start
logout service database ERROR timeout success success failed database stop failed stop
start request start database WARN start timeout login start timeout request response timeout
failed timeout timeout WARN service connection INFO timeout INFO service logout
request connection WARN stop logout database logout INFO logout start request
start DEBUG success stop service cache success INFO start start ERROR
INFO INFO login login request timeout
WARN login WARN connection stop connection ERROR failed timeout WARN response success DEBUG INFO
start response logout timeout database timeout cache
INFO login success request stop request ERROR stop request success request timeout timeout
DEBUG INFO request start INFO login success
timeout logout INFO logout start start service
database response request service timeout
response start WARN start WARN DEBUG failed INFO failed failed response timeout
request logout DEBUG connection DEBUG cache login timeout login response success
database start connection logout response INFO failed
start database connection failed database cache timeout ERROR cache
ERROR login logout cache connection database WARN
success failed failed WARN database login INFO service DEBUG ERROR WARN stop service DEBUG
cache timeout timeout logout stop service ERROR
response start success cache connection failed request failed
stop ERROR DEBUG ERROR logout connection start request service service
WARN logout ERROR ERROR WARN connection timeout request stop service connection success
stop success logout stop service service service request stop timeout
request INFO logout connection connection service failed ERROR INFO
failed stop failed timeout success INFO failed failed service
WARN stop service INFO WARN cache DEBUG timeout timeout timeout WARN timeout DEBUG
DEBUG timeout stop ERROR start login
logout logout stop connection request success
connection success database WARN response
failed start logout cache success
stop INFO timeout connection ERROR WARN request INFO request stop success connection
INFO logout cache ERROR WARN ERROR service cache stop
database INFO timeout start login connection response logout timeout logout response login database failed
stop stop login response login service timeout connection stop start INFO failed cache
logout response success logout login logout cache INFO DEBUG response failed stop logout
WARN connection login login WARN login connection login ERROR response
login success start WARN connection database WARN
WARN service INFO login start timeout INFO stop WARN failed timeout login
timeout success INFO request DEBUG response WARN service database database cache database success
success success start logout database failed logout logout logout service timeout
timeout failed start failed connection request login ERROR logout failed
WARN timeout success start start
connection response request failed logout service response
timeout database failed stop connection cache login login
response ERROR INFO request ERROR login
start start logout success database failed ERROR database database failed request
success success response cache timeout logout
connection stop DEBUG login connection failed WARN cache DEBUG stop login login
WARN failed request service success database INFO logout DEBUG logout
INFO logout DEBUG response WARN
start logout INFO request service logout success database WARN ERROR logout ERROR DEBUG success
request start cache success failed database timeout success
ERROR response timeout cache service connection database request request
logout login logout INFO DEBUG cache failed failed WARN
start timeout stop failed service logout request
logout login WARN timeout cache
login service ERROR response failed start failed ERROR service logout
stop connection success database INFO start DEBUG failed response cache timeout logout logout
stop login WARN ERROR stop database logout stop connection failed logout login
INFO cache response start DEBUG service success connection logout database response database DEBUG database
timeout response connection ERROR success WARN
start DEBUG stop timeout timeout login INFO stop ERROR stop
service start response logout timeout WARN failed service request request response failed
logout DEBUG start database success WARN
login failed request connection cache database start response response ERROR
request success start start start ERROR database
logout response WARN logout start connection response connection connection
database stop login ERROR DEBUG INFO connection login failed logout WARN
INFO logout logout success DEBUG
start failed cache WARN success cache logout request response timeout
WARN failed INFO success connection login login timeout ERROR start timeout service INFO start
request ERROR INFO success service cache INFO
request request database start INFO start ERROR INFO start
login start INFO cache failed
timeout login service DEBUG response ERROR request ERROR login INFO DEBUG service response logout
login failed ERROR failed INFO DEBUG database
request service service WARN cache
request request cache DEBUG logout DEBUG
start login INFO WARN INFO
DEBUG response INFO WARN service cache logout ERROR INFO
cache database failed success failed request logout response
stop login request login stop timeout database success WARN login WARN ERROR WARN
logout DEBUG DEBUG start request timeout logout cache DEBUG request WARN logout
response database timeout service DEBUG login timeout login stop logout success INFO INFO cache
cache DEBUG start login stop login stop connection success database failed
failed start start database logout failed connection WARN
cache DEBUG WARN service failed connection
response database ERROR DEBUG start WARN ERROR database ERROR
request response INFO service service success WARN logout
cache timeout request failed request stop start timeout stop connection timeout database request start
failed timeout logout login logout failed
request login response WARN response stop cache failed ERROR response
stop WARN WARN DEBUG connection ERROR cache request
stop stop start connection WARN
failed WARN response login logout timeout response response
INFO WARN DEBUG success WARN stop service success cache
DEBUG timeout connection connection start INFO cache success request start failed stop stop
DEBUG stop failed success ERROR stop cache response timeout timeout start timeout stop DEBUG
INFO login timeout timeout WARN cache
start login INFO stop failed request database failed
login request success timeout cache login failed logout ERROR
response timeout INFO request service request WARN database DEBUG stop login failed request
INFO cache logout stop timeout login service start request response stop
logout INFO response connection WARN ERROR service database
INFO response failed request database
response logout start logout database login failed success success
failed response response request stop
connection INFO response success success response connection login timeout DEBUG
WARN logout service database timeout stop INFO WARN DEBUG WARN start response logout
start start WARN request connection INFO failed cache
DEBUG INFO connection start start success ERROR login request INFO success logout start
login failed DEBUG INFO DEBUG WARN ERROR
INFO stop INFO INFO request connection stop database INFO response logout response timeout logout
connection service success WARN database response WARN stop login request WARN failed WARN response
connection database cache ERROR success logout response timeout cache cache response
timeout INFO response request request cache INFO connection database timeout DEBUG
success response INFO logout ERROR response service
start database failed stop DEBUG ERROR ERROR service WARN response start
response failed request database DEBUG database
request request success cache request login response ERROR service failed DEBUG
request logout success stop INFO DEBUG logout start
service timeout request logout ERROR database failed request DEBUG INFO
service login logout logout login start failed failed stop login
logout failed logout WARN service stop ERROR INFO failed cache login database
success response logout response timeout response
logout success response WARN failed response failed connection ERROR timeout request DEBUG WARN stop
DEBUG stop login DEBUG timeout
service failed start success INFO failed response timeout failed service WARN DEBUG
success cache stop DEBUG WARN service request ERROR stop start DEBUG response login success
start login response start database cache database login database login database
database start start failed start start INFO timeout stop connection timeout INFO
success failed WARN service INFO logout start response logout stop connection
WARN login success connection cache failed login logout request ERROR stop
WARN response service WARN DEBUG stop service
request login login request failed ERROR
failed connection stop connection failed WARN success INFO connection stop service response ERROR success
failed request INFO failed connection request request stop response start stop DEBUG response
request failed stop success cache start connection DEBUG service cache login
INFO logout database INFO login logout login
failed login DEBUG DEBUG INFO start failed ERROR failed WARN request request
service login timeout login service service stop response timeout timeout logout success connection logout
ERROR timeout WARN request ERROR ERROR request database logout WARN database
stop response response service cache
response login cache logout database timeout logout connection failed login service success connection
ERROR cache service INFO login response cache login start WARN
cache connection INFO connection database
stop DEBUG cache WARN failed login ERROR DEBUG cache login connection
login service ERROR success success
logout DEBUG cache database response ERROR DEBUG request
timeout response WARN stop DEBUG WARN response WARN success connection connection
stop request request failed database service start response stop success timeout connection INFO
failed request database cache connection response
cache service INFO start request login connection INFO connection
login start WARN timeout failed timeout request
DEBUG service cache stop service failed
response service stop service cache WARN failed service DEBUG cache
failed timeout service connection INFO request
request timeout logout DEBUG DEBUG INFO connection logout response DEBUG success request response
database failed database connection connection success logout database request response
timeout failed logout request ERROR response service
connection database database login service stop
cache ERROR cache failed logout request response
request ERROR response INFO response logout success ERROR connection
login DEBUG timeout logout failed stop INFO timeout INFO success logout request request success
WARN failed response failed cache stop start database request success service logout
failed INFO ERROR service timeout request INFO cache start request stop DEBUG success login
login ERROR request WARN request logout INFO WARN failed WARN login start
database service failed DEBUG INFO success failed DEBUG WARN INFO cache login login
timeout service connection ERROR INFO timeout database login ERROR INFO failed failed cache request
WARN database success start cache cache request login cache
INFO response service timeout logout success ERROR INFO
connection start DEBUG success timeout start login failed success response service INFO success
stop database INFO database database connection DEBUG INFO failed timeout INFO WARN logout start
logout INFO success ERROR stop timeout response connection success start service WARN database
