failed cache service ERROR database login DEBUG success success INFO connection INFO database INFO
logout timeout request failed start cache request success response cache database success database response
stop request timeout ERROR cache database service logout database login DEBUG connection service connection
success DEBUG success stop login DEBUG stop
request start timeout database response response
ERROR cache timeout ERROR service success logout
response request DEBUG cache login ERROR start start login request start connection failed database
database ERROR response DEBUG login timeout success connection cache INFO
success service database login database success ERROR start database INFO service login ERROR
ERROR login INFO logout cache WARN
logout response DEBUG stop service response connection
response ERROR database WARN service
failed logout DEBUG login logout
response logout INFO database start
database login request INFO start logout
cache connection DEBUG login start response ERROR connection response failed stop stop cache timeout
login start database login DEBUG request cache timeout cache response
timeout ERROR WARN success INFO INFO service connection start request DEBUG connection database
success cache stop stop timeout service success database login database success failed
start INFO timeout stop failed start ERROR stop response connection logout WARN
response service start stop start response stop WARN DEBUG timeout failed success service
request start start logout ERROR connection stop timeout ERROR timeout
login logout failed login ERROR failed service database INFO timeout
start start service login DEBUG start success response
stop success service cache request
stop DEBUG failed DEBUG cache failed
service request INFO response login login success cache
success connection service WARN logout timeout failed
stop ERROR success stop start logout DEBUG start
request cache WARN timeout start timeout ERROR success ERROR logout response
login failed service WARN start start start service
logout database ERROR start login
service logout logout ERROR request
request database logout start login stop logout start DEBUG service
logout DEBUG timeout request stop request timeout response logout connection
INFO failed connection timeout login
INFO database failed INFO INFO logout service service start WARN failed
DEBUG cache connection database stop success WARN failed
stop database response request logout ERROR ERROR database success stop connection
database ERROR cache response cache request INFO response login success ERROR ERROR timeout
INFO stop timeout connection cache response response
service WARN database failed service request failed
failed WARN request login connection
cache stop stop success failed login WARN request response timeout success
service service failed cache timeout request DEBUG
cache response timeout request logout WARN success
login WARN WARN cache failed start database service INFO start
login success response success failed ERROR login stop start logout stop failed stop
request DEBUG service logout start DEBUG response logout success stop cache cache connection
success logout request success INFO cache success WARN
success DEBUG login logout request stop success
cache failed logout service WARN start failed timeout
INFO cache DEBUG cache stop database connection
success stop cache timeout timeout connection start INFO logout start
success success cache login request
success login cache database logout timeout
login INFO WARN timeout database logout failed
DEBUG INFO login service logout start WARN connection
database logout login response connection ERROR connection
ERROR logout service timeout service start database timeout connection start failed ERROR
success database ERROR service DEBUG service DEBUG
WARN DEBUG start ERROR login start DEBUG failed start database cache failed DEBUG
DEBUG timeout request request stop WARN failed start request service success success
logout connection logout connection WARN cache request database start
cache response cache connection WARN login WARN DEBUG database DEBUG
ERROR start logout stop connection start ERROR cache DEBUG INFO connection success service database
cache stop database start service request
database WARN logout request login timeout connection
connection WARN timeout response service ERROR DEBUG request database
DEBUG success timeout DEBUG cache request connection connection connection INFO INFO response
start service database timeout INFO WARN timeout ERROR WARN
service response stop response stop service ERROR
logout connection timeout logout start connection success connection
failed ERROR WARN request logout DEBUG
cache response login service database request service login start request ERROR
service timeout cache request service service connection request database cache INFO request cache
ERROR stop INFO cache logout request success
WARN success service logout INFO login login start INFO connection success timeout cache
ERROR database INFO start login WARN start logout INFO login success failed DEBUG
database ERROR ERROR success logout stop database INFO cache DEBUG login database
WARN INFO login logout failed start WARN logout connection request
INFO success timeout database database failed
start ERROR DEBUG success INFO connection service stop logout
start start start service logout response ERROR DEBUG request
logout failed cache database connection request success connection service response WARN logout
stop WARN request logout response login response INFO logout WARN response
logout service logout cache ERROR response success
logout ERROR start WARN response request login failed DEBUG logout login connection
response failed success timeout INFO timeout connection WARN connection
request INFO timeout failed database stop logout service
success failed WARN success login success connection start response
DEBUG timeout database timeout connection DEBUG cache timeout response logout response WARN logout
success success service start response login login
response response login failed INFO request database WARN logout ERROR INFO
request failed start timeout WARN database ERROR request
logout response success cache logout service service stop DEBUG login DEBUG
response service cache WARN request INFO start database DEBUG failed start response
ERROR service stop database start DEBUG response request failed response ERROR
logout cache INFO cache WARN DEBUG stop response INFO success start logout
timeout ERROR start start connection connection connection start stop database connection request
DEBUG start DEBUG timeout start start failed database DEBUG
start request response connection login start logout
success failed timeout database service
start response database stop response stop ERROR logout INFO
DEBUG DEBUG success failed WARN failed connection service connection response cache DEBUG login WARN
stop logout timeout stop INFO start timeout service INFO logout ERROR logout
database cache stop cache stop WARN stop DEBUG INFO request timeout WARN INFO stop
failed cache database timeout service timeout INFO failed response request
start DEBUG timeout INFO stop DEBUG
ERROR login INFO connection login timeout cache start failed request start INFO
ERROR DEBUG start failed DEBUG failed failed INFO DEBUG response stop
login login service ERROR logout request timeout database stop
database stop INFO logout timeout timeout service request logout INFO request DEBUG database connection
cache logout DEBUG DEBUG database failed response start service success WARN request timeout INFO
response service stop connection cache start start success ERROR database login ERROR
WARN service ERROR stop DEBUG response response
service login stop connection service login success connection logout database
logout response login service INFO connection service logout start
service DEBUG stop service database request success failed timeout stop DEBUG database
request start response INFO connection failed success failed success
cache failed success success cache request start failed DEBUG timeout start response start DEBUG
success response WARN database ERROR success DEBUG timeout database service failed connection database
connection login login timeout cache WARN
DEBUG request failed start INFO request login failed response success
logout start stop stop DEBUG failed login logout stop failed
start INFO success service connection response DEBUG stop DEBUG login WARN success request
failed INFO login connection INFO failed start WARN WARN DEBUG success
ERROR cache cache request service request start request service request
connection WARN failed stop request timeout connection login database DEBUG logout timeout response timeout
DEBUG WARN failed start service WARN success request database
WARN DEBUG timeout response request service stop connection stop connection timeout start INFO ERROR
response ERROR success start request ERROR login failed stop database INFO stop database
request stop service logout WARN login WARN INFO WARN connection
start timeout database logout success database cache login failed
start response WARN DEBUG DEBUG INFO failed failed success
cache request DEBUG failed connection response response ERROR connection request login DEBUG WARN database
service WARN DEBUG service DEBUG WARN DEBUG
start response cache INFO start stop start success start INFO
login WARN ERROR stop database service
database login ERROR request service
database DEBUG logout success connection service database logout service INFO failed connection response login
DEBUG logout logout timeout cache login
request response ERROR request success service
timeout success database database timeout ERROR start WARN connection database login DEBUG INFO
WARN WARN stop logout failed INFO database login service
WARN DEBUG request DEBUG INFO timeout ERROR ERROR success service database request DEBUG failed
login service cache WARN start timeout
login INFO connection service stop response ERROR stop service WARN DEBUG
success logout ERROR INFO logout login
timeout login WARN database ERROR connection login failed timeout logout start start ERROR
service request timeout timeout start ERROR success failed ERROR
request login failed WARN failed connection stop logout
request DEBUG request start DEBUG failed stop
database success WARN database database failed start response timeout cache
INFO database timeout success success failed DEBUG INFO success DEBUG service failed ERROR
request login success cache WARN login cache timeout failed stop WARN
DEBUG response request start connection DEBUG cache stop cache start INFO
database WARN INFO response ERROR login database stop ERROR service request request cache database
ERROR timeout stop success failed stop
ERROR start INFO database INFO INFO ERROR database service logout success cache
request start database connection request
request service stop response failed
start cache logout start DEBUG ERROR cache DEBUG WARN INFO WARN request
cache failed success connection database cache WARN response start success success response response WARN
WARN response login success stop response timeout request
WARN request request database cache WARN connection service INFO service response timeout timeout login
WARN login timeout start request logout response INFO stop start request WARN
failed connection cache success success ERROR logout request response DEBUG ERROR start
response start connection connection service connection login
cache WARN WARN logout response DEBUG connection WARN
connection response stop stop response WARN database success response service response cache
success timeout connection failed start start login failed start
service timeout start login database ERROR response
success service login logout failed login database service service database database
ERROR DEBUG start login ERROR cache login timeout INFO
response logout stop DEBUG WARN failed request cache INFO ERROR logout request WARN request
success failed connection timeout success INFO cache service
timeout cache INFO INFO stop request start response login
cache INFO success response WARN
failed login database stop login logout logout
ERROR WARN request database INFO ERROR success DEBUG connection WARN
stop cache ERROR connection failed stop connection WARN INFO success response
DEBUG INFO timeout ERROR WARN connection stop ERROR database login
connection INFO response timeout logout response
connection WARN timeout response ERROR DEBUG ERROR request
request success connection response WARN
response INFO INFO success request service WARN response logout start login
timeout login logout cache success INFO database service stop cache WARN
login login stop login start failed response ERROR timeout start stop
WARN service failed login service connection cache
connection success logout logout start success DEBUG connection
connection success logout INFO failed response request ERROR
failed request stop database service stop login INFO stop stop login failed
stop DEBUG logout success DEBUG INFO start failed DEBUG INFO
ERROR stop request DEBUG WARN service
stop WARN ERROR DEBUG start timeout stop request login
WARN INFO service INFO login INFO logout logout service request database ERROR DEBUG
start request response timeout success INFO logout logout cache
failed connection database timeout failed failed response cache cache INFO logout connection failed
logout DEBUG INFO WARN cache logout
WARN start ERROR success logout request service start stop request login ERROR
request connection INFO service stop service INFO DEBUG DEBUG cache cache success WARN login
failed database database database logout service database ERROR ERROR failed database service success login
timeout timeout success connection start INFO ERROR request response INFO service WARN ERROR
service response start failed login failed start service login WARN
request login timeout cache logout logout failed DEBUG cache database success
request INFO timeout connection stop timeout
connection service ERROR ERROR database connection database stop INFO DEBUG stop
INFO INFO failed failed connection logout logout service service login failed cache request request
ERROR ERROR INFO start request start login timeout login
success response connection login database DEBUG request timeout
login cache start stop cache
database failed INFO service logout logout success response WARN success
logout login start start INFO INFO INFO failed response ERROR
response service INFO response cache logout stop request cache WARN
INFO failed connection database cache DEBUG WARN login
ERROR connection start ERROR INFO
login success WARN success login INFO
start connection success failed cache service logout success service request timeout connection cache logout
database service start timeout WARN success ERROR login ERROR request start connection service
start stop failed response INFO start database database
INFO WARN DEBUG start start timeout start
database cache stop failed login ERROR logout connection response
start success DEBUG cache cache cache service database DEBUG
INFO connection INFO service cache INFO logout timeout
INFO INFO database service logout failed login
connection DEBUG WARN database failed service cache INFO request connection request
request success response timeout ERROR WARN request start
login ERROR service login DEBUG ERROR
logout connection DEBUG logout start ERROR INFO login
response login INFO success logout
connection failed timeout response database service ERROR
start ERROR failed stop response failed timeout login timeout response success
WARN INFO ERROR request failed DEBUG
database logout cache INFO success failed INFO success
stop response cache ERROR ERROR timeout ERROR start timeout logout
ERROR login success DEBUG service INFO WARN ERROR cache success
DEBUG INFO database success failed DEBUG stop
ERROR success WARN database timeout stop DEBUG login
response request DEBUG logout WARN WARN ERROR stop start stop ERROR stop response login
response login request login DEBUG DEBUG service failed ERROR
service logout request cache timeout success response response stop
cache logout response cache database database request stop request INFO timeout connection
logout ERROR service logout WARN stop DEBUG
service connection cache start failed request service DEBUG cache WARN start
success ERROR INFO DEBUG connection ERROR ERROR timeout request success request stop timeout
connection request DEBUG service failed ERROR
connection start cache cache stop success failed INFO ERROR success service login timeout
cache INFO WARN timeout timeout failed start service service cache success connection start login
start cache database request start database login success stop INFO cache response
logout login login ERROR cache request failed database ERROR INFO success
response stop connection WARN service timeout connection response login INFO connection DEBUG
request failed timeout stop timeout service timeout ERROR request
ERROR cache failed success response stop start cache service WARN login login database database
database cache cache DEBUG WARN logout login service start logout timeout cache cache
WARN ERROR DEBUG start response database start success DEBUG cache DEBUG
service failed start connection response logout WARN
timeout response WARN WARN database
service connection failed connection service
success DEBUG database logout connection logout
timeout INFO service connection cache login login login logout INFO success
start database response timeout login failed request start connection cache success cache timeout connection
connection DEBUG timeout cache ERROR service WARN cache connection logout ERROR timeout database
database cache start service login success
connection response timeout logout login request logout start
database success start timeout start service login database
connection service login WARN ERROR service service WARN database request request
login success logout database success database DEBUG connection
INFO request login login login login cache failed database login INFO ERROR DEBUG response
response start WARN failed database service cache failed failed request
timeout service INFO login login stop success DEBUG INFO WARN
service service connection failed database service stop DEBUG service timeout cache WARN
response DEBUG INFO timeout service database
request response start success response cache stop ERROR service DEBUG database ERROR service
service WARN cache timeout ERROR connection stop stop
ERROR stop logout response WARN cache start login start success
request DEBUG stop ERROR start request timeout timeout WARN request timeout start INFO start
connection INFO stop start ERROR
database INFO request INFO timeout timeout failed cache success INFO cache failed failed WARN
failed DEBUG ERROR start logout
database connection cache cache WARN logout
cache response logout ERROR database logout timeout login timeout failed logout ERROR response success
login stop stop connection start service WARN ERROR DEBUG database WARN
WARN request timeout ERROR stop start request
failed service service WARN WARN connection
ERROR logout logout timeout database failed failed database stop logout connection logout response ERROR
logout INFO INFO cache timeout success cache logout stop cache DEBUG ERROR
timeout failed connection response logout database failed database request
success timeout WARN ERROR connection ERROR timeout
connection cache start request service
timeout login DEBUG login timeout stop start login start DEBUG start
start cache response ERROR response
INFO cache request timeout response service logout stop request timeout
ERROR INFO timeout logout ERROR ERROR DEBUG WARN login success failed
login WARN login success success failed
request success login service DEBUG
DEBUG start start success success request failed ERROR INFO start
start request connection failed response ERROR cache ERROR service
ERROR INFO logout DEBUG success success logout response failed DEBUG cache WARN start stop
login logout login ERROR ERROR INFO response cache ERROR request
WARN cache WARN INFO login response failed response response cache cache WARN DEBUG
ERROR service WARN response logout stop connection failed logout cache login logout service
login connection timeout database logout logout INFO connection WARN INFO failed
failed start request DEBUG request WARN request database
request cache failed DEBUG failed ERROR response service DEBUG
stop timeout stop connection logout success service request
DEBUG WARN DEBUG login logout cache
database failed INFO timeout connection logout failed logout ERROR cache failed timeout failed connection
response timeout success connection stop
response logout timeout service DEBUG timeout request logout connection INFO
logout login start logout ERROR
request response connection INFO timeout WARN WARN request DEBUG login
response database service logout login failed cache start success failed service
start DEBUG logout INFO service timeout WARN success WARN INFO login
logout success request login DEBUG cache success WARN service login cache login
start timeout database DEBUG stop logout failed start response stop request stop success success
service stop cache DEBUG database start timeout cache failed cache response success service request
INFO database DEBUG success database success start login INFO
ERROR service INFO ERROR database logout stop service login service logout response database
ERROR stop connection stop response timeout start failed start stop
connection logout WARN connection connection ERROR success logout stop DEBUG cache DEBUG timeout
database connection login request timeout response failed response response success success stop
cache success stop cache response database start login WARN database DEBUG DEBUG failed
response timeout connection login request DEBUG logout start start database database
INFO ERROR DEBUG ERROR ERROR cache database login ERROR logout timeout timeout
DEBUG timeout logout DEBUG response
success start ERROR DEBUG DEBUG success database start connection connection response
logout request database start start cache failed
stop database start database failed request timeout WARN DEBUG connection database cache
timeout login cache database request logout INFO INFO
ERROR service ERROR response stop database connection ERROR stop database database WARN
login stop request database success timeout stop success WARN stop connection request
stop failed failed connection failed WARN ERROR logout timeout
ERROR cache DEBUG request stop
logout success timeout service database login ERROR
database logout INFO cache cache login success INFO service response success
success response INFO WARN cache WARN
failed failed stop request success request WARN start failed request response
timeout connection request cache success INFO
cache WARN request WARN success INFO database database service timeout INFO start
stop connection response cache service service
success service database stop connection DEBUG service response start success failed login WARN
connection failed success timeout stop cache cache failed connection DEBUG database login DEBUG connection
start WARN logout connection stop DEBUG cache timeout logout database connection
start timeout logout ERROR start database response failed database
logout login start success cache logout timeout database cache ERROR ERROR
success WARN request ERROR WARN success INFO response success
timeout stop stop WARN database service failed database success connection logout
INFO cache database database connection cache
failed ERROR connection connection logout service timeout cache connection
login success stop response start start DEBUG database
database ERROR WARN ERROR cache connection database failed
start cache failed start DEBUG login timeout logout cache
login WARN login start service WARN DEBUG stop
login INFO service response request INFO connection service
connection WARN connection stop cache start INFO request cache DEBUG WARN response login
WARN start success DEBUG database request cache connection cache timeout
database logout DEBUG ERROR ERROR stop stop stop
ERROR logout INFO INFO cache stop success cache INFO success connection cache success
database stop connection login logout success response ERROR WARN INFO success
request connection INFO response request DEBUG database cache stop response INFO connection start WARN
request service database INFO service DEBUG timeout stop failed cache timeout login
DEBUG WARN response cache stop request
login start connection ERROR request
cache start login failed timeout login request login ERROR connection DEBUG INFO logout logout
success logout timeout DEBUG service stop INFO ERROR service success connection start cache ERROR
ERROR success connection connection logout request cache connection ERROR start failed
ERROR logout login logout success cache database INFO
request WARN database database WARN request ERROR database request
stop failed timeout login WARN logout logout DEBUG database login DEBUG response WARN
service timeout response cache failed login WARN cache
failed cache timeout login service start DEBUG INFO timeout logout success
service timeout start connection database service start connection login stop logout connection timeout service
WARN request failed timeout response
success service INFO service logout start service DEBUG failed
logout logout start ERROR INFO timeout login logout cache start success
connection WARN timeout cache DEBUG cache logout start
INFO service stop request timeout service ERROR timeout service cache request ERROR failed start
login response INFO ERROR request response request ERROR login service start
stop ERROR failed stop database
ERROR WARN service stop response service INFO
logout login login start login logout connection timeout ERROR connection DEBUG INFO WARN WARN
timeout stop timeout database timeout stop INFO start connection service
cache database cache request start logout database database ERROR
connection ERROR cache response success timeout connection
DEBUG database connection service success failed cache connection cache
request request timeout DEBUG service INFO connection database failed
connection connection login service connection service database request request
database connection database WARN start service WARN cache ERROR WARN success
DEBUG logout DEBUG WARN response failed database database login cache database
WARN stop logout ERROR login start DEBUG login stop
failed INFO service failed response WARN start database INFO request
success logout failed WARN cache success timeout database success stop DEBUG timeout WARN success
stop WARN response WARN failed start DEBUG service
failed database start cache ERROR login failed login logout service timeout
request database logout logout DEBUG INFO start stop failed success start
logout timeout database logout response logout INFO
failed ERROR login connection failed database INFO response INFO logout service
cache DEBUG logout failed login service cache response start DEBUG success
service service cache stop cache cache database database login INFO response database
request WARN database cache start login database ERROR connection database DEBUG
failed DEBUG timeout WARN database DEBUG
success ERROR request request ERROR
stop stop service database response response service login request ERROR request
stop database success request DEBUG connection cache response login stop login timeout INFO logout
request response login connection success
request success timeout DEBUG stop login login stop connection timeout
connection cache logout cache login start
login DEBUG success failed timeout INFO request cache timeout success DEBUG start timeout stop
response DEBUG service response database logout start
service INFO failed login failed connection logout database DEBUG response DEBUG ERROR logout
timeout start request start connection login service WARN cache request
logout start cache service response service cache database database database start
cache logout WARN failed DEBUG service connection stop WARN DEBUG database stop connection ERROR
success connection timeout database login stop timeout service success login login cache database
DEBUG login cache connection stop WARN response
cache logout request INFO ERROR ERROR stop request
timeout ERROR cache connection database start database start start cache
success connection response timeout login service DEBUG cache timeout DEBUG WARN failed
service connection stop request INFO failed cache INFO timeout ERROR WARN failed cache login
DEBUG connection login cache request start WARN connection request INFO timeout ERROR ERROR WARN
database connection logout success start
service logout WARN INFO database success start
request timeout response DEBUG ERROR login
login database request login start database DEBUG service stop
failed success logout ERROR cache success stop
WARN login success stop connection ERROR
stop ERROR ERROR connection ERROR request
failed cache response ERROR cache DEBUG WARN ERROR
stop stop logout login service response request login INFO
start database logout timeout login logout response failed database cache success stop start
login start database connection DEBUG ERROR cache WARN login
failed cache login logout logout ERROR stop
login cache cache DEBUG WARN start
failed login DEBUG service service timeout WARN cache
ERROR failed stop logout DEBUG database start cache INFO start
database response success cache logout INFO timeout
connection timeout success connection logout success INFO request request ERROR
response failed start WARN timeout service success request connection response
request INFO ERROR stop response DEBUG timeout INFO response
timeout service start service response DEBUG database success cache connection timeout start
INFO database database database cache start service cache logout start response success service
stop DEBUG logout response WARN database DEBUG timeout logout WARN DEBUG
WARN request connection stop stop request service success service WARN
success INFO success WARN login start response timeout stop DEBUG service INFO
failed database failed request ERROR ERROR login ERROR timeout connection
WARN DEBUG service stop connection connection connection
service start WARN INFO timeout timeout INFO database login
connection cache database ERROR service success ERROR
response success success timeout start connection failed DEBUG failed DEBUG DEBUG response
logout success failed WARN WARN connection ERROR cache success database connection request success WARN
login database service logout failed connection DEBUG timeout login DEBUG stop response database
response DEBUG ERROR database DEBUG INFO INFO logout stop logout connection login
response ERROR connection connection logout request failed connection service
connection connection failed service WARN logout database connection
response connection request service WARN connection start failed logout DEBUG
login database INFO WARN connection request INFO failed logout logout start response
DEBUG service failed connection cache timeout connection request success timeout database login response stop
service timeout request cache ERROR WARN logout start start connection response
DEBUG DEBUG start failed INFO
success INFO stop stop INFO database login DEBUG WARN database connection ERROR logout
success success INFO INFO INFO login connection timeout timeout success DEBUG stop request
WARN login request stop request DEBUG start response logout response login response
DEBUG response WARN WARN failed INFO service connection logout INFO cache WARN start database
start login login cache service INFO login response response response success DEBUG service
database cache stop service database start DEBUG INFO failed
WARN failed response ERROR success request response ERROR INFO timeout ERROR INFO connection
stop failed success WARN logout service
response response INFO database DEBUG DEBUG success
timeout success stop timeout failed login success
stop stop logout WARN request DEBUG
service ERROR start login DEBUG ERROR
cache failed response response response DEBUG DEBUG login connection connection stop
WARN success logout service start
WARN failed connection timeout connection timeout service response ERROR logout timeout login failed stop
timeout success success service DEBUG database database request success service logout
timeout DEBUG response cache login response ERROR INFO failed service DEBUG logout success success
stop WARN database failed database stop service failed start start service
start DEBUG DEBUG WARN failed connection ERROR service service response failed stop
connection ERROR ERROR response failed success INFO connection start stop cache service
WARN stop WARN database DEBUG failed timeout start logout request database response DEBUG ERROR
ERROR login login request cache connection login request service
login WARN failed login connection stop cache INFO request connection WARN start connection
request database response service response login login ERROR
service logout response failed stop start login connection login
WARN connection cache cache service WARN cache login timeout stop logout request database response
login success DEBUG request request failed response WARN failed cache success success
database success stop ERROR connection stop INFO request ERROR service WARN request
cache database DEBUG login timeout cache
ERROR INFO WARN connection request login success WARN INFO database cache start
failed WARN INFO service timeout
success DEBUG login stop ERROR logout failed success timeout success
database connection service service login request
WARN INFO response response success login
logout start success INFO database cache INFO start
response start login connection service connection INFO login
stop database response login logout cache start connection WARN
timeout INFO cache ERROR start
logout failed WARN cache connection success start ERROR INFO database
service login response timeout login response connection logout ERROR logout success cache
request login login DEBUG success connection timeout success WARN response logout DEBUG failed
database service DEBUG login WARN ERROR ERROR timeout response connection database INFO stop timeout
service service WARN response INFO failed ERROR logout timeout
service INFO failed WARN response response stop service
INFO cache timeout cache service
success INFO DEBUG cache logout start INFO logout
login DEBUG WARN database response stop cache database
start request database cache request
login request cache cache cache success
stop cache failed start service start stop
cache service ERROR database cache cache
DEBUG INFO timeout connection request response request
failed INFO ERROR success response stop start failed database INFO request
logout start request start login service logout start service start stop database start
start stop connection WARN success login cache ERROR stop start login response stop
service request success ERROR WARN cache database success cache timeout
cache DEBUG success response DEBUG login
DEBUG start login cache service
logout response start request login connection INFO WARN response DEBUG DEBUG
failed response INFO response start login timeout response failed
timeout DEBUG request WARN INFO database success cache request stop failed
INFO INFO start login logout stop start service login timeout ERROR WARN start database
login stop service logout login
WARN login connection cache start login INFO success
timeout failed success stop login database timeout start request ERROR
logout success connection service connection failed database request INFO
ERROR timeout logout stop login timeout stop INFO stop failed DEBUG stop
success request database database timeout
login logout WARN cache failed
start ERROR service service success failed failed login request start cache service
response database service database failed database WARN response start request
login WARN start cache cache ERROR DEBUG DEBUG start service
connection stop timeout stop failed start failed success cache WARN success
cache WARN service success cache request response failed
ERROR ERROR connection INFO DEBUG INFO logout response response login cache timeout
start INFO login start DEBUG start request DEBUG timeout INFO request
login DEBUG start cache logout success WARN DEBUG
connection cache login DEBUG start stop WARN failed database
DEBUG failed logout request request failed WARN cache
connection timeout stop service service connection success
ERROR logout response WARN cache logout
connection INFO failed INFO failed DEBUG login database
timeout INFO WARN start login cache service cache DEBUG database
service database logout connection start failed
connection WARN success stop cache login cache login INFO failed login response start
start start login database cache database INFO timeout stop
INFO database DEBUG cache DEBUG login connection stop login stop request login service
cache INFO request ERROR request success response
success INFO WARN login service connection connection ERROR login INFO
stop request cache ERROR request login logout database stop login response stop failed DEBUG
timeout request timeout database stop stop DEBUG response stop failed
DEBUG timeout failed failed failed failed
start ERROR database login cache ERROR connection timeout WARN cache connection service login INFO
ERROR INFO success failed connection success
service connection DEBUG response database
start failed DEBUG database connection
INFO DEBUG WARN cache login success ERROR database failed success success response
database database WARN DEBUG service connection start cache ERROR
logout cache database stop connection response DEBUG cache success stop failed
service cache INFO stop logout failed start DEBUG
ERROR DEBUG timeout INFO login login database
WARN timeout start cache connection timeout response timeout DEBUG response
connection stop connection DEBUG connection service start
cache WARN INFO DEBUG cache cache DEBUG request ERROR
WARN stop request logout response stop success DEBUG
cache response login success cache logout success WARN timeout database
WARN login success WARN DEBUG start INFO
connection logout logout failed stop timeout WARN login service login start database database
connection failed INFO ERROR WARN service stop
WARN success database service response INFO DEBUG DEBUG connection failed success
WARN success stop connection logout WARN start INFO
stop connection start success stop DEBUG start timeout INFO connection service WARN database
success logout failed success start database WARN start
ERROR DEBUG request start cache success login logout
start failed response logout cache cache
failed request logout INFO database logout cache start INFO connection
login INFO timeout failed ERROR database DEBUG request
DEBUG response request response request connection DEBUG ERROR response
service response INFO logout request DEBUG connection logout connection request
service failed timeout database database
login database WARN logout WARN logout logout stop WARN cache WARN INFO
start ERROR logout response failed failed failed timeout connection service DEBUG request
DEBUG WARN timeout service connection failed
INFO success timeout failed database timeout WARN WARN logout
stop logout login stop failed failed ERROR success DEBUG request service
WARN timeout stop stop ERROR timeout service WARN connection timeout login stop response
request INFO success ERROR database
database database INFO DEBUG response DEBUG cache connection INFO login WARN timeout
WARN DEBUG start DEBUG cache timeout WARN DEBUG database response ERROR
connection WARN ERROR DEBUG service
timeout stop timeout success response
INFO logout request service DEBUG stop stop stop timeout success service stop DEBUG
WARN cache logout success connection service logout start INFO stop database INFO service
service start success logout failed ERROR INFO timeout INFO stop stop cache
request response start ERROR WARN start
WARN connection database connection connection
database failed INFO timeout success DEBUG response cache start connection INFO connection
logout stop timeout failed cache success connection ERROR timeout ERROR start INFO DEBUG
database service response DEBUG failed response start logout response
WARN logout request WARN failed WARN DEBUG DEBUG stop response logout service start ERROR
database WARN start login service INFO
logout start start request stop INFO
logout request WARN logout start stop INFO INFO
timeout start failed DEBUG service WARN DEBUG DEBUG cache database start
login INFO login database timeout response DEBUG
logout failed cache failed start start
timeout cache connection login start WARN timeout WARN timeout response INFO DEBUG failed ERROR
DEBUG service ERROR DEBUG INFO request stop response
response logout login INFO login failed request failed stop DEBUG logout DEBUG service WARN
request database connection start response service WARN
success failed ERROR DEBUG login service timeout request logout start success login response
connection service connection logout service
cache database request ERROR INFO
INFO start login timeout ERROR stop response request database failed failed request timeout
DEBUG ERROR cache stop response ERROR logout connection ERROR
cache WARN DEBUG cache logout logout WARN success
response connection database cache INFO cache response request WARN
WARN database WARN service failed start failed stop stop database response timeout
INFO connection WARN cache cache connection INFO DEBUG WARN
service response success success logout timeout
request response logout stop ERROR INFO stop login database
WARN timeout ERROR cache success logout DEBUG ERROR stop cache
timeout logout login success stop stop DEBUG response logout logout request DEBUG connection
DEBUG INFO database service logout service DEBUG start INFO start WARN INFO stop failed
INFO start WARN database ERROR logout service cache request response
cache connection service request request response WARN WARN
start connection failed start request request service service connection connection logout success INFO service
start cache DEBUG logout database ERROR stop logout
service success connection request DEBUG database
logout timeout start stop DEBUG cache request
connection DEBUG service start ERROR request
cache service database success ERROR database success start DEBUG connection start success INFO
connection connection start failed DEBUG
connection failed logout service failed success service DEBUG
DEBUG connection service WARN success DEBUG
request INFO timeout logout DEBUG cache connection login service
cache ERROR service stop stop ERROR response response request success connection request DEBUG
success database failed timeout logout success start response
success failed WARN WARN stop start timeout timeout database database
INFO start logout response WARN service ERROR stop connection response database database WARN service
response login failed service start database stop ERROR DEBUG INFO connection cache
response connection failed database ERROR ERROR request login
logout cache DEBUG stop database ERROR
failed response request success request DEBUG response response DEBUG start database WARN
DEBUG DEBUG WARN request login login success stop
INFO connection start INFO response response DEBUG
response request login cache start DEBUG WARN connection DEBUG cache timeout
INFO logout INFO logout request service timeout stop connection cache request stop request
ERROR service DEBUG cache database response
start timeout login service cache INFO request start connection stop failed ERROR
start success service connection database DEBUG DEBUG failed INFO request
timeout logout ERROR cache ERROR
timeout timeout timeout INFO INFO start cache INFO service failed service logout timeout service
success database WARN stop start
connection service cache cache database connection response logout DEBUG connection cache failed
cache request database failed stop
login INFO connection response WARN start logout failed database INFO
DEBUG timeout DEBUG request success cache WARN WARN timeout INFO
service service INFO request timeout INFO
timeout WARN failed stop login timeout stop cache WARN response connection logout database
WARN ERROR timeout WARN response service request connection service timeout
login success start connection service start cache cache ERROR database database INFO INFO database
DEBUG request login failed start start logout success success logout DEBUG
timeout logout INFO logout login
login login timeout cache login cache cache response response response DEBUG INFO
login timeout database success request response DEBUG ERROR stop connection WARN
ERROR login database stop database logout DEBUG success timeout
DEBUG response cache DEBUG success WARN INFO failed start
connection success service timeout stop timeout logout request
timeout success database WARN login failed failed
INFO database response logout INFO connection DEBUG failed
INFO cache login connection start response login DEBUG
WARN logout success stop WARN stop
database response DEBUG timeout failed response WARN start response timeout
DEBUG cache response service INFO database ERROR start cache WARN cache WARN logout WARN
ERROR success response failed INFO DEBUG WARN request connection login login
database login failed login login
failed ERROR service failed logout success WARN start INFO response logout
ERROR ERROR start timeout connection request stop start success ERROR service logout
connection WARN login response DEBUG start success
success stop stop WARN database login failed ERROR
request database WARN WARN login database
connection service failed response response connection failed ERROR service ERROR start ERROR failed
login ERROR connection request login
stop login stop WARN ERROR login WARN login database service service timeout stop
DEBUG connection request timeout response service response WARN connection INFO cache service
start stop service connection logout stop
WARN timeout database response ERROR response start login start INFO
connection timeout INFO database service database start database database WARN stop
success success WARN DEBUG start request WARN logout database database login database
start logout database start stop failed database
DEBUG ERROR start logout WARN database failed start stop success connection timeout start start
login response timeout success response DEBUG DEBUG DEBUG DEBUG timeout login
INFO login stop service database database
ERROR cache DEBUG connection request response logout timeout ERROR
cache connection response ERROR service timeout INFO stop login
database ERROR database success connection connection WARN INFO connection stop INFO cache INFO
connection WARN success service cache request service INFO connection start
login response WARN failed DEBUG ERROR service INFO ERROR
logout logout service timeout WARN connection connection success DEBUG logout request
success service stop service request
WARN database success INFO response stop WARN login DEBUG response
stop success stop database start request service WARN ERROR login
connection timeout connection failed start service login cache
success INFO failed request DEBUG
start DEBUG INFO service request connection cache
DEBUG INFO connection cache stop DEBUG
login response service request connection start request connection WARN ERROR login login cache
database INFO logout request INFO DEBUG timeout WARN service INFO INFO service stop
logout request login start timeout connection failed stop stop logout
service ERROR logout timeout ERROR ERROR timeout login cache
logout cache login start WARN
success INFO database DEBUG service stop response response success response start stop timeout DEBUG
service timeout connection cache success response
cache DEBUG logout connection service ERROR login request start DEBUG
database service login failed cache timeout timeout response failed request request DEBUG DEBUG
connection timeout cache response cache connection response start
stop DEBUG DEBUG stop login stop failed connection timeout stop stop failed
request timeout logout DEBUG failed
login service DEBUG WARN DEBUG logout
DEBUG start WARN database success response cache success DEBUG response cache cache
service database ERROR start WARN login stop start logout database WARN database connection
database stop ERROR cache DEBUG
failed DEBUG timeout WARN INFO cache DEBUG
timeout DEBUG WARN failed DEBUG connection start logout timeout connection stop success
service DEBUG start DEBUG start logout logout stop
success ERROR cache start connection failed start
ERROR stop connection database logout success ERROR response login login service request start WARN
DEBUG login ERROR INFO timeout INFO database service failed
start stop stop login stop timeout timeout request
logout start success request start start cache ERROR database INFO
timeout ERROR failed login DEBUG success cache database connection ERROR service cache stop
logout DEBUG timeout ERROR stop ERROR timeout login request ERROR start success response
success request start ERROR response connection database service response database INFO logout request connection
ERROR WARN DEBUG stop connection WARN connection INFO DEBUG connection INFO database
service WARN logout cache ERROR service database failed service success stop logout
database service logout success WARN
stop start ERROR timeout connection logout
database success ERROR cache start
response ERROR start service login
response WARN connection start stop INFO connection response request success
cache success response failed ERROR WARN login start login ERROR logout
logout WARN service connection login WARN
ERROR cache WARN cache ERROR start service request success
database stop connection login stop request success
ERROR login start DEBUG login response response ERROR login response timeout
response request service stop timeout INFO WARN INFO service ERROR ERROR database
failed database ERROR start ERROR ERROR connection logout INFO WARN
ERROR database failed ERROR start WARN logout DEBUG failed
ERROR request timeout cache success connection request stop success
start success logout login login request INFO DEBUG WARN
success WARN success database DEBUG response failed stop ERROR cache INFO start
cache DEBUG service login response DEBUG ERROR
connection cache stop success database ERROR start
login cache failed connection success logout success response database response
database failed ERROR cache service WARN response timeout stop DEBUG service cache success response
timeout service cache connection WARN WARN connection DEBUG stop success request
success stop request DEBUG database INFO timeout failed database start
cache stop failed timeout service WARN success timeout
WARN service cache stop cache timeout cache timeout DEBUG
INFO WARN failed failed cache INFO ERROR DEBUG INFO
database DEBUG failed service failed service login DEBUG database request logout start login ERROR
cache start connection success ERROR cache
stop connection success success timeout
logout timeout DEBUG success INFO logout cache database response DEBUG logout ERROR
timeout success cache response failed login database cache timeout failed
connection login failed database database failed failed timeout WARN cache success stop failed INFO
WARN request INFO response DEBUG database login timeout
response response database success logout login response WARN cache start ERROR
logout cache request stop success response service request
request WARN ERROR connection start ERROR service cache connection
stop start DEBUG stop success response cache start stop success database logout start
cache request service stop login success INFO stop login
failed service start stop stop start service response DEBUG failed
database INFO success failed start DEBUG database service DEBUG response failed
login INFO database timeout success stop response request request response stop stop stop
ERROR timeout INFO connection database success timeout timeout success WARN service
database DEBUG success WARN request ERROR cache cache timeout request login DEBUG start INFO
database failed WARN request cache service
stop WARN service login stop service
start cache logout service connection
logout database database database connection request
ERROR stop start database response INFO timeout timeout failed success login connection
service ERROR ERROR database INFO
service WARN timeout database connection request request response service ERROR ERROR response DEBUG
response response cache timeout login logout success service success database cache timeout DEBUG
INFO stop INFO timeout timeout INFO logout failed start DEBUG success INFO response database
failed logout login DEBUG INFO ERROR service WARN logout stop DEBUG ERROR request failed
timeout stop request INFO response service login INFO request login
DEBUG service login cache DEBUG
connection DEBUG login login service WARN database ERROR WARN
response connection DEBUG request start cache request timeout INFO
start connection ERROR timeout ERROR success failed WARN stop logout request WARN
connection login WARN WARN DEBUG
service response INFO timeout stop success stop start success connection
request request timeout failed logout DEBUG start success INFO login ERROR stop
connection logout service cache success success stop connection
response request DEBUG login timeout stop response ERROR connection login database stop cache
database INFO failed failed logout start request request cache start stop login start
start ERROR database response service success cache WARN
start timeout failed ERROR connection stop service stop failed request
database login stop service cache login
timeout start ERROR start database logout login service stop
timeout stop start INFO ERROR WARN request ERROR
start start ERROR database cache DEBUG
failed connection request request request INFO database
failed database connection connection connection response success
success connection ERROR connection timeout ERROR
ERROR database service stop success
login timeout timeout database INFO request timeout login failed
stop response request start DEBUG login response database
success stop cache connection success logout cache login database
INFO response ERROR response WARN WARN failed login WARN WARN ERROR stop database
database start DEBUG stop cache connection database INFO DEBUG timeout DEBUG
start INFO request logout stop start WARN stop failed WARN cache stop
cache connection ERROR cache WARN
success DEBUG service INFO DEBUG
failed connection success DEBUG request
logout success WARN service ERROR database WARN failed DEBUG
database stop ERROR DEBUG ERROR request login success INFO database
timeout timeout logout timeout connection request stop
success response INFO start DEBUG DEBUG response start
WARN connection response timeout INFO login timeout stop failed stop DEBUG request ERROR
cache connection ERROR database WARN service database ERROR request ERROR ERROR database connection logout
database service cache login WARN timeout response start service timeout response
database service connection login cache
WARN failed start success WARN failed cache
connection timeout database service login connection request failed start logout success
logout timeout cache stop success response start login stop start success login
logout timeout cache failed DEBUG service
success connection success timeout response WARN ERROR ERROR
login failed request DEBUG cache INFO request start database timeout
DEBUG logout DEBUG INFO service request connection response
success timeout failed ERROR failed success connection failed connection
stop database failed WARN INFO success database response response
database service response database success failed connection
INFO ERROR success database WARN connection logout DEBUG login stop database
request WARN success service INFO request ERROR stop
WARN connection success INFO ERROR cache logout login start logout request
database start response DEBUG stop success database
cache success success success service WARN service cache
start database INFO database database DEBUG DEBUG start response stop DEBUG WARN request
connection service login DEBUG success response start failed ERROR response success database
connection start start connection cache response cache start
service timeout database DEBUG service DEBUG failed
response INFO database start DEBUG failed logout timeout WARN ERROR connection response failed
ERROR ERROR timeout success start logout logout start start failed
request success timeout connection login DEBUG WARN response login
WARN request service success start response response success service DEBUG service
WARN connection stop failed request cache
failed response stop INFO timeout service start
ERROR ERROR service connection start response ERROR login cache database
database success database DEBUG failed success INFO ERROR stop cache
ERROR connection WARN service failed logout INFO response cache ERROR
logout failed database INFO timeout INFO cache logout timeout success response
logout DEBUG cache DEBUG cache start login login timeout database cache
stop failed login WARN database stop stop WARN login service database response
login ERROR success failed service cache connection ERROR connection failed service request ERROR service
request INFO cache database login logout logout DEBUG request
stop DEBUG logout stop response INFO logout timeout failed success success WARN
success database success timeout stop failed DEBUG login
database connection stop stop stop database logout WARN service connection WARN
WARN start WARN cache database database response timeout ERROR response service
ERROR request stop request stop service WARN WARN request request connection request logout
failed start start logout WARN start stop timeout failed timeout database
start start WARN service service timeout INFO database DEBUG
cache timeout connection cache cache cache cache connection
request request logout cache timeout stop request INFO start service WARN failed
login INFO database start login timeout service DEBUG stop cache database logout WARN
request service request cache service
ERROR WARN response timeout response
logout cache success ERROR ERROR response request ERROR logout stop WARN stop failed timeout
INFO ERROR service response DEBUG success cache ERROR failed service response stop request
timeout logout start response start stop connection database timeout logout
INFO database login failed database logout WARN connection logout WARN
start service success response success INFO INFO stop
INFO database request request start failed connection WARN logout login response request
ERROR timeout failed failed cache timeout stop success start stop
start service database start failed timeout stop connection request
service timeout logout INFO DEBUG service logout login response WARN INFO ERROR response
service WARN failed start login DEBUG database database response response start response ERROR
request stop start ERROR request WARN login WARN response request INFO login start timeout
INFO INFO service login INFO ERROR connection failed login response WARN start failed
timeout INFO request response INFO WARN WARN request
database connection service ERROR login cache cache failed
cache connection stop logout connection stop database WARN INFO
WARN stop timeout failed cache cache start start INFO connection DEBUG
stop request database INFO service ERROR start response cache database
success WARN cache ERROR WARN database
service service INFO INFO connection
response request WARN service service logout stop
timeout ERROR timeout request failed start start ERROR login start stop success
timeout response login WARN connection
WARN ERROR logout WARN timeout
ERROR WARN WARN failed ERROR WARN cache
failed DEBUG service connection response stop request request
WARN request login WARN login INFO service
request DEBUG start DEBUG timeout response connection request response
INFO INFO database start response stop timeout
request WARN success request success ERROR logout service ERROR WARN connection timeout database ERROR
login logout request login response ERROR stop start DEBUG response start logout database service
cache DEBUG INFO login timeout failed ERROR logout stop stop request stop WARN
cache ERROR WARN start database success DEBUG start failed success response INFO
service response INFO request failed connection success response failed ERROR response connection service logout
connection connection stop DEBUG success DEBUG connection connection login DEBUG stop stop failed INFO
connection logout start failed failed response failed database
connection WARN start WARN database request
connection INFO request service connection login timeout
connection logout WARN cache failed logout start
timeout failed cache failed request service timeout failed
logout request request DEBUG database cache ERROR request cache service INFO connection response login
request INFO logout WARN DEBUG response logout DEBUG connection INFO timeout timeout login timeout
cache response login service DEBUG
WARN database cache service success start ERROR
failed logout ERROR service response service request failed timeout timeout request DEBUG timeout
login connection connection service database logout failed connection timeout
connection cache INFO response request timeout database timeout timeout service
INFO connection connection login cache connection response success stop login
INFO DEBUG stop start success cache stop success INFO success
stop request timeout start service logout cache cache failed
logout database start timeout INFO start success WARN logout login cache login
login request login failed WARN ERROR database service login cache database
cache failed cache start INFO service request start
stop service login response stop success DEBUG request cache database
logout database failed connection service
timeout stop ERROR request login INFO timeout DEBUG ERROR login response login database success
stop database cache stop service INFO cache request
service cache database stop WARN stop success logout response response request
response service DEBUG stop start service stop DEBUG response response
database stop stop cache connection INFO login login
service cache stop response response success WARN failed connection success start
WARN start start connection response stop
database INFO WARN database failed WARN ERROR login service
timeout request login connection logout logout cache response login start
INFO start connection DEBUG DEBUG response start WARN WARN database
request failed service timeout connection response login
failed logout WARN ERROR start
request response start cache success response database start connection logout stop stop login
request logout DEBUG cache connection database success login DEBUG request database
WARN connection logout connection DEBUG success failed failed cache response DEBUG success ERROR logout
logout service database service service start
