database connection service cache ERROR stop timeout DEBUG WARN request ERROR database cache service
start service INFO DEBUG timeout
success failed database connection cache INFO start login INFO stop WARN start database
INFO database DEBUG failed DEBUG start start login response connection
service database request cache cache stop connection database success failed login login ERROR
logout INFO logout WARN login
ERROR WARN DEBUG DEBUG logout connection logout request start INFO login request timeout
stop start database connection ERROR failed database timeout cache logout request DEBUG response start
database success ERROR WARN timeout INFO request
INFO failed WARN login failed DEBUG request cache
login INFO INFO DEBUG cache timeout request login
success DEBUG INFO DEBUG success success ERROR request request start DEBUG response success
timeout stop connection ERROR success request service
failed start request database request response DEBUG request failed INFO start DEBUG success ERROR
start stop success service failed connection connection timeout failed INFO cache
stop connection failed ERROR cache login logout ERROR DEBUG timeout logout stop response connection
connection service timeout connection stop success
connection cache DEBUG timeout connection
ERROR cache failed timeout start INFO response service request logout ERROR WARN
WARN response stop request INFO timeout
logout WARN service connection login database
response login login connection WARN success ERROR failed service failed
start failed cache DEBUG success service database service INFO cache connection failed timeout
response response database connection start logout ERROR
success DEBUG request response response ERROR login success database INFO
request login response success start login DEBUG login
request start success DEBUG ERROR logout DEBUG INFO database start cache service ERROR ERROR
INFO WARN request cache request INFO service service service failed
request success connection service timeout cache success
request WARN database service connection
WARN DEBUG INFO cache ERROR database service request service service
stop request WARN database cache request login database
start success INFO service service INFO failed database service login
success response logout database failed ERROR request request success failed
stop logout logout cache login logout failed
response timeout logout ERROR timeout WARN INFO
connection INFO start success request timeout service start ERROR login DEBUG
DEBUG request logout stop request service database INFO response stop database WARN service
ERROR INFO cache failed response ERROR login INFO login
DEBUG timeout WARN start success connection stop failed service
connection ERROR ERROR stop WARN login WARN request failed start failed start
database timeout cache response stop login failed database ERROR response INFO
DEBUG timeout service stop response request DEBUG ERROR connection
connection failed DEBUG WARN failed WARN DEBUG database DEBUG
DEBUG timeout failed stop failed logout login database database
login stop DEBUG request request cache login DEBUG response timeout logout login DEBUG
service login cache INFO failed request connection logout DEBUG start success connection service
timeout logout DEBUG timeout failed stop
response timeout ERROR ERROR cache WARN stop
DEBUG WARN login ERROR timeout INFO database WARN timeout login INFO success
timeout WARN service ERROR ERROR cache logout request stop
ERROR database INFO request ERROR stop INFO request request WARN cache
success logout DEBUG login cache service response DEBUG
WARN WARN WARN WARN response
ERROR success connection DEBUG timeout start service logout request service INFO INFO failed
success DEBUG cache response failed stop timeout DEBUG
login login success failed start connection stop timeout request cache
stop response service connection logout timeout database logout success success
service database success start request WARN connection connection database connection logout
login start login WARN ERROR database failed
start DEBUG failed service WARN success logout login stop response DEBUG response
stop INFO service logout cache response
stop INFO connection INFO DEBUG logout stop connection start ERROR failed timeout
ERROR database cache cache ERROR
INFO stop WARN ERROR timeout response ERROR failed start connection WARN DEBUG success connection
start start logout cache timeout connection service login ERROR success stop
logout DEBUG stop INFO request
login failed cache stop DEBUG DEBUG timeout failed WARN
DEBUG start service cache failed DEBUG response ERROR stop DEBUG INFO failed
failed failed INFO DEBUG stop ERROR WARN DEBUG cache WARN connection ERROR connection database
start ERROR failed ERROR ERROR service cache
login request success success ERROR logout connection
failed timeout service request start
stop INFO failed INFO logout database login logout start
DEBUG success request response start request
WARN stop WARN WARN DEBUG login stop
stop database response response database database failed
INFO success database cache cache stop database service WARN database logout WARN request
login start timeout cache ERROR login service INFO
login timeout request start request start request INFO WARN start
request response start timeout database cache ERROR DEBUG
WARN ERROR response database login success logout WARN start request service failed cache login
database DEBUG INFO ERROR connection cache request
INFO success ERROR failed INFO start service failed failed response stop start connection
INFO WARN DEBUG start connection INFO login login start database failed WARN login
start response INFO failed request connection start login start response failed
timeout request ERROR WARN DEBUG
INFO service DEBUG failed success failed service WARN request connection start logout success
success success login start success ERROR
cache service connection stop failed cache login login ERROR timeout request connection
logout stop login service request response WARN response stop
INFO request service cache request
stop logout failed login DEBUG cache INFO timeout WARN connection
database ERROR failed WARN connection login failed login logout request INFO logout
service login database start INFO logout service database
connection response login service connection start database database
cache INFO ERROR stop database connection logout ERROR database start failed response stop request
success service cache timeout stop cache start stop response ERROR success WARN cache WARN
database connection connection stop stop start WARN WARN stop cache WARN WARN service logout
ERROR ERROR WARN stop database
connection start start start start WARN request
response INFO connection WARN DEBUG logout response WARN WARN login
stop database response success database logout ERROR database cache INFO INFO success login
cache timeout response response connection DEBUG response failed timeout logout
start INFO DEBUG service success login connection INFO success login logout
service INFO timeout login ERROR logout logout logout connection start cache cache
WARN timeout connection connection INFO response database service DEBUG
success connection response cache response
database connection INFO start cache WARN WARN DEBUG cache database service
service INFO success response success login INFO database
WARN failed cache logout INFO
connection request timeout success timeout INFO database timeout INFO logout ERROR database logout ERROR
stop INFO login request timeout
success database timeout WARN failed failed response login start request timeout logout failed service
login INFO service logout stop service WARN
ERROR cache INFO cache DEBUG stop
response stop stop failed timeout failed cache login
timeout ERROR failed DEBUG failed DEBUG cache
DEBUG WARN start INFO success success database request timeout success DEBUG logout service timeout
failed database cache service login timeout failed connection connection database cache
login cache success database logout connection start connection cache
response database connection timeout INFO database stop login
success DEBUG INFO WARN login login failed DEBUG
failed WARN logout WARN stop stop database database logout ERROR WARN cache start
start database cache start INFO ERROR response stop request timeout
timeout connection DEBUG DEBUG connection
DEBUG success request WARN request cache logout WARN ERROR WARN
stop WARN stop connection DEBUG connection response
logout cache database response connection ERROR response failed timeout
start ERROR WARN cache failed start success database WARN ERROR INFO
timeout stop service success WARN WARN stop response
stop success service failed logout ERROR
response start ERROR cache timeout cache login database ERROR success WARN response INFO response
INFO stop failed DEBUG response response
service DEBUG stop INFO cache WARN failed timeout
service INFO INFO logout connection WARN response
request login WARN INFO stop database login login response database service
login timeout DEBUG DEBUG response start start connection response DEBUG failed
request logout timeout ERROR login connection DEBUG INFO failed failed response success failed timeout
ERROR response service logout success timeout failed DEBUG failed success logout database
WARN success INFO logout service success
login database ERROR login stop service WARN response
failed failed failed stop connection
cache request ERROR timeout connection request INFO cache WARN service success
cache WARN response connection database success stop timeout DEBUG response
response failed start login failed WARN WARN stop login
start cache start DEBUG cache logout request failed logout
logout success start request success ERROR request start response logout service connection
login start connection login start start timeout failed service database
request request start request DEBUG ERROR timeout connection DEBUG
failed logout stop start login timeout INFO ERROR cache
WARN start cache service INFO service WARN
stop logout timeout connection start login login
request database failed request INFO DEBUG timeout logout request success timeout request database WARN
stop request service stop WARN start failed cache
connection response failed start stop request
ERROR database connection response connection cache login request timeout database response cache connection
INFO failed request connection start INFO success INFO request
DEBUG cache INFO timeout logout WARN failed response cache
start service DEBUG failed stop INFO
response request INFO cache service WARN failed timeout
WARN failed login cache connection DEBUG timeout
WARN stop login timeout connection INFO timeout response logout ERROR service login
timeout WARN stop ERROR login service service WARN stop failed ERROR INFO success
response timeout database response database INFO DEBUG ERROR request response failed
logout ERROR database stop failed connection INFO
INFO logout DEBUG timeout success request success cache INFO start
stop database login login ERROR response DEBUG WARN
timeout DEBUG request database INFO stop start WARN success cache
logout DEBUG timeout request DEBUG service timeout
cache stop INFO connection success start success success success
request request response connection timeout cache database
database service response logout service ERROR
service login ERROR start request cache stop ERROR stop start
start stop ERROR INFO login connection database database database request success timeout login
response ERROR response ERROR start success stop response success database cache
login cache start cache failed start logout start DEBUG stop start database logout DEBUG
start INFO response DEBUG connection request success timeout timeout connection
logout logout DEBUG success stop ERROR WARN
cache service WARN INFO connection database WARN response response login
DEBUG DEBUG failed logout request timeout login
DEBUG timeout start cache stop login cache
login database timeout login cache logout INFO INFO failed
stop ERROR timeout request start response timeout cache INFO INFO
request service success request service login login DEBUG service
DEBUG stop ERROR start failed logout INFO stop INFO success failed connection
logout success cache INFO service WARN stop request
cache failed DEBUG failed service timeout DEBUG INFO INFO timeout
login DEBUG timeout database timeout service WARN service logout stop database INFO database
start failed WARN response timeout start login WARN timeout response login INFO cache INFO
start DEBUG stop database logout ERROR response failed logout
DEBUG service start service request failed
request database connection INFO logout DEBUG response failed INFO response connection DEBUG
request failed ERROR WARN connection timeout start
failed failed success login ERROR ERROR response
cache failed failed logout failed timeout
cache cache service request cache service success start timeout ERROR success request
database request DEBUG database WARN WARN request failed connection failed service database ERROR
database logout stop start timeout INFO
request timeout connection connection timeout service WARN ERROR stop failed
logout INFO login ERROR success
success INFO service logout start WARN start service connection WARN start INFO logout start
WARN connection login WARN connection failed failed WARN timeout failed connection timeout login DEBUG
failed database response request INFO
stop stop start connection request start service request response request INFO request
database ERROR ERROR DEBUG service cache request logout connection
failed response INFO timeout DEBUG service
timeout start WARN start response stop response success stop start login stop DEBUG service
response stop DEBUG INFO response request connection failed stop DEBUG request DEBUG cache stop
start stop stop service response service logout response cache start connection
failed response DEBUG response start start timeout
logout start failed timeout DEBUG WARN DEBUG response ERROR start cache response success database
cache INFO ERROR login start failed logout database
start DEBUG login INFO service connection logout request stop WARN DEBUG database service timeout
database DEBUG start connection request DEBUG INFO
success request stop logout failed request login ERROR WARN
login timeout response service ERROR cache DEBUG success connection DEBUG
failed ERROR INFO service connection INFO
response service timeout DEBUG connection cache start login login service WARN cache timeout connection
response ERROR WARN request database failed WARN ERROR cache cache logout success INFO timeout
start response WARN cache WARN ERROR start WARN INFO
start request timeout DEBUG service stop INFO ERROR timeout connection logout login
service INFO start timeout request failed
service login stop failed stop success logout success database connection timeout connection service
stop ERROR ERROR failed DEBUG connection success WARN INFO failed start stop response
INFO response response response database cache stop connection ERROR cache database
failed DEBUG failed ERROR login DEBUG success response DEBUG logout logout logout DEBUG WARN
INFO success WARN failed DEBUG
response request DEBUG DEBUG response ERROR database DEBUG logout cache
DEBUG stop failed INFO start service request timeout logout cache
database service service success logout stop logout start
database DEBUG timeout cache request service logout DEBUG
request stop service cache request failed success failed connection timeout timeout request WARN
cache INFO stop start connection request response DEBUG
logout ERROR response response timeout request
WARN service service database request DEBUG success login stop cache database request
timeout request success stop ERROR response response connection ERROR failed login database
success cache DEBUG database DEBUG database failed WARN logout cache ERROR ERROR
success DEBUG WARN DEBUG success logout connection
database logout WARN database connection login WARN service INFO stop start
login logout login DEBUG DEBUG service INFO
failed database WARN timeout success response
DEBUG response INFO request failed WARN
timeout WARN service success success response request timeout login login INFO login
response cache WARN login cache login ERROR ERROR connection
connection request response request cache start stop service timeout WARN timeout service success
login INFO cache start timeout login success
success response timeout start success
login service service stop WARN service connection timeout
stop logout cache cache failed INFO cache ERROR database logout
INFO login response database response cache request WARN ERROR request
request stop timeout timeout start response success
failed DEBUG database ERROR response timeout logout logout failed stop start start
failed ERROR DEBUG database failed response cache database timeout
failed service cache response success DEBUG service INFO ERROR connection timeout database stop success
cache service success cache DEBUG login timeout start database DEBUG database connection connection
DEBUG response stop connection WARN stop service start success failed ERROR
failed INFO connection response timeout ERROR connection ERROR logout
cache ERROR response logout failed database WARN
logout response login cache WARN WARN connection connection response logout
logout DEBUG ERROR cache logout stop
start WARN response connection logout success timeout
success cache start database response logout cache response database cache failed database
WARN logout failed connection logout service response success
stop success WARN database service DEBUG start logout cache timeout
stop start cache failed login timeout success service cache failed INFO failed success
response cache success start logout start
start start timeout logout success logout timeout ERROR success request logout DEBUG
timeout start login cache timeout service success logout request cache service stop
service DEBUG service login login response login timeout service database database success
logout INFO INFO service service
WARN login DEBUG DEBUG login DEBUG database response WARN success start
service database failed success database logout timeout stop DEBUG success database request request response
failed INFO WARN DEBUG ERROR
cache login WARN start ERROR service failed ERROR timeout DEBUG login service success response
INFO login success service logout
failed start success request DEBUG failed request logout DEBUG
response start cache INFO DEBUG ERROR ERROR service request DEBUG login database login
login connection response DEBUG failed INFO response ERROR
failed connection connection ERROR database WARN service request
success WARN cache connection stop
stop cache stop response cache login cache cache service service start INFO success
login success database stop logout start failed ERROR INFO response
cache timeout WARN logout logout response start
INFO INFO response connection logout success WARN database service timeout
success DEBUG stop logout cache WARN stop
DEBUG start service login service failed response connection WARN connection database
response service timeout service logout
success success DEBUG timeout WARN cache success DEBUG service request DEBUG logout
WARN service success DEBUG failed logout ERROR failed ERROR WARN
start logout start failed cache stop timeout
cache WARN connection stop timeout logout success cache stop success ERROR service DEBUG
success login service failed connection WARN ERROR ERROR cache request WARN
request service login login login ERROR connection database cache timeout
connection response stop DEBUG success DEBUG request
connection start logout failed start logout INFO
success response ERROR logout database WARN response service WARN stop stop failed
service ERROR database cache logout connection service stop login connection
cache stop login DEBUG INFO request stop timeout request service ERROR response success
ERROR stop service WARN timeout connection ERROR success
connection connection request failed request connection connection
login DEBUG login response database connection stop
timeout INFO timeout login failed cache success response success login service
INFO timeout response INFO DEBUG request cache
success logout service failed stop request ERROR
connection connection cache cache cache success timeout logout stop stop login login DEBUG
request ERROR start timeout cache database database stop database
DEBUG DEBUG connection response WARN response connection service DEBUG success stop
WARN service request cache success DEBUG failed INFO response response
database success WARN database request connection request connection start response WARN
WARN logout service start response login timeout cache database response stop service
WARN ERROR timeout cache stop ERROR database failed stop stop service stop stop success
DEBUG timeout service connection cache
login stop failed response ERROR connection WARN timeout
success WARN request login stop success timeout INFO service DEBUG success
database request start service response ERROR DEBUG stop ERROR
stop logout request WARN request DEBUG
WARN logout cache request logout cache login start DEBUG DEBUG WARN
WARN failed cache response start
failed failed ERROR timeout start
stop stop ERROR database service stop login INFO DEBUG connection request stop
WARN request cache stop INFO INFO start stop DEBUG ERROR WARN response
ERROR INFO WARN failed stop database
timeout database success ERROR failed stop WARN
DEBUG login request connection cache logout DEBUG WARN failed
response request database service request INFO database response logout stop ERROR
request WARN request logout failed response logout
response ERROR failed WARN login success login start login connection cache logout
cache WARN response request ERROR request WARN success service response login stop WARN
failed stop stop start request INFO logout timeout database database success request
login response login response start start INFO request request connection ERROR database
response INFO success WARN success success DEBUG DEBUG
WARN start database cache start stop timeout cache
request start ERROR stop connection INFO INFO timeout success connection INFO cache logout ERROR
WARN timeout timeout service response timeout service request connection ERROR service database logout database
failed logout INFO request start failed
timeout start service INFO success database logout INFO login WARN ERROR DEBUG failed
database request cache login service timeout request start request service start
ERROR WARN ERROR timeout failed failed request timeout stop
database success request failed logout
login INFO DEBUG response connection timeout database connection response success
DEBUG INFO login service logout DEBUG login timeout database logout database success
failed service request success request request request start
timeout stop stop request database
request stop service timeout success WARN service WARN WARN WARN INFO DEBUG DEBUG timeout
service INFO request database logout database login timeout login connection connection
request INFO stop success DEBUG success
timeout service failed connection response failed failed ERROR connection
ERROR login response login request response DEBUG failed response stop service database database ERROR
INFO ERROR database WARN failed success INFO request ERROR
DEBUG database cache DEBUG INFO database service
cache WARN database response WARN service stop success DEBUG WARN failed database
start success timeout failed logout WARN logout request WARN connection cache start failed service
connection INFO login logout ERROR connection DEBUG DEBUG service INFO service
login response login cache start INFO failed
request connection WARN database failed success success response
DEBUG service service success timeout connection database request failed database login DEBUG
service cache logout success INFO login service failed DEBUG WARN response connection request
connection failed success response service
connection ERROR cache DEBUG login database database
timeout cache logout timeout failed stop logout connection request
failed cache failed ERROR request request response
cache connection database failed database ERROR DEBUG login
connection stop cache start timeout DEBUG cache login stop connection INFO start ERROR database
cache connection stop response request logout database
DEBUG failed INFO timeout cache timeout timeout
cache logout login start logout start INFO
DEBUG WARN service success start database logout response
request request cache response ERROR cache cache success success INFO success
request login cache start cache WARN ERROR service database
response cache timeout INFO service stop cache INFO logout database DEBUG ERROR
stop logout ERROR failed response cache cache start DEBUG INFO request INFO
INFO ERROR database failed DEBUG cache logout login timeout
request cache INFO WARN ERROR response request request start success failed
login start cache login failed cache WARN login DEBUG service database response cache
WARN success login stop response start connection ERROR connection cache stop stop request
failed logout request service start service ERROR INFO DEBUG WARN logout
response DEBUG INFO start timeout database start WARN WARN connection WARN INFO
success WARN response connection database login INFO stop connection
login stop DEBUG DEBUG cache success INFO connection failed request
login success WARN failed INFO INFO service timeout
ERROR cache success start success timeout login DEBUG success service
success ERROR login database login DEBUG stop WARN connection DEBUG start timeout logout timeout
timeout service DEBUG database service database login cache WARN start ERROR start login start
connection DEBUG ERROR response DEBUG connection DEBUG response DEBUG failed success
database stop timeout ERROR cache
success database success success cache login timeout WARN success request logout start
connection service ERROR cache login timeout service success response INFO success
login request response WARN service login ERROR connection stop database ERROR request timeout stop
database WARN start failed response start cache DEBUG timeout WARN
start stop response WARN database DEBUG ERROR logout success stop failed login request connection
ERROR timeout logout DEBUG service request login failed success response failed WARN
cache success timeout DEBUG service database
response INFO request service logout timeout DEBUG
cache timeout request stop connection
WARN stop connection INFO response success stop INFO timeout WARN
timeout connection database connection service
WARN failed success database ERROR login timeout request service response DEBUG cache stop
start cache DEBUG timeout login login failed connection
success timeout start ERROR success failed start failed logout timeout logout start WARN login
logout DEBUG service connection stop
login connection WARN INFO INFO database cache
WARN ERROR logout database database ERROR DEBUG
service database ERROR timeout service database request
database start failed login timeout timeout cache connection request ERROR INFO success WARN INFO
cache cache WARN connection logout success DEBUG success WARN DEBUG database
timeout service request logout request login failed success database
connection failed WARN success cache database service
failed success login connection success DEBUG ERROR start database WARN
WARN timeout request service login timeout connection timeout INFO success
logout response cache WARN failed failed timeout request login connection failed logout ERROR
WARN service response INFO connection timeout start service stop login DEBUG
timeout start database service request service ERROR service
WARN response start WARN ERROR database request response
DEBUG request response logout response login service logout request INFO response
cache database failed connection response cache request timeout failed login login DEBUG
start request service login stop failed database timeout service start start failed
DEBUG failed request request WARN DEBUG cache service success success ERROR
timeout DEBUG connection DEBUG connection cache success ERROR
ERROR login database stop login success start WARN failed login connection request start
ERROR stop connection ERROR login response cache response timeout start INFO
logout stop start login request success login failed
success WARN failed stop database INFO stop
failed start database cache stop timeout failed connection service logout INFO INFO
cache cache DEBUG failed database service
timeout success response WARN failed response database failed stop logout cache database logout stop
ERROR start request service response cache response start
DEBUG DEBUG success response login INFO cache request DEBUG INFO stop response login timeout
DEBUG stop service database start request start database service failed connection timeout response stop
start ERROR start DEBUG logout DEBUG timeout
timeout connection logout timeout connection stop start
cache response ERROR ERROR timeout database success stop request DEBUG DEBUG timeout connection
WARN start stop request logout success database login login DEBUG database
stop start request start WARN ERROR
DEBUG request login WARN failed success cache response login logout DEBUG
ERROR response DEBUG logout login DEBUG service logout ERROR response INFO stop stop
request WARN failed failed success WARN connection success stop ERROR start
stop connection WARN logout DEBUG failed database
DEBUG WARN service ERROR DEBUG start
WARN connection cache response failed database failed
success success failed start WARN request response login DEBUG request cache service failed
success WARN connection INFO cache stop ERROR
start failed timeout request INFO response DEBUG request connection service INFO service ERROR WARN
ERROR service cache stop timeout login start INFO INFO failed cache database
failed login timeout failed ERROR timeout success stop database login
stop INFO database DEBUG failed DEBUG connection request success ERROR INFO
failed start database cache stop success failed request logout
ERROR logout DEBUG INFO login stop logout INFO logout database service success login login
ERROR ERROR DEBUG database start success response connection
ERROR cache WARN connection logout failed stop
WARN timeout login cache cache ERROR
cache ERROR stop service failed DEBUG connection start connection INFO
stop request stop database DEBUG INFO stop
failed WARN database ERROR request response WARN service connection response start INFO timeout ERROR
start DEBUG stop DEBUG timeout cache DEBUG WARN request ERROR
DEBUG cache cache DEBUG response start success DEBUG start start INFO stop
WARN ERROR success response ERROR timeout
failed database service response login INFO
service stop success ERROR timeout
database WARN stop response DEBUG login request response
success connection login timeout ERROR login logout timeout INFO start INFO database connection
success database cache INFO stop failed ERROR
timeout timeout stop service login DEBUG connection login request INFO timeout logout cache stop
database logout cache connection ERROR database logout response WARN ERROR cache logout start timeout
database INFO ERROR request request login
response DEBUG response success logout request request success failed ERROR cache ERROR
success timeout database success request request stop service response login
WARN INFO WARN database stop connection stop stop request timeout service login stop timeout
start logout WARN success logout logout service DEBUG response
response database INFO login cache start request start DEBUG login response response logout
WARN cache failed service success login login
success stop connection stop connection database response DEBUG login DEBUG logout
ERROR cache logout WARN service
ERROR cache INFO response request connection start start request connection logout start
DEBUG service connection WARN logout cache request
timeout DEBUG service response INFO logout connection DEBUG
response response stop request database database cache
database login login login connection timeout INFO request DEBUG success response database
service service success INFO stop service response logout logout WARN database DEBUG
connection WARN stop start success ERROR ERROR start ERROR ERROR cache connection
failed ERROR INFO logout cache
cache WARN request response service ERROR logout logout
database DEBUG timeout timeout connection login
start response response stop DEBUG failed success timeout success logout ERROR ERROR connection
request logout logout stop cache cache DEBUG DEBUG connection WARN
WARN ERROR service login INFO WARN database database DEBUG
timeout database request ERROR stop failed success request start ERROR
login DEBUG database cache response login stop WARN DEBUG
stop INFO logout success ERROR DEBUG failed failed
failed WARN connection login stop database start database INFO service
login stop DEBUG stop failed service success INFO INFO failed DEBUG success
start response start start DEBUG success request DEBUG connection success ERROR database
response success database cache response response service failed logout database
connection request timeout response stop failed INFO start logout
ERROR login timeout INFO failed request timeout
DEBUG database timeout cache cache DEBUG logout WARN connection failed cache login stop logout
success ERROR connection service start request
start logout timeout ERROR ERROR success logout success ERROR login
stop WARN service login failed database DEBUG
logout cache login logout service database response INFO failed stop start request success
failed login logout database cache stop request stop
timeout response cache service request success ERROR logout timeout database success ERROR DEBUG
response login request ERROR response service logout WARN cache connection INFO
ERROR timeout stop stop connection failed success request
start success WARN logout logout
timeout database request INFO start request
cache WARN service failed failed WARN connection timeout ERROR ERROR failed timeout stop
failed request ERROR response start logout cache service timeout response failed logout
service INFO connection response success service request response ERROR stop
request INFO failed request INFO response
request ERROR timeout ERROR stop login stop DEBUG WARN connection stop response timeout WARN
success start logout request failed database INFO login start DEBUG INFO timeout
response login success ERROR response INFO login connection logout
login INFO DEBUG cache database
INFO WARN logout database failed timeout cache login database connection failed INFO success DEBUG
ERROR service response request login ERROR success login connection INFO logout logout
stop cache cache login failed stop DEBUG WARN database start success failed INFO timeout
WARN service start logout WARN login start connection request failed logout
DEBUG database connection logout logout response failed DEBUG
timeout stop request connection INFO success cache login connection
connection response connection request logout service response response INFO database database service
DEBUG DEBUG database service request WARN
ERROR WARN failed cache ERROR
request cache response cache WARN connection stop ERROR login response timeout INFO response
DEBUG database request success failed login stop failed
success ERROR login logout INFO cache service
start cache DEBUG response DEBUG WARN ERROR logout logout stop ERROR
connection connection DEBUG login cache success request start response
request database WARN timeout connection logout success logout
failed logout start database cache service DEBUG ERROR service service login DEBUG timeout
service DEBUG failed start start timeout INFO INFO logout stop DEBUG
start response timeout INFO service success failed cache start success login
service WARN success success request WARN DEBUG request service
timeout request response cache WARN connection request request service INFO service
request failed login login database timeout DEBUG
DEBUG failed login connection cache DEBUG login connection login response request request
WARN database start logout start failed failed
connection connection database INFO response stop logout success cache timeout cache
ERROR response logout request failed response response success
timeout request start service timeout success logout database ERROR ERROR
ERROR response connection response cache login DEBUG
request response WARN logout stop stop
failed timeout stop stop response cache timeout cache stop
timeout success cache service database connection
failed cache DEBUG response service WARN success request cache logout connection service failed timeout
response start database cache service
ERROR WARN database WARN ERROR response start request
success logout timeout timeout start cache success success database cache
ERROR DEBUG timeout ERROR service WARN response service response login
database WARN login failed service INFO database request login connection response logout success database
INFO service logout database failed service DEBUG cache
start ERROR WARN cache request DEBUG connection start DEBUG
success login database DEBUG request stop success start DEBUG INFO login INFO database
start timeout INFO DEBUG INFO INFO DEBUG connection cache login request failed request
success timeout stop database connection response connection logout login INFO ERROR login
DEBUG success INFO cache login INFO service start
success service success login ERROR failed WARN response service service logout failed connection
success timeout DEBUG start connection
login ERROR database login request start failed start request
connection failed ERROR stop start service request
success connection timeout request cache ERROR login start request DEBUG success service DEBUG ERROR
start database connection database success DEBUG failed timeout logout start logout
cache stop database start cache
service logout connection WARN WARN start timeout
service success logout INFO login connection database login response
cache service service DEBUG response cache stop connection success INFO
WARN start service ERROR database logout service cache connection failed WARN failed
response cache start start service database request INFO service failed start DEBUG WARN
request response request INFO failed cache service logout login
service database request INFO login request response ERROR DEBUG timeout stop timeout timeout failed
response login DEBUG WARN stop DEBUG request database success connection WARN
DEBUG service connection stop request WARN login logout ERROR cache response
WARN DEBUG response timeout response response request DEBUG INFO
request start failed response logout INFO
response timeout WARN service success failed timeout service success response
database failed connection DEBUG WARN
cache service failed ERROR database service WARN
start timeout success logout WARN failed timeout stop DEBUG response stop
request response ERROR ERROR success INFO failed
cache success start connection cache ERROR database WARN cache request success
timeout request connection service database service ERROR service WARN logout INFO database ERROR service
connection success database success INFO request
service connection connection login ERROR response cache connection ERROR timeout
request stop start start INFO INFO request service success cache timeout
failed WARN timeout database cache start request start cache start ERROR service success service
service login timeout cache failed database response start
logout service timeout request service WARN stop success login WARN success
connection timeout service start connection WARN start WARN
login service service request connection DEBUG connection request connection database connection stop response
stop stop DEBUG connection ERROR INFO timeout
DEBUG failed cache service connection
start timeout DEBUG cache stop
response DEBUG INFO database logout
stop success failed WARN logout database response response service WARN cache start ERROR service
response success timeout DEBUG login connection
logout login login stop stop
connection request login success success service failed start login
service request request failed stop service success DEBUG request failed stop logout logout response
WARN logout failed cache logout
request database DEBUG login DEBUG logout logout service timeout WARN
start timeout cache INFO INFO DEBUG cache response failed stop login cache timeout
request login service INFO database cache
logout logout logout start cache DEBUG DEBUG failed
success response connection stop request response
stop timeout success ERROR DEBUG logout DEBUG request cache success start DEBUG success WARN
ERROR database login database stop DEBUG failed connection failed database request stop connection
logout login service connection cache stop database success timeout database INFO INFO WARN
failed database request logout failed timeout connection start ERROR stop database failed
response connection start timeout login request success connection login
INFO failed WARN start login INFO ERROR response connection service start failed
logout WARN ERROR INFO ERROR connection database cache request start service
ERROR timeout database response failed
response success success service cache WARN service cache login cache login
WARN failed failed success timeout WARN
cache database success connection stop database cache
service cache cache service DEBUG response
database connection cache DEBUG success
DEBUG logout success connection DEBUG connection start
database INFO cache request ERROR success timeout connection failed connection response request
service logout success WARN database database ERROR response
request service WARN database connection logout stop stop
response cache connection request failed login ERROR cache WARN
database timeout stop failed success request
login service ERROR WARN DEBUG connection INFO connection success response WARN ERROR database cache
start connection timeout DEBUG cache timeout request
ERROR logout service failed service failed logout success connection request WARN timeout timeout
stop cache cache login failed failed service INFO
INFO database start INFO service start
stop timeout ERROR service DEBUG WARN stop login timeout database timeout logout
ERROR logout request success cache logout failed service success connection response request service
connection timeout login service WARN timeout
stop timeout start INFO cache success INFO database DEBUG success DEBUG
logout cache connection success cache request
INFO service database DEBUG WARN WARN stop stop WARN start response success database
ERROR logout INFO ERROR WARN
failed timeout service timeout INFO failed DEBUG success WARN ERROR stop
failed DEBUG ERROR connection DEBUG stop logout
login DEBUG request login WARN service WARN stop request login service
request stop database start INFO WARN
INFO stop connection database login WARN DEBUG service response
connection stop request failed start timeout connection timeout stop response logout response connection
response stop logout start login request INFO cache failed request
service database connection service logout DEBUG service login stop INFO start logout DEBUG
timeout response login failed stop response
database start timeout connection cache service success cache timeout response
failed WARN timeout login database request stop login stop INFO WARN DEBUG login
timeout DEBUG INFO ERROR success response success service response timeout
cache start connection start WARN
response DEBUG response timeout success
ERROR DEBUG start cache response cache
response service DEBUG logout DEBUG database
start stop connection DEBUG success failed database database cache logout response timeout ERROR response
success connection timeout login request
response connection start DEBUG logout stop failed cache start
database connection request success database WARN request start timeout DEBUG success stop
login request stop database logout success success request
database ERROR service connection cache request DEBUG
cache logout login INFO WARN ERROR ERROR DEBUG login login connection
connection failed timeout response INFO timeout timeout INFO cache INFO
response database database INFO start INFO success timeout
INFO success response cache service database INFO database DEBUG ERROR database ERROR stop WARN
cache login success start timeout connection
request cache success success service start cache login database service stop
cache logout ERROR success connection WARN WARN
request cache WARN start login INFO
failed INFO login cache failed
timeout service ERROR WARN cache
stop stop request ERROR database stop timeout ERROR
request success login DEBUG response failed
success login login database ERROR success database start cache stop
timeout request request service INFO cache connection ERROR
request response database response timeout timeout failed service failed connection failed stop
failed request connection WARN database response ERROR failed
failed request INFO timeout request INFO cache logout login connection
start request cache DEBUG start ERROR logout response failed database cache
login response logout success timeout connection timeout INFO ERROR start DEBUG failed
connection response response cache ERROR DEBUG WARN request logout login service cache success
database success database service response cache cache success INFO stop stop connection
DEBUG success database ERROR timeout ERROR connection request INFO
ERROR connection timeout success timeout failed ERROR DEBUG ERROR
database database cache failed WARN WARN logout
logout failed failed response connection success cache stop service
cache INFO failed stop request failed success failed stop database timeout
cache cache request login stop INFO DEBUG WARN INFO response logout DEBUG ERROR
failed database WARN start database service DEBUG ERROR success failed INFO connection
failed WARN cache logout INFO login WARN WARN start stop login
response response ERROR logout response database
failed database start WARN service start INFO failed ERROR start service
ERROR failed request service login DEBUG request stop
request WARN request login cache login stop DEBUG INFO INFO logout
service service cache INFO DEBUG
service database request WARN DEBUG service stop ERROR ERROR
logout cache INFO login timeout DEBUG database logout success service stop stop DEBUG DEBUG
connection stop WARN DEBUG DEBUG login logout connection failed DEBUG stop ERROR INFO cache
response failed INFO request logout stop ERROR request database start
connection ERROR logout DEBUG WARN success INFO
failed WARN DEBUG timeout login database DEBUG database
database cache ERROR database request
response timeout failed database connection DEBUG stop connection
cache WARN timeout database timeout timeout cache success ERROR
WARN DEBUG start login cache start start login connection service connection ERROR database
success WARN service connection logout WARN timeout DEBUG request INFO
service DEBUG cache service service
ERROR stop DEBUG connection service request success login
cache failed start WARN connection logout service ERROR INFO login WARN service response start
cache timeout timeout ERROR DEBUG stop start ERROR success
service cache success logout response response WARN response DEBUG service
ERROR login success service ERROR
database start cache logout cache
login stop login success failed cache INFO stop cache request request stop WARN
timeout failed login connection database login stop timeout cache start logout
timeout start failed service timeout DEBUG
service stop INFO request DEBUG ERROR INFO cache timeout response success failed stop WARN
cache INFO stop cache start logout login failed logout service success INFO success request
WARN connection login database failed cache success service WARN DEBUG WARN DEBUG WARN
response cache login timeout INFO DEBUG logout request
timeout service start logout DEBUG request login database timeout cache service
WARN start success request service cache failed timeout failed
logout cache ERROR ERROR service timeout success response stop ERROR
stop ERROR logout failed database service stop timeout cache
response success DEBUG database cache timeout WARN ERROR DEBUG
INFO failed login failed DEBUG service INFO INFO DEBUG
DEBUG success timeout success logout success
WARN DEBUG stop ERROR success ERROR database logout INFO ERROR
service timeout login logout cache timeout success WARN failed
cache failed stop cache ERROR start ERROR ERROR timeout success response failed request start
request database INFO connection request timeout success INFO logout
service success service connection database database INFO start
