stop DEBUG failed database cache response connection logout
service cache INFO logout failed failed timeout cache
timeout failed connection DEBUG WARN request DEBUG start timeout login
connection success timeout timeout stop login connection timeout login DEBUG service logout response
login WARN stop request DEBUG cache INFO connection logout request WARN service
connection login database response INFO database cache ERROR database cache connection response
service login connection cache response request INFO cache database start INFO
service DEBUG failed success start response
cache logout stop logout stop
connection response request timeout login request WARN start response DEBUG
WARN request logout database ERROR INFO stop
request failed failed stop database failed stop logout
stop cache service INFO failed request
database INFO timeout failed connection request start connection INFO
logout login request login stop logout service
response failed response request DEBUG DEBUG request stop start cache
DEBUG connection timeout failed failed database login response login login INFO
failed ERROR DEBUG cache connection cache stop ERROR connection stop database
INFO response logout service DEBUG success timeout cache INFO response WARN ERROR
database logout INFO request connection INFO DEBUG WARN
failed ERROR request logout WARN database DEBUG
response request service cache connection
failed INFO INFO response timeout timeout failed stop response success response stop
cache login response timeout response response stop response failed logout
cache success start DEBUG cache connection ERROR DEBUG cache DEBUG stop success database DEBUG
stop logout cache timeout WARN WARN login DEBUG logout DEBUG failed logout connection timeout
timeout WARN stop INFO stop stop failed failed success INFO INFO response success
cache service WARN login DEBUG cache connection DEBUG success login
stop login WARN database stop timeout service logout stop success ERROR WARN logout
timeout failed connection login timeout
logout DEBUG ERROR cache request response start logout request
request timeout stop failed request login DEBUG service connection logout start failed INFO
logout database WARN DEBUG logout logout service DEBUG cache stop WARN request request connection
service WARN ERROR INFO logout DEBUG logout connection success connection request response request login
INFO timeout response INFO cache service stop connection
service cache login WARN response start success database WARN DEBUG connection cache database DEBUG
success ERROR cache logout stop start DEBUG service WARN start
database failed INFO WARN start success
DEBUG request database response login logout login
login cache start cache login cache login success response INFO failed connection request
failed stop timeout request WARN database stop service connection timeout
timeout cache start failed logout request connection
login response response INFO service WARN success login
failed service database WARN database cache database logout DEBUG
connection service timeout INFO WARN logout failed WARN timeout
login cache cache connection login request stop WARN WARN connection
INFO stop cache WARN stop logout
start ERROR database ERROR timeout login database
service failed start ERROR failed response failed INFO INFO request ERROR request logout
success start timeout WARN login start logout ERROR failed login
WARN INFO logout cache response cache request stop failed request cache start service INFO
database ERROR database connection success logout logout service connection request login timeout login
logout timeout ERROR DEBUG DEBUG INFO cache request timeout ERROR DEBUG service timeout
logout database database timeout INFO stop WARN login cache success stop
stop login cache INFO connection cache
response start service ERROR stop database database INFO
timeout WARN database DEBUG database start WARN INFO response DEBUG logout DEBUG
ERROR database connection ERROR connection service database failed failed database database logout failed
request response timeout WARN database
database DEBUG service ERROR WARN DEBUG logout logout
failed failed response database DEBUG ERROR WARN timeout cache logout INFO service start
database success timeout connection DEBUG failed response INFO stop
cache database timeout database ERROR connection INFO
INFO logout failed connection service WARN timeout request DEBUG INFO database success
response success connection stop failed stop request login connection
service cache cache DEBUG success WARN
INFO service stop cache WARN request stop service login request start ERROR database
DEBUG stop cache DEBUG login success start
service connection success failed cache login logout connection start
cache service response connection timeout database start logout success cache failed
start connection login cache WARN cache
stop login WARN INFO stop failed failed failed INFO
timeout request start success cache request ERROR WARN service ERROR
DEBUG ERROR request database service stop
connection connection service INFO logout start cache request
DEBUG service timeout database service success success service ERROR start
connection service success database connection logout ERROR response ERROR stop request response ERROR DEBUG
response request request start success WARN database request login service logout request cache
response cache failed response login start cache failed stop login
INFO stop stop ERROR INFO response ERROR DEBUG
success request cache logout service
logout response database cache timeout logout
WARN request database response ERROR WARN INFO INFO login success start response
timeout start failed response DEBUG WARN
response logout failed cache WARN DEBUG start WARN DEBUG start database
logout response DEBUG DEBUG failed ERROR response success connection response ERROR start DEBUG connection
timeout start response ERROR login connection cache logout cache DEBUG ERROR WARN ERROR
service service timeout start stop success login failed cache cache response
login stop INFO WARN ERROR service timeout ERROR INFO timeout stop INFO
start success login response success login logout request DEBUG
cache service start success success service service
DEBUG success cache database ERROR cache logout response timeout
response logout database failed login success start response connection success stop ERROR
failed request service service connection request stop success service stop
service failed success ERROR INFO ERROR database request database start
response failed service INFO login response DEBUG timeout service success DEBUG
service WARN stop response WARN response start ERROR WARN INFO login service ERROR
service INFO logout timeout request ERROR ERROR cache ERROR
stop stop logout start service
service database DEBUG response login cache service INFO ERROR
connection success success request INFO cache DEBUG database cache login response start
request timeout database start INFO
success logout connection service login success start INFO database WARN start connection
cache INFO logout service ERROR response service INFO timeout logout ERROR login timeout
DEBUG connection start success start response ERROR ERROR connection timeout service login logout
start INFO request service logout start service success INFO cache INFO ERROR
cache timeout cache INFO timeout success ERROR cache stop timeout login ERROR connection
response WARN WARN start success INFO stop cache login INFO
logout cache login ERROR response DEBUG failed
failed ERROR logout request timeout database database request logout success DEBUG WARN cache request
connection stop timeout login failed INFO failed service start response WARN cache database
WARN request ERROR logout login database request response connection connection
login connection WARN service WARN DEBUG success cache database login connection
failed login DEBUG connection logout INFO response start service
database stop logout login INFO logout connection cache request failed timeout connection
DEBUG logout start logout logout success response logout logout database request logout database
ERROR failed service start request login service success timeout service cache success
request logout connection stop database
ERROR DEBUG database logout stop database logout ERROR stop WARN timeout success database
request login service INFO request failed WARN
logout service request service stop request DEBUG response logout database cache cache success
INFO connection connection ERROR start timeout WARN database connection service service logout
cache service failed login start failed logout stop login login stop logout timeout failed
INFO DEBUG login WARN INFO timeout logout database login connection
connection request success login ERROR connection DEBUG DEBUG service logout INFO start service
connection INFO DEBUG start response cache timeout ERROR WARN login failed stop stop start
service success request service failed ERROR login ERROR start WARN
cache login cache INFO stop logout logout logout DEBUG ERROR WARN
service login service response start INFO request login response failed
login logout database response timeout success start service request database WARN success login
DEBUG stop DEBUG logout timeout login service timeout start success database response login
WARN logout database logout cache service connection request
stop DEBUG DEBUG success INFO success database ERROR DEBUG login response ERROR connection start
login request response start start stop
failed stop INFO request ERROR success DEBUG timeout start timeout
connection login timeout ERROR success service INFO response success cache request
DEBUG response request request login connection stop WARN cache success timeout INFO
login WARN success DEBUG stop logout
INFO login ERROR stop INFO INFO start DEBUG connection failed ERROR request connection WARN
start database stop stop DEBUG cache login failed success connection timeout database ERROR
DEBUG database login stop timeout cache stop cache stop start service start ERROR
database DEBUG stop INFO INFO failed stop
login stop failed logout timeout failed database DEBUG timeout
success failed WARN failed timeout response INFO cache
DEBUG database response success database database WARN request response stop
start cache start failed start logout success INFO timeout request
stop login logout logout timeout success timeout DEBUG WARN response connection response start logout
INFO request request INFO login WARN request request INFO login logout success ERROR
logout ERROR success DEBUG success login login timeout WARN
DEBUG login connection INFO ERROR logout
INFO DEBUG timeout ERROR logout timeout login success logout database
success ERROR WARN ERROR cache connection service success failed login
DEBUG response stop login request request
request request start failed login failed response database login failed cache failed start
ERROR ERROR failed response request request service database timeout
service start connection logout WARN success
service success login response WARN failed timeout success database DEBUG
request INFO success database connection service logout service
INFO response database DEBUG INFO WARN timeout ERROR service service DEBUG start
failed DEBUG login start cache request database INFO success login DEBUG timeout login INFO
INFO WARN stop start DEBUG response start INFO database
login success service response WARN logout login failed INFO start start logout
cache INFO logout cache timeout service ERROR database service logout
cache failed start success request failed request timeout ERROR
start cache logout login ERROR INFO WARN cache WARN success start timeout
start DEBUG logout database logout DEBUG login DEBUG success request request failed cache ERROR
request login stop login ERROR failed
WARN failed database login stop login logout timeout logout DEBUG
WARN WARN failed success response ERROR success ERROR service stop database failed connection logout
timeout service database success request cache response login timeout
login response request INFO timeout service DEBUG service success
connection cache cache WARN connection response WARN cache
response WARN database timeout start timeout failed failed request WARN request failed
WARN failed connection cache service stop
request timeout INFO connection response INFO INFO DEBUG cache response response database WARN
success INFO WARN cache ERROR ERROR failed failed logout ERROR
logout DEBUG cache connection service response
login timeout success timeout success ERROR INFO request stop connection
stop ERROR WARN connection success login
cache WARN start WARN database failed connection ERROR
ERROR failed INFO response failed logout response connection connection DEBUG request
start INFO DEBUG failed service timeout WARN success connection
ERROR database connection cache start cache
WARN service login INFO connection ERROR response logout connection WARN timeout response request
success success timeout start INFO logout WARN failed connection failed
cache timeout start login database service service start service database
database success failed success INFO database service stop success
service cache connection cache stop
failed response logout request logout database
WARN response stop WARN request database logout stop failed
timeout stop database cache database timeout request success database
INFO timeout failed ERROR login service
stop database login database service success
connection DEBUG INFO timeout success
logout login response DEBUG DEBUG stop cache logout INFO timeout INFO
success stop INFO success success failed cache stop timeout ERROR service DEBUG
INFO start service WARN service failed success WARN request response
success failed logout cache INFO login stop cache ERROR
success cache cache connection stop service
start response DEBUG INFO response start
service ERROR stop response logout service response success connection success request
failed cache connection logout cache
failed DEBUG stop INFO database request response failed connection failed login database
service success timeout DEBUG logout database request DEBUG login
failed failed INFO cache login WARN
DEBUG logout success ERROR response failed timeout connection timeout
timeout start response connection start logout login connection service
cache request cache success INFO timeout timeout login
failed database response WARN service
logout DEBUG cache DEBUG success login start cache
logout WARN failed WARN start
cache failed timeout timeout DEBUG login start
database DEBUG response logout database failed service failed request login login ERROR ERROR
service stop INFO request timeout success logout ERROR
connection DEBUG logout WARN logout
response WARN service WARN ERROR connection database database stop request service failed
start request DEBUG failed request success success stop connection success start INFO login
failed start timeout cache cache INFO database ERROR start success cache
success request failed response timeout logout start success request INFO
success cache failed stop logout response request login request cache start ERROR
logout logout login request start DEBUG INFO cache database stop success
timeout request connection logout failed logout WARN DEBUG ERROR database
service success connection DEBUG response
login timeout ERROR ERROR success failed connection timeout
service database response success cache connection WARN request ERROR database
service connection connection timeout logout start login WARN response response login failed INFO
success timeout request login stop database
ERROR failed request service response WARN ERROR login login
start DEBUG INFO DEBUG WARN service success response service login success login
WARN request service database success WARN ERROR INFO success success DEBUG success start connection
database WARN timeout request response start success connection cache request failed request database failed
DEBUG start DEBUG service WARN
timeout ERROR timeout start stop database ERROR
login success INFO connection success connection DEBUG stop success login service cache cache
ERROR ERROR DEBUG database cache service failed failed DEBUG start WARN start database
cache failed INFO timeout start failed timeout WARN login
request database login WARN login start response login
database WARN success stop database timeout
start stop success service success INFO success connection success WARN start request
start ERROR failed cache WARN DEBUG cache database request timeout timeout request ERROR
cache login failed DEBUG connection cache WARN WARN
logout INFO WARN ERROR cache failed logout
INFO request start login DEBUG start DEBUG
connection timeout failed login start login failed INFO
service response timeout logout connection start database WARN ERROR failed stop request response success
failed service service connection ERROR service service database failed WARN cache
failed WARN connection DEBUG logout DEBUG WARN timeout response start start response
logout WARN database ERROR response ERROR service INFO database failed stop
request request logout login connection failed cache stop timeout WARN login WARN
cache login cache login timeout INFO WARN timeout ERROR
logout cache WARN timeout start ERROR
login login success INFO start
timeout timeout WARN logout start INFO start DEBUG cache ERROR
stop DEBUG response response INFO ERROR
stop success DEBUG success connection service success success cache cache stop
INFO cache timeout INFO DEBUG success ERROR service logout connection logout
service success connection timeout cache connection database
connection start failed start success start response WARN success request login start
database start database timeout ERROR WARN database timeout logout response
WARN INFO stop request timeout success DEBUG login response
ERROR WARN DEBUG WARN success DEBUG DEBUG stop login service success
database request success DEBUG timeout INFO stop login cache logout start start
DEBUG database connection stop database
timeout failed logout logout stop
cache INFO INFO DEBUG ERROR database success
start login stop start database login INFO login service login database DEBUG
cache failed logout failed success DEBUG WARN DEBUG response request login
failed failed DEBUG failed service cache
cache success cache failed timeout INFO failed INFO service ERROR request
timeout request cache database response response failed service ERROR connection
start start ERROR DEBUG start connection failed failed
ERROR response timeout request login WARN request INFO database WARN response connection start
service DEBUG connection connection success success stop login request WARN timeout database service database
logout timeout success request WARN ERROR database response service cache login logout stop database
stop service timeout database timeout service failed database response failed
request success timeout service failed request login response DEBUG start ERROR service DEBUG cache
cache ERROR connection DEBUG start
failed ERROR cache INFO timeout DEBUG response
login request request ERROR login database success logout failed start database WARN connection
response DEBUG request request login WARN ERROR DEBUG failed
failed WARN service INFO WARN login login stop failed database login start success logout
ERROR INFO INFO cache DEBUG success DEBUG stop WARN stop failed ERROR
start success stop ERROR start request response start request service cache failed
timeout login logout INFO logout request success timeout start start service response response
DEBUG success service timeout service logout stop login
WARN timeout database logout request start service ERROR service logout ERROR
stop request INFO database DEBUG logout
database logout stop request service response
success ERROR service failed start logout INFO response request request ERROR connection
ERROR database DEBUG DEBUG WARN INFO stop
failed start logout DEBUG failed login failed service DEBUG failed stop WARN timeout
failed ERROR login INFO INFO
DEBUG request login INFO failed start request timeout stop INFO stop stop WARN
service cache WARN ERROR DEBUG stop connection stop
ERROR connection response success timeout database ERROR success start connection timeout
WARN timeout WARN logout cache ERROR service response success timeout database
INFO timeout ERROR success response success cache connection start database response
cache INFO stop ERROR database INFO DEBUG login
failed success service failed failed login database
stop login connection database connection cache
start timeout response timeout ERROR failed response
start database start success response
response database login response response WARN DEBUG
cache response cache start request request failed DEBUG start
success failed database logout ERROR login timeout cache request success logout request
success response ERROR timeout connection success login start failed failed INFO success logout request
timeout response success WARN logout stop service response logout logout
cache login logout request stop ERROR database logout request DEBUG cache failed response
timeout login cache INFO success stop login login
service INFO service connection ERROR service ERROR
login connection DEBUG response logout
DEBUG request logout failed request ERROR request service database start ERROR start database
failed failed ERROR logout logout connection ERROR timeout service cache
logout ERROR ERROR connection failed logout INFO cache timeout
failed service request service response logout response response response
logout INFO WARN connection database DEBUG timeout cache start WARN database
success success WARN DEBUG start response stop ERROR stop
INFO INFO database request ERROR ERROR start failed cache
WARN stop ERROR WARN WARN ERROR timeout cache ERROR DEBUG INFO DEBUG request
success cache request ERROR DEBUG service connection failed DEBUG failed service
login success stop database service connection request login timeout INFO timeout request connection
start success logout connection success request
timeout start cache ERROR stop failed WARN ERROR request
INFO ERROR failed response start response logout INFO DEBUG INFO logout
WARN database request cache timeout stop connection logout DEBUG timeout INFO
timeout service service DEBUG failed ERROR ERROR logout success ERROR start
database INFO response WARN connection logout
start WARN request failed cache service DEBUG success cache
cache login connection WARN request ERROR WARN database cache start success timeout start
INFO logout start INFO success
WARN timeout timeout service logout
cache login database service logout stop service database INFO connection success
timeout stop request login stop request response failed connection cache INFO timeout WARN
connection stop WARN stop DEBUG success connection response response timeout service response
start timeout login cache logout stop response ERROR DEBUG
logout request login response stop service start failed logout success response failed WARN login
logout stop DEBUG request DEBUG success logout request request logout response cache
response request request response stop start stop WARN request ERROR success start cache service
connection ERROR timeout timeout logout
database service logout failed request ERROR cache failed start response login login
success logout service login stop logout cache stop timeout stop ERROR service INFO success
login WARN request connection success database login connection logout INFO stop logout timeout success
login ERROR connection service response timeout cache ERROR login start login cache
start failed connection DEBUG DEBUG database connection DEBUG
cache stop login stop WARN failed WARN success INFO connection
service WARN login cache DEBUG stop service stop failed stop success
INFO success success start failed connection ERROR response connection
service stop ERROR timeout ERROR success success database logout success stop success service success
DEBUG failed request service stop response database
logout INFO start failed logout WARN WARN
cache stop timeout service DEBUG
failed service stop logout start cache ERROR success timeout WARN success database request
service WARN timeout database login
response database success success start stop
cache ERROR request request cache start start INFO login login failed logout
service failed timeout cache timeout DEBUG start
stop DEBUG failed success DEBUG
DEBUG login INFO stop INFO DEBUG database
start request logout start response request login stop service ERROR logout cache
response success stop request cache response failed timeout WARN start
service INFO request DEBUG service stop timeout DEBUG response ERROR WARN start
request logout start database logout
stop logout response WARN logout start start INFO logout request response timeout response service
login start start login failed timeout DEBUG DEBUG start
WARN request connection DEBUG logout timeout start WARN connection INFO logout stop
failed stop WARN request ERROR service timeout start start DEBUG ERROR timeout WARN logout
login INFO cache DEBUG WARN DEBUG success logout
ERROR connection database stop service
connection response logout cache database connection success database cache ERROR request DEBUG stop
ERROR response logout start failed INFO DEBUG database connection DEBUG
response connection connection INFO database connection service login INFO DEBUG timeout failed ERROR logout
request start start response timeout DEBUG response connection login connection success WARN failed
failed logout DEBUG connection request WARN database logout response success start stop start
failed request WARN login logout database INFO ERROR failed failed logout database connection failed
logout timeout database connection response timeout login ERROR INFO login INFO
response DEBUG connection logout database service login success service service cache success response service
cache success login login request service
start start login service cache request timeout WARN WARN WARN failed stop WARN
INFO WARN start stop response cache failed service database response service success cache
stop database stop WARN logout timeout response service connection request
ERROR DEBUG start success request start stop
service connection success WARN DEBUG timeout logout login DEBUG INFO connection
success connection DEBUG success connection connection cache logout service DEBUG login
ERROR logout success logout DEBUG login success ERROR WARN ERROR
database login login logout DEBUG WARN WARN success timeout request logout stop failed stop
connection DEBUG WARN WARN failed failed stop timeout cache request failed login
INFO cache timeout success failed WARN INFO cache login service failed login stop DEBUG
failed service DEBUG login INFO ERROR DEBUG timeout timeout start logout
success login service ERROR request login logout DEBUG timeout connection
stop start request success failed failed ERROR ERROR success success request logout login
success response response INFO login login request WARN INFO
success failed stop failed timeout cache DEBUG
success start logout success service connection connection
start service logout service start ERROR INFO success connection stop timeout success request
request start INFO response DEBUG login
connection timeout timeout start stop INFO success cache start cache success service stop
timeout connection DEBUG INFO database INFO stop INFO login login response service cache
DEBUG response logout service request connection DEBUG request DEBUG ERROR ERROR
connection failed failed failed cache
ERROR response request failed service service WARN login service database database ERROR success
start response ERROR connection INFO logout login start logout service cache failed request ERROR
timeout connection database DEBUG ERROR login stop WARN DEBUG
start response service ERROR WARN start database stop WARN database service request
start WARN success INFO timeout cache failed success connection INFO service INFO
request request start start success response failed stop ERROR database
ERROR database service request success
login connection logout database service response failed
login failed WARN start cache response DEBUG stop cache connection login success cache database
failed logout ERROR failed connection logout WARN
login request ERROR database service failed service response failed service database stop service request
login login INFO failed database database request cache ERROR
WARN response cache failed login failed response start logout login WARN INFO
stop stop database timeout connection service login login
failed INFO database database database response request stop logout success connection logout timeout
stop service service WARN logout database failed ERROR database INFO DEBUG WARN
stop response connection success request timeout
connection request service connection logout cache
connection service logout response start INFO response
failed cache failed stop start success database
success response success connection login response failed ERROR success service connection
cache database DEBUG logout stop success stop stop connection response database database timeout success
ERROR success start start ERROR database stop cache ERROR DEBUG INFO
login WARN stop DEBUG success DEBUG request
request request database connection INFO logout connection request logout start
response response database stop timeout stop database stop login
INFO logout start INFO connection success response success logout DEBUG DEBUG
stop failed DEBUG login login stop stop
timeout response logout timeout database request connection start failed
stop ERROR request DEBUG start connection login DEBUG logout request failed start
database connection success DEBUG database stop database cache success cache start
response connection INFO ERROR database stop logout cache service request ERROR INFO database connection
WARN service response failed start database WARN stop service WARN success database ERROR success
stop stop success start success start
service cache cache stop timeout WARN response success timeout ERROR request INFO
WARN failed logout login database success
INFO start cache start database WARN ERROR ERROR database
login service start DEBUG ERROR response request response service logout
service failed INFO cache success start stop cache
start login connection database response
cache login ERROR INFO start response logout response failed logout cache cache database
start failed start INFO success success failed DEBUG timeout DEBUG service logout WARN
timeout start database start WARN login database login response logout
success database service failed login stop timeout DEBUG INFO ERROR WARN timeout timeout logout
connection failed timeout DEBUG database database stop
failed DEBUG start INFO response success connection stop start connection service login
logout start database DEBUG login INFO cache WARN
success INFO connection DEBUG ERROR login response login stop request
INFO login start response service logout DEBUG request login
failed DEBUG logout database success login response service login response
timeout ERROR INFO timeout WARN stop success INFO
DEBUG success failed logout success
response response INFO service database stop connection INFO service start
cache logout ERROR database service service success logout stop WARN INFO ERROR service DEBUG
WARN service logout cache login logout database failed response failed WARN start response failed
start success timeout success cache timeout database
response ERROR request request stop failed
logout connection service start request database stop INFO login stop DEBUG logout
timeout connection INFO start service response success start DEBUG ERROR failed request stop
start cache stop login failed DEBUG response WARN success response WARN INFO database request
logout INFO database success WARN database failed logout timeout INFO database connection
DEBUG login INFO service stop ERROR response stop timeout
start request failed cache start stop timeout
stop request connection login cache login WARN
start success INFO logout login ERROR connection cache connection connection
DEBUG ERROR failed DEBUG ERROR
start stop DEBUG database connection request stop
stop WARN response stop logout connection request start database request response
WARN request timeout failed INFO stop stop connection connection stop login
service login ERROR ERROR response logout login WARN
WARN cache response failed response WARN request DEBUG connection cache connection timeout response
request timeout response logout stop ERROR
cache success cache database cache cache DEBUG database database WARN login stop response success
login cache start WARN DEBUG response database failed cache response request response database
timeout success service service connection ERROR cache
success response login timeout database ERROR timeout success service failed stop service failed
failed login timeout service service success INFO connection start
logout DEBUG INFO response service database DEBUG login
timeout ERROR stop DEBUG service logout request
cache INFO request start logout logout DEBUG WARN service request logout ERROR connection
success ERROR database login request WARN timeout login
cache stop logout database WARN request login database service
failed service WARN database logout timeout DEBUG timeout
start timeout ERROR logout service connection cache request database ERROR database logout ERROR start
timeout ERROR login INFO WARN WARN database start success DEBUG ERROR response stop
ERROR cache start INFO INFO service database connection logout success
INFO service WARN DEBUG response request request DEBUG timeout
INFO timeout database database INFO logout service
database failed ERROR WARN login logout start service connection cache logout ERROR
timeout failed stop timeout login DEBUG DEBUG service
success database timeout ERROR ERROR success logout failed service start start request
ERROR DEBUG connection response response failed login DEBUG stop timeout login DEBUG
start success database failed success success stop logout connection connection
WARN timeout stop success WARN failed login timeout ERROR
start WARN start request response DEBUG WARN timeout start
service request login timeout request
failed request INFO WARN stop database logout database start
start response database service ERROR response
failed service logout service DEBUG timeout request timeout success stop success
logout logout ERROR request failed logout service login stop WARN success request
connection failed WARN response logout failed WARN service request login database request
DEBUG success response stop start login cache ERROR failed DEBUG stop ERROR database login
cache database ERROR failed cache WARN logout
login connection connection connection response start WARN start failed ERROR failed success
connection INFO request timeout timeout success
start DEBUG INFO start timeout service response ERROR response DEBUG failed timeout request
DEBUG WARN DEBUG failed stop login login login stop start logout start
WARN stop connection failed response
request database success stop service success timeout cache DEBUG stop ERROR timeout database login
INFO service connection request DEBUG database connection cache failed cache
stop WARN logout ERROR ERROR cache logout success DEBUG stop
connection INFO timeout WARN response DEBUG cache logout request failed database logout request failed
database timeout stop database WARN cache cache request DEBUG service
ERROR DEBUG connection request login success connection start success
logout failed DEBUG login DEBUG logout
timeout ERROR logout WARN connection connection failed stop database start INFO failed WARN timeout
ERROR login connection failed logout cache cache request DEBUG INFO WARN response
failed failed logout ERROR start stop response ERROR database login WARN
database request stop start start database connection INFO failed
login login database cache logout DEBUG request logout connection login ERROR
stop response success login INFO INFO INFO login login DEBUG
request failed failed failed service failed login request success logout response WARN
login request connection stop start
request DEBUG stop INFO connection connection DEBUG
database DEBUG database service WARN request
logout start cache start WARN request success database start
failed cache timeout start cache response failed WARN logout start
timeout response logout cache cache INFO login DEBUG stop failed
database WARN INFO stop service database stop request success login
login WARN response logout start timeout timeout success connection ERROR login success service
WARN connection DEBUG connection WARN connection request stop
database DEBUG stop cache WARN cache DEBUG cache request response
success DEBUG timeout ERROR ERROR login
start timeout database ERROR database timeout request success success cache DEBUG
INFO ERROR timeout response success INFO service ERROR
response timeout timeout request response request cache start connection timeout login database response logout
logout DEBUG INFO DEBUG INFO timeout ERROR connection failed
connection service cache DEBUG failed request cache database database DEBUG INFO
cache response ERROR DEBUG timeout
login service request failed login ERROR failed cache DEBUG DEBUG logout
request request logout response timeout logout DEBUG timeout
failed cache WARN success INFO login stop connection request service failed
connection success database service response timeout cache failed login response ERROR
response INFO stop stop DEBUG
cache request logout stop login ERROR logout start request timeout timeout request connection
cache failed connection failed cache connection failed stop start start ERROR
connection ERROR DEBUG failed ERROR login database
service request DEBUG cache response
service DEBUG DEBUG cache response connection cache logout
stop response connection timeout cache
cache response stop ERROR request failed service WARN timeout failed service start service
request timeout service start login INFO WARN
INFO ERROR success timeout ERROR WARN
request start logout ERROR connection stop failed service WARN WARN
success timeout INFO WARN success start response DEBUG success success
stop WARN cache connection response DEBUG request WARN logout connection
database stop request start response cache service INFO ERROR logout start start request
DEBUG logout ERROR request response timeout DEBUG timeout failed response response WARN logout
WARN request service login DEBUG stop failed DEBUG timeout DEBUG
connection connection logout DEBUG start request stop success
logout success cache logout timeout ERROR start login logout
start success request database logout start stop connection DEBUG failed failed stop failed success
DEBUG service logout connection start login cache login stop ERROR timeout cache service
stop WARN stop database timeout stop request database
request login WARN timeout success INFO cache cache DEBUG cache failed ERROR timeout service
cache success logout request database request login INFO success start start cache ERROR timeout
stop ERROR start logout timeout WARN login database connection
start INFO connection start cache login request DEBUG service response request database login request
service DEBUG timeout request request DEBUG WARN request timeout WARN INFO
success login timeout success login response failed login ERROR INFO response timeout start connection
database database ERROR stop database request logout
connection service DEBUG logout login database timeout
database failed request response request INFO DEBUG service
response success response logout database logout database DEBUG login ERROR request login
cache request login start success database INFO login
start DEBUG ERROR service login start INFO service
stop response service DEBUG INFO DEBUG
INFO success response login INFO INFO login service stop timeout stop WARN
connection failed WARN logout database logout login
start request WARN failed success INFO success connection
timeout stop service logout start WARN DEBUG start INFO request ERROR failed ERROR timeout
timeout cache connection start service request response failed
timeout WARN stop request logout
service DEBUG service ERROR logout logout cache response start logout ERROR logout database ERROR
DEBUG success service ERROR ERROR login login failed success
login database start logout DEBUG request response response INFO start ERROR connection
login login request timeout login start
cache cache INFO INFO INFO stop database
logout service cache WARN cache login start response response
login logout request failed cache service failed failed
WARN cache login database request logout logout response DEBUG success login success WARN
request login request database failed
logout login response failed database start
stop connection DEBUG request WARN logout WARN timeout
service response DEBUG login ERROR
INFO response ERROR login cache service logout failed connection WARN failed
INFO start ERROR timeout timeout request start request connection
ERROR stop stop WARN stop response request logout service request database response
timeout failed connection stop DEBUG request database ERROR request start cache logout start timeout
stop stop start database login cache database stop success login login
login stop DEBUG INFO response connection connection DEBUG logout logout timeout timeout connection response
failed success login request DEBUG WARN ERROR request start success service ERROR WARN
ERROR ERROR request cache request start start INFO request success
logout INFO timeout ERROR login WARN start timeout
INFO response database start login ERROR INFO timeout connection logout ERROR WARN success success
database response INFO failed INFO login WARN cache connection login ERROR
DEBUG connection success timeout timeout failed INFO connection connection
WARN service INFO ERROR response logout stop response login success response connection failed
database service INFO timeout stop timeout ERROR INFO
stop start service start DEBUG request timeout ERROR
response start stop login request connection timeout connection logout failed DEBUG
ERROR DEBUG stop start response connection stop logout
timeout WARN ERROR logout timeout connection database logout cache login
stop timeout INFO logout cache logout cache INFO WARN cache cache start INFO failed
start login WARN INFO login ERROR request success
stop INFO DEBUG logout success request
success failed success ERROR failed WARN service database timeout DEBUG stop
service start service DEBUG WARN INFO DEBUG stop success logout database DEBUG
ERROR ERROR timeout WARN request stop login INFO cache stop service WARN
stop response success service service cache success database
request stop database cache database connection connection DEBUG DEBUG database service WARN login
WARN stop failed INFO response ERROR cache INFO connection timeout start logout request logout
stop success DEBUG timeout start logout WARN service service WARN
login success ERROR timeout ERROR
response service DEBUG database login request INFO
cache response request cache database request logout stop success
DEBUG database DEBUG ERROR cache service INFO database WARN
failed request service INFO timeout ERROR start cache success connection
response timeout WARN timeout service stop
database cache cache WARN logout DEBUG login stop
stop ERROR cache success DEBUG connection ERROR stop service start success login cache response
ERROR service stop login logout
failed service start logout timeout stop response connection ERROR login WARN
success request stop success login connection cache logout cache login response
cache WARN cache failed failed WARN
request timeout timeout INFO WARN database DEBUG timeout connection
failed INFO failed failed ERROR INFO
login database login service failed logout timeout
login cache login WARN DEBUG response response cache request WARN login start database
success connection login timeout stop
logout request success DEBUG DEBUG INFO INFO timeout request ERROR INFO
DEBUG logout logout ERROR timeout request
success timeout logout failed database connection timeout database ERROR response INFO
timeout stop connection cache connection response request cache DEBUG failed failed connection
connection failed cache WARN timeout INFO WARN service WARN database DEBUG
failed INFO response success connection failed
DEBUG cache DEBUG response connection failed failed response cache
ERROR WARN WARN logout INFO service INFO connection
request cache service connection service start WARN timeout WARN response cache
DEBUG login response request start logout INFO failed ERROR connection WARN
service WARN response response stop stop timeout database timeout request
logout response ERROR logout service WARN database login response database failed DEBUG
ERROR INFO start connection ERROR timeout service request stop connection logout success connection failed
INFO login logout response timeout ERROR timeout ERROR logout
failed service stop ERROR logout login DEBUG service INFO
failed INFO success failed stop response ERROR DEBUG success cache response ERROR
connection ERROR start ERROR service DEBUG failed DEBUG timeout logout
connection stop success cache WARN cache
logout connection timeout logout start INFO login DEBUG ERROR
cache logout INFO WARN cache
stop WARN DEBUG INFO start cache ERROR timeout service cache failed INFO
response DEBUG service failed login cache ERROR request INFO start
database cache WARN response service stop WARN timeout ERROR cache
cache failed success success stop start logout
response login login failed WARN start cache timeout DEBUG start cache start
database WARN service timeout connection database
logout login start cache service database
DEBUG logout WARN connection success failed WARN cache failed
login failed INFO start start response response service
start database connection connection DEBUG ERROR INFO DEBUG cache failed WARN ERROR logout
failed service timeout response login INFO
INFO timeout stop ERROR timeout service start WARN DEBUG login cache
timeout timeout request stop service response
response start ERROR request logout INFO DEBUG success
cache timeout login failed service
WARN DEBUG success INFO DEBUG request login response start WARN success
logout logout cache service response success WARN success login connection stop WARN
INFO database WARN cache WARN start logout ERROR stop success service login success
WARN login database stop database cache success connection INFO database
connection response timeout timeout stop success failed logout
database start DEBUG logout service INFO request service response
stop success database logout login timeout request
login start login service logout success service
database ERROR connection database DEBUG success WARN database success DEBUG ERROR DEBUG login logout
start INFO DEBUG failed login response
INFO service INFO timeout success cache stop WARN ERROR response
success DEBUG INFO login success DEBUG INFO INFO INFO connection start
connection request DEBUG timeout start WARN WARN ERROR
logout DEBUG stop logout INFO INFO database failed request WARN failed stop start WARN
ERROR start failed success ERROR connection connection failed timeout WARN request
cache connection logout DEBUG response failed logout logout timeout logout
success request stop timeout failed service timeout database connection ERROR INFO
success database login timeout WARN failed WARN failed logout request
DEBUG logout failed failed stop request WARN cache
ERROR success response DEBUG connection database timeout response stop
ERROR service INFO INFO login response INFO service timeout
request stop INFO success request timeout success ERROR stop DEBUG success DEBUG DEBUG database
login success connection ERROR success database request start INFO
service service database timeout ERROR ERROR logout timeout WARN failed INFO
request WARN start INFO stop WARN start login database stop
WARN response login stop stop cache success
response INFO INFO failed DEBUG
failed WARN database INFO database logout
service logout logout database response DEBUG service request ERROR
service login start start failed stop failed login DEBUG
timeout failed response timeout connection login WARN service login INFO failed DEBUG ERROR request
logout logout database ERROR timeout DEBUG request ERROR
start database DEBUG stop stop timeout start
INFO database start start timeout timeout cache response success WARN ERROR ERROR
database ERROR logout timeout logout database logout login stop WARN login request
service failed response logout ERROR cache timeout login failed timeout
connection response ERROR response response start timeout WARN timeout success start WARN database
success stop cache failed success response response
start connection service success request timeout start INFO WARN success service
start service cache database ERROR stop cache failed DEBUG request login connection service success
DEBUG ERROR logout failed timeout login
DEBUG success cache request ERROR timeout DEBUG request DEBUG failed response
ERROR database response WARN request INFO success response success login connection
service logout connection timeout timeout success database
response cache logout INFO INFO cache DEBUG response
service failed connection request service
database start cache service start cache stop
request service logout database response WARN WARN response logout INFO cache timeout connection failed
timeout response timeout cache start start stop request connection service timeout WARN service database
response request start login database login success database DEBUG success stop cache cache
timeout failed WARN service INFO database success cache WARN failed success database logout
cache service ERROR ERROR login login response connection
timeout INFO logout WARN database DEBUG cache INFO INFO INFO stop stop connection success
DEBUG DEBUG login success timeout connection database success logout service
request logout WARN logout failed login stop INFO DEBUG request logout success
DEBUG response cache DEBUG timeout DEBUG start service connection connection
ERROR failed success timeout cache WARN timeout response timeout connection request
ERROR login cache DEBUG start ERROR start cache service logout connection cache INFO
logout failed connection stop service success failed success success stop connection stop response cache
INFO logout stop request logout DEBUG stop DEBUG
cache stop connection timeout INFO WARN stop login DEBUG
failed login WARN stop logout
WARN stop cache connection WARN logout WARN INFO timeout DEBUG failed timeout
stop DEBUG start failed login failed start INFO
success success timeout failed database start logout
logout logout ERROR request request stop
connection database INFO connection WARN service response
DEBUG response timeout login WARN
database login failed database login logout ERROR success WARN login response
cache failed response response timeout login request INFO success
failed cache connection service DEBUG INFO login
cache request INFO start response database cache failed INFO
INFO INFO service logout timeout connection WARN INFO
response start timeout database INFO login
ERROR response WARN success request timeout response
logout failed start connection DEBUG success service service request login WARN logout DEBUG
cache service INFO logout cache start response login cache response failed database request
login connection connection request login stop start INFO INFO cache DEBUG failed service
logout ERROR INFO logout success timeout DEBUG response success response INFO
service start login success start database INFO connection ERROR DEBUG start stop ERROR ERROR
failed database DEBUG failed WARN database
stop WARN login start connection login cache request connection database
cache login INFO service service start login
start ERROR cache request request cache logout failed
login INFO connection login start login cache
timeout ERROR WARN failed DEBUG
DEBUG success response stop response response failed login cache WARN request service
ERROR connection response INFO success cache ERROR
logout start failed success success service
start failed cache login failed stop service stop DEBUG database database success
request timeout start failed start WARN login service timeout WARN
request cache request service response login WARN WARN login ERROR connection
failed stop database response DEBUG login WARN database
logout INFO request logout WARN INFO login DEBUG connection WARN cache DEBUG
connection timeout DEBUG logout failed start request
cache success logout logout ERROR success
request WARN stop request stop logout logout stop stop service
ERROR request ERROR WARN timeout login request ERROR ERROR response success
cache success failed connection database request database cache
timeout database service service WARN service stop cache success stop DEBUG INFO
start ERROR service ERROR start start start DEBUG logout INFO failed request login
WARN ERROR ERROR WARN request ERROR INFO login logout INFO response login
timeout logout timeout failed database WARN success WARN response failed database login response
database logout WARN service ERROR DEBUG timeout INFO INFO cache start stop
INFO timeout WARN failed DEBUG stop start cache success login logout
INFO logout response database WARN WARN success WARN INFO failed
connection logout failed request timeout response failed database stop ERROR service service timeout
response request stop stop response cache start
start request ERROR login success INFO start success failed database
ERROR cache ERROR service login login
database DEBUG failed service service request INFO timeout response
service INFO timeout database ERROR
timeout connection WARN service WARN INFO timeout cache cache login WARN stop timeout
WARN start timeout failed logout login WARN ERROR connection login INFO
logout stop request timeout request start timeout response cache service cache service cache
logout timeout database cache database timeout timeout request database
response timeout INFO start service login DEBUG failed connection INFO stop DEBUG request failed
response ERROR DEBUG stop response DEBUG DEBUG logout request logout database
connection stop service stop DEBUG ERROR connection
database database logout logout success connection
WARN INFO service database DEBUG WARN failed timeout response WARN INFO INFO stop INFO
start connection success connection cache service database success database request
logout database failed logout logout
timeout connection cache WARN response connection
success start failed start database login start request
INFO request ERROR DEBUG connection WARN
DEBUG login DEBUG INFO DEBUG service database connection logout failed
login database DEBUG start WARN DEBUG connection response success response
INFO stop stop INFO start request service WARN connection request
login DEBUG INFO success request success success login
WARN timeout request response login WARN logout timeout database
WARN database success response logout start start success response request ERROR
INFO connection success connection connection stop failed failed database request start service connection stop
stop INFO connection ERROR WARN logout failed ERROR connection start cache logout response start
response WARN timeout stop success ERROR success service start DEBUG service
response logout service connection request WARN database INFO response connection failed logout database stop
ERROR timeout success timeout DEBUG
service response ERROR login ERROR response logout WARN service response stop ERROR connection
DEBUG WARN logout start connection ERROR success service timeout
logout response failed ERROR INFO WARN database failed login timeout INFO
ERROR failed connection timeout request ERROR timeout stop service start WARN start success response
INFO logout failed ERROR cache failed success INFO failed
connection WARN failed database stop INFO ERROR ERROR ERROR timeout ERROR
cache cache WARN login stop DEBUG ERROR connection
response failed connection DEBUG failed timeout cache timeout ERROR
connection cache success cache request timeout logout cache login cache connection
connection ERROR logout request stop start request start logout timeout
timeout failed failed login request logout success database DEBUG WARN
stop DEBUG timeout ERROR stop
login login logout logout login cache
request connection service database WARN response login connection ERROR response login response start
service request DEBUG success request
stop success success ERROR failed connection
cache cache request login success success cache database success connection
timeout ERROR start login service WARN
database ERROR DEBUG timeout INFO DEBUG
DEBUG start success request ERROR database response cache INFO
DEBUG service failed database success DEBUG INFO logout
timeout ERROR cache start stop INFO timeout success logout start
WARN timeout login service cache request cache stop
timeout connection ERROR WARN start request connection INFO
failed service service service request connection
response success connection cache stop database failed success
service cache INFO database WARN WARN connection stop DEBUG connection start request INFO
login success start failed ERROR ERROR success DEBUG INFO DEBUG success start service timeout
request login WARN connection stop DEBUG request response failed start INFO response WARN INFO
database success timeout DEBUG failed start DEBUG DEBUG
logout failed logout cache success timeout logout logout WARN
start response request failed DEBUG cache success database cache stop WARN success database
logout DEBUG timeout stop request logout DEBUG login timeout failed
failed start response start success connection WARN response logout login service failed database logout
connection timeout service cache login database DEBUG cache database failed request WARN response
success WARN ERROR stop logout DEBUG stop failed INFO ERROR failed DEBUG DEBUG
logout cache cache DEBUG service ERROR request DEBUG login INFO timeout logout database database
ERROR stop stop success connection cache response ERROR stop logout logout cache start
response ERROR stop WARN connection login
cache ERROR stop timeout timeout
cache timeout service INFO response database timeout logout connection database stop
failed logout INFO failed failed logout connection cache
service INFO cache service failed DEBUG
start DEBUG response request stop logout service timeout
INFO response logout INFO failed request
database service connection failed login response logout stop ERROR logout stop
success success response success request ERROR stop logout response failed cache request database service
failed login request failed database logout request service failed cache stop
DEBUG request cache service timeout logout success connection timeout failed request service
connection DEBUG WARN response INFO failed response
stop start WARN WARN timeout request service login login login stop connection success
start ERROR cache INFO success logout database database WARN stop DEBUG DEBUG
ERROR service DEBUG DEBUG logout failed response WARN DEBUG ERROR WARN
login stop stop WARN ERROR cache login
cache ERROR service start WARN failed request success database service WARN login cache response
service ERROR stop DEBUG cache cache DEBUG login service ERROR start
login timeout ERROR cache database connection request response database cache DEBUG database
timeout WARN service DEBUG failed request ERROR database service WARN service
DEBUG DEBUG request logout request connection INFO start response
connection WARN stop INFO timeout logout login stop
ERROR INFO failed stop request
DEBUG cache ERROR ERROR login DEBUG service request login logout stop stop request
connection response timeout ERROR stop stop response
logout start success ERROR cache database database DEBUG success start request failed
request stop INFO WARN success request success database start logout ERROR failed logout
cache request cache login connection cache logout stop failed stop failed service response DEBUG
request ERROR stop success INFO failed service
cache database connection failed DEBUG failed
request INFO service WARN start database database logout database cache database
INFO stop failed failed cache DEBUG response timeout cache WARN database
database response ERROR cache WARN start timeout
login stop timeout INFO logout login database failed timeout request start
connection success timeout login service response start DEBUG INFO
WARN INFO ERROR service response request logout INFO login success INFO
database cache stop start cache connection DEBUG timeout start ERROR
success INFO login success database INFO
WARN logout ERROR ERROR success database response failed WARN
INFO connection logout database cache success login timeout
connection service connection connection logout logout WARN login
request success database ERROR database WARN service response success request cache logout login
failed response start service DEBUG logout failed service database
database WARN ERROR failed login WARN WARN success cache INFO
login DEBUG database login WARN service login logout logout ERROR WARN cache
service WARN service failed INFO connection response DEBUG failed DEBUG INFO
service database start failed database
timeout cache response request logout database
service login INFO login start database login response service DEBUG database DEBUG
success DEBUG cache start request
database DEBUG timeout stop login INFO database response cache connection timeout login
logout INFO stop request start ERROR success request
logout connection logout WARN WARN ERROR start WARN stop failed connection cache
