response failed service WARN start service login login ERROR
connection stop login stop INFO connection stop DEBUG INFO request
ERROR logout database INFO service service start WARN
failed timeout stop request cache stop DEBUG database login cache
failed response cache request request connection
WARN request response response response database database timeout login ERROR
cache start success start WARN connection database service timeout
failed start start success WARN login request request response start
INFO WARN cache cache INFO request success failed INFO WARN database ERROR
stop connection database WARN success
login connection ERROR response start start WARN INFO failed logout
success cache failed success service success login start request timeout connection database logout
start ERROR logout request logout login response timeout connection response success
INFO timeout database service connection connection stop connection ERROR connection service timeout
success WARN stop request response service ERROR
service login failed INFO timeout response
failed start login success success success failed INFO failed success WARN success
response cache logout cache database request DEBUG WARN
login database timeout WARN failed failed login success service connection INFO logout
INFO WARN service failed connection INFO request start
logout WARN logout database timeout cache cache start WARN request
stop start logout timeout database INFO DEBUG response DEBUG logout
database cache login failed INFO database WARN DEBUG success
ERROR success ERROR WARN success timeout start start timeout request
start failed DEBUG logout INFO failed WARN database logout stop
failed failed login connection connection
response success DEBUG INFO success ERROR response success DEBUG stop
WARN stop ERROR WARN ERROR cache INFO logout stop response request connection
response failed response timeout cache service success
DEBUG logout failed success cache cache timeout request logout cache connection
connection service connection cache request failed database success INFO start stop
connection stop login INFO connection WARN
DEBUG cache response start ERROR success failed cache stop cache request INFO
timeout start cache failed timeout success failed login login login ERROR
INFO failed ERROR DEBUG timeout cache success database
success connection success failed login DEBUG timeout INFO cache ERROR connection DEBUG DEBUG database
failed success database stop service service cache database cache success
database logout request request start response DEBUG
timeout database database database logout request connection
stop failed failed service WARN timeout
ERROR DEBUG connection failed database database database response timeout logout
INFO ERROR login DEBUG start database success WARN
response login database INFO login service database
success INFO response timeout DEBUG request response ERROR DEBUG connection
ERROR timeout DEBUG service connection success timeout WARN timeout response
ERROR WARN timeout ERROR WARN stop logout database stop logout logout logout WARN request
connection stop request request start WARN service start request success timeout login cache failed
service logout WARN stop start response logout request service
login logout login logout DEBUG INFO request success
stop database service login DEBUG database INFO ERROR WARN DEBUG WARN connection WARN ERROR
success logout service INFO DEBUG
timeout logout database timeout start service cache timeout service INFO failed ERROR
response stop request service stop ERROR response timeout ERROR
request database database database INFO
timeout database logout service stop INFO stop DEBUG service cache connection cache failed
ERROR request DEBUG start connection WARN connection
timeout timeout WARN ERROR connection DEBUG DEBUG timeout stop database ERROR
database start service ERROR WARN
response timeout login success start logout success connection login request
login response stop connection request WARN ERROR stop cache timeout login failed
connection DEBUG success login success connection
logout connection connection service stop DEBUG
success database start stop failed response response
login timeout response service request request response ERROR
failed WARN WARN DEBUG stop logout service logout start start cache response
login cache connection database logout service service WARN WARN timeout failed logout cache stop
ERROR login start stop start login WARN success cache logout success database stop
failed INFO login success stop ERROR ERROR cache INFO response database cache connection service
cache DEBUG logout start request
service start stop WARN logout failed response
failed success request success INFO stop connection DEBUG login service
WARN database database response stop
DEBUG success connection timeout start service ERROR DEBUG INFO database
timeout start start response request login timeout success stop success success ERROR
start login database login INFO INFO INFO service stop database response failed timeout
login DEBUG success timeout ERROR stop cache database
request success WARN DEBUG cache ERROR DEBUG success INFO success success cache service
connection DEBUG connection timeout stop INFO start connection connection request failed success
cache WARN login failed INFO INFO connection ERROR WARN success stop INFO cache success
stop DEBUG DEBUG database WARN failed request logout ERROR stop
failed stop login connection response ERROR success stop
request service service INFO service service stop start success stop failed response success start
failed logout stop failed success WARN response login DEBUG success logout
database ERROR response connection connection
logout failed ERROR cache service success WARN response INFO stop
start cache stop failed stop timeout connection timeout stop connection database
logout logout ERROR timeout stop stop database
database login ERROR start INFO timeout timeout success
service login cache connection service DEBUG response timeout request
DEBUG stop WARN service database ERROR request stop response
service DEBUG start logout login connection request cache connection request failed WARN success
connection connection start DEBUG request cache INFO service request stop DEBUG cache service cache
cache database INFO success database INFO start failed logout service success logout ERROR request
start database timeout success WARN login response logout
connection ERROR start response success cache database connection start
database ERROR response INFO request start WARN logout stop start request cache logout
database service login service ERROR connection connection service cache WARN
cache start INFO DEBUG service request request INFO cache
service start connection INFO cache start connection WARN success
timeout WARN start timeout failed
failed connection start failed failed response INFO cache DEBUG WARN
service WARN cache INFO request success success stop ERROR connection
connection failed stop start success ERROR INFO cache stop
cache ERROR request response timeout success stop timeout success cache timeout failed service login
logout failed failed INFO DEBUG stop INFO WARN
success ERROR connection response login DEBUG ERROR success success
WARN WARN INFO database failed cache database connection
connection cache DEBUG DEBUG failed connection stop success failed INFO cache response WARN database
logout WARN login timeout INFO INFO response ERROR logout
success failed database INFO ERROR start login
response DEBUG ERROR connection connection connection success failed success start success service
INFO INFO WARN response INFO response
logout connection database response request database DEBUG login
success start WARN failed login start cache INFO cache start WARN database failed login
response cache failed ERROR DEBUG start
login cache request service ERROR request ERROR database DEBUG ERROR timeout
request start INFO service cache stop connection ERROR DEBUG failed request
INFO service connection success timeout connection
request start INFO response connection response stop
DEBUG connection stop timeout ERROR DEBUG request
failed ERROR failed success login database service cache ERROR service
login login DEBUG response start cache login DEBUG cache logout connection
INFO DEBUG database failed start failed response stop success DEBUG stop
connection response service request database DEBUG logout service start DEBUG WARN success WARN
logout success logout connection database INFO database response
request database stop connection timeout INFO timeout success response request database login DEBUG request
ERROR ERROR start failed ERROR timeout response DEBUG request stop cache request start response
database response failed response request logout failed WARN request login request stop ERROR
database timeout database stop request logout DEBUG
stop response start stop response request stop timeout
stop timeout failed start start failed timeout cache DEBUG
database logout logout database logout WARN database service WARN connection success cache
timeout DEBUG timeout logout timeout DEBUG success WARN success
ERROR WARN DEBUG logout WARN database connection
start request INFO timeout failed start DEBUG
request success INFO timeout connection WARN
ERROR INFO ERROR request timeout login connection request WARN
DEBUG failed INFO logout INFO
response database service database start stop ERROR timeout INFO failed DEBUG logout logout
INFO stop INFO failed WARN WARN start stop database success start timeout connection
timeout DEBUG cache request ERROR timeout timeout stop failed failed cache request cache
failed login cache logout timeout INFO cache DEBUG failed stop
DEBUG service success service WARN timeout WARN start INFO stop response database timeout ERROR
connection timeout WARN request stop DEBUG logout logout failed request start failed login logout
cache login database WARN WARN
logout stop login stop WARN success failed request DEBUG service WARN
stop database timeout service database failed request ERROR cache failed start failed response login
connection success ERROR start response DEBUG request WARN service connection failed
database login login DEBUG cache timeout cache logout WARN
DEBUG DEBUG success failed request login service WARN connection cache
service start DEBUG INFO login success start WARN stop success database
cache DEBUG ERROR login DEBUG login connection WARN request logout timeout logout
response WARN DEBUG database connection failed success start DEBUG stop WARN start INFO ERROR
INFO login failed logout failed DEBUG service request start response failed WARN success
login response login response connection failed DEBUG timeout DEBUG stop failed ERROR DEBUG login
WARN ERROR INFO request failed timeout service response failed DEBUG response success login
stop connection database DEBUG stop WARN request start DEBUG INFO timeout stop cache failed
service cache connection response DEBUG failed request
service start stop timeout timeout login
failed DEBUG logout INFO timeout cache logout DEBUG DEBUG stop INFO INFO WARN
database INFO ERROR success ERROR response request response login start INFO start
start success timeout ERROR service WARN start logout service database
database ERROR service stop stop login INFO response
service start service timeout WARN INFO ERROR logout
start INFO DEBUG timeout logout INFO failed
ERROR stop stop start failed request response INFO success success failed
DEBUG WARN failed WARN start failed
stop ERROR timeout timeout logout login service database connection start INFO
INFO timeout INFO login WARN failed DEBUG
login ERROR response timeout WARN DEBUG ERROR start login start timeout failed response ERROR
cache response timeout start service WARN INFO start connection database response DEBUG failed
cache cache stop stop request failed service
login connection request INFO INFO service database login failed request
INFO logout timeout INFO timeout service response
cache stop DEBUG failed stop INFO cache response
stop timeout DEBUG timeout logout failed response timeout timeout response cache
DEBUG DEBUG connection WARN login cache DEBUG WARN DEBUG logout login
ERROR ERROR DEBUG start WARN
logout ERROR logout failed success database DEBUG logout WARN response logout INFO
logout service request response response DEBUG INFO DEBUG connection DEBUG connection WARN
service database logout response success failed failed
logout database DEBUG connection stop failed start database DEBUG logout success connection database failed
stop failed cache ERROR cache response request WARN service WARN WARN request failed
logout request failed connection database cache request database stop INFO failed stop INFO timeout
stop service request service WARN logout request cache
response INFO login success login ERROR DEBUG logout
login success connection stop request stop stop connection failed response response WARN connection
logout ERROR logout DEBUG INFO connection
timeout ERROR response service cache INFO
cache failed connection service ERROR failed DEBUG DEBUG request request timeout login stop
response request logout ERROR database cache ERROR
failed cache response cache database cache database logout
service service connection ERROR start database success
INFO service INFO start connection request request service WARN service connection
logout success DEBUG DEBUG start success failed login connection request success WARN
connection cache login DEBUG service logout ERROR
DEBUG response request start database failed cache service stop INFO request
success login request ERROR success logout failed cache cache WARN database
failed failed WARN INFO INFO INFO WARN WARN
stop ERROR DEBUG connection stop database connection stop INFO
INFO WARN ERROR start INFO
stop DEBUG database request service DEBUG login
failed response request response failed stop cache DEBUG login success start success failed timeout
connection success service start DEBUG
failed ERROR logout WARN cache response WARN service connection database failed ERROR stop
stop ERROR failed database request request
ERROR database database failed failed request stop timeout
service INFO timeout failed WARN DEBUG failed database success service DEBUG service
timeout DEBUG service failed logout timeout WARN INFO
success timeout login DEBUG service ERROR connection failed failed failed ERROR connection request failed
start DEBUG response connection stop response failed WARN logout connection logout failed
start success success login request success failed login login ERROR
timeout timeout DEBUG login INFO
database login INFO request logout start start start cache
timeout WARN INFO success WARN
cache success success INFO login WARN logout connection success
failed success start logout DEBUG service ERROR success
service failed stop success request DEBUG timeout response login start
cache WARN INFO logout start connection response
response success ERROR failed response timeout
timeout cache service database timeout
cache start INFO INFO connection failed success WARN start INFO start
database login cache login DEBUG stop connection logout
stop timeout success cache ERROR timeout INFO INFO
success success service logout service cache database stop
login INFO stop INFO database service start
response service cache success WARN INFO service WARN
success DEBUG INFO timeout connection stop service database response DEBUG database DEBUG
success start service WARN login cache timeout cache connection logout ERROR INFO
failed service cache failed response cache login ERROR ERROR service WARN
service timeout cache response failed success response WARN DEBUG start database timeout cache
login failed cache connection database logout start connection DEBUG service start
request timeout start login INFO stop INFO DEBUG
connection request INFO cache INFO logout cache timeout failed
connection ERROR logout stop DEBUG success success login WARN timeout stop
stop start timeout login connection
connection connection database service success cache start
ERROR INFO ERROR request login start cache cache logout
INFO failed start start cache response connection stop timeout
login stop database service login start failed failed connection
stop timeout DEBUG start response response DEBUG service success WARN logout
request logout WARN failed ERROR
database stop response database timeout database DEBUG DEBUG INFO success login
stop service login timeout logout failed
DEBUG database login ERROR stop timeout failed
INFO DEBUG logout INFO database response INFO database timeout success start timeout connection success
connection start timeout database ERROR connection response service
start logout database WARN success connection stop timeout database
connection service response INFO INFO connection INFO failed success service logout
stop database timeout cache connection logout request
cache cache timeout failed success response service INFO
WARN stop DEBUG timeout service response ERROR cache cache start
service failed start service failed login database connection timeout logout
INFO service connection stop start request response response start failed login DEBUG
response request timeout DEBUG cache cache start logout
DEBUG INFO start response timeout logout logout start service
WARN connection login start DEBUG service timeout INFO cache ERROR cache timeout
database DEBUG stop response response success failed failed login DEBUG request INFO start
service INFO failed DEBUG cache
response response database response logout logout stop
start login login start ERROR ERROR failed connection login service success connection
failed timeout login WARN database ERROR INFO login
service INFO INFO connection WARN ERROR failed stop
response login INFO INFO timeout INFO response INFO cache timeout logout
ERROR timeout database success cache service success database logout ERROR request connection response response
success cache start timeout login
success success start start failed failed request
login start logout start response database response INFO
service failed ERROR failed timeout connection connection connection success connection request
DEBUG WARN logout DEBUG INFO WARN stop
DEBUG timeout timeout connection database INFO ERROR timeout request ERROR service
connection timeout timeout start database failed DEBUG logout timeout logout INFO start
ERROR login timeout request login ERROR service stop cache INFO database success stop logout
request response connection database ERROR
timeout service DEBUG start database stop cache response success ERROR database
login timeout DEBUG login request start timeout timeout ERROR stop response response
service timeout ERROR ERROR success DEBUG stop success logout response stop start login logout
ERROR cache INFO INFO WARN stop ERROR database failed cache service request request
request logout success ERROR ERROR success failed failed service connection connection database start
failed start INFO ERROR INFO service logout
login login database failed login timeout DEBUG ERROR
ERROR stop stop DEBUG login connection cache DEBUG start logout login
logout WARN timeout logout response response connection stop DEBUG
start timeout INFO request stop WARN ERROR database
timeout start request logout cache DEBUG success start login response
connection ERROR start database INFO failed timeout service database WARN database WARN ERROR
connection success response success connection logout connection INFO WARN login login response stop
DEBUG request login response INFO logout logout database timeout ERROR timeout login INFO
DEBUG database ERROR failed response
ERROR connection connection request request logout
INFO start login failed ERROR logout response request cache connection ERROR cache INFO
response ERROR database database cache connection ERROR DEBUG INFO ERROR
connection response cache success request stop response stop login timeout connection start ERROR database
cache service timeout cache timeout WARN logout login response response
failed database WARN connection login ERROR database stop failed DEBUG success login DEBUG connection
stop stop connection database WARN stop logout database INFO connection login
DEBUG WARN service failed login timeout cache stop
start timeout connection DEBUG WARN database cache logout response
success database connection INFO success service
connection stop INFO request login start WARN success timeout cache login connection login response
connection failed request database ERROR stop WARN logout ERROR
connection database database start INFO login cache response
login WARN service request logout stop WARN cache failed DEBUG DEBUG DEBUG
stop stop service service failed failed ERROR failed WARN request response request
stop request request timeout response DEBUG request success stop INFO
login INFO service ERROR failed connection DEBUG success DEBUG database cache login failed request
login ERROR start ERROR login response connection WARN database
connection failed failed login INFO login
failed response response connection timeout database failed start request login
DEBUG success request INFO INFO success
request INFO database timeout start connection timeout login logout WARN response login service WARN
success success login DEBUG INFO service request DEBUG database request
cache database login success response response database WARN request response response DEBUG WARN logout
start DEBUG request response login start
login WARN database service database
success WARN failed connection INFO DEBUG failed database ERROR failed
logout cache logout login cache service login database
connection connection login request stop login failed start database ERROR database service ERROR request
success request timeout login login connection DEBUG start DEBUG service service
INFO INFO DEBUG cache connection database WARN success logout failed request DEBUG timeout cache
INFO cache WARN connection INFO DEBUG stop ERROR request
database service INFO service INFO logout request response ERROR
timeout success connection stop service logout connection
INFO timeout cache WARN response
database failed success cache login failed ERROR WARN timeout DEBUG ERROR stop success cache
database start response success cache request database database service login INFO login success service
failed service DEBUG success response timeout INFO request connection
connection INFO WARN response response ERROR failed database database connection stop service logout start
login service ERROR DEBUG login INFO stop stop logout DEBUG logout cache
request ERROR failed INFO response service stop
response WARN cache connection login timeout request logout database
service request failed response login success timeout login service failed response ERROR success INFO
response timeout INFO cache connection DEBUG WARN start database request success
login WARN cache DEBUG stop request
cache cache database WARN DEBUG INFO WARN response connection success connection
start connection timeout service INFO success ERROR start logout ERROR service cache
WARN WARN logout timeout connection failed cache connection connection logout ERROR service DEBUG WARN
stop INFO failed service stop cache success stop logout timeout logout connection WARN
failed INFO cache ERROR ERROR request ERROR cache start service cache service ERROR
start response success response DEBUG stop login ERROR DEBUG cache response INFO ERROR success
start failed request connection WARN ERROR INFO start request connection logout login INFO
timeout WARN DEBUG stop ERROR WARN connection stop INFO login
WARN logout DEBUG timeout WARN response cache service connection connection
logout logout ERROR INFO success cache stop cache database
cache response database logout success
ERROR logout logout logout response connection timeout login
success cache request cache service response WARN cache request database stop response
success start failed DEBUG INFO logout WARN DEBUG
connection stop service database timeout service failed logout service DEBUG service
failed connection timeout timeout INFO request database
login WARN logout start request service service response DEBUG login response ERROR
INFO service login response success cache database ERROR success INFO connection
database WARN timeout login WARN login ERROR logout logout
logout stop login timeout database DEBUG logout
database start WARN cache INFO failed cache logout start response stop INFO
request timeout ERROR failed connection connection INFO failed INFO timeout connection DEBUG
DEBUG timeout ERROR DEBUG service logout logout failed success cache
start ERROR login WARN logout DEBUG logout logout cache timeout response
cache success login cache connection connection logout response service request
connection logout service logout WARN DEBUG failed stop
timeout logout failed database timeout
failed failed WARN ERROR WARN logout start ERROR
logout logout connection database success WARN database
database cache cache stop database timeout timeout request login start stop response
connection stop request success INFO WARN timeout stop timeout success request connection
cache login login start failed success
success login logout service logout success stop
stop start login login logout login failed INFO login request login database failed request
connection cache timeout logout stop
success service logout DEBUG failed connection failed
failed timeout login cache stop success login database start INFO
INFO request response INFO response ERROR ERROR
failed ERROR service WARN start
login DEBUG DEBUG ERROR request stop login failed database start response
timeout DEBUG timeout cache logout database cache response failed connection timeout WARN
response request logout stop logout database stop failed service service database
service ERROR timeout failed cache logout login cache
INFO cache database start service INFO database ERROR login DEBUG timeout
login response failed ERROR start timeout connection timeout ERROR service response request login
stop DEBUG INFO DEBUG service start
service INFO cache start logout success success INFO ERROR
connection logout login start start service
success login response start ERROR
stop ERROR login request request cache response service success service DEBUG start timeout logout
login cache cache connection INFO INFO stop
logout INFO logout stop ERROR connection logout database failed success stop
start stop DEBUG login ERROR cache
DEBUG connection failed DEBUG response WARN database stop start request success WARN connection success
service cache INFO response DEBUG database stop success failed connection
WARN failed INFO WARN database response service success service WARN start request
ERROR ERROR response failed success ERROR INFO
failed failed WARN start DEBUG stop failed service request connection ERROR
request DEBUG success database stop request connection connection ERROR failed INFO
request failed database success start
cache logout INFO database INFO success response DEBUG failed connection response request failed timeout
login WARN timeout DEBUG database start connection logout INFO request timeout
WARN login success cache connection login request DEBUG DEBUG failed response
timeout DEBUG INFO INFO stop database
cache service logout cache logout login start login timeout service INFO
response WARN WARN connection login connection start DEBUG logout database service
service connection timeout start stop failed request DEBUG logout logout logout success logout ERROR
timeout success DEBUG cache logout cache database INFO service request DEBUG cache
cache success service DEBUG failed database connection success ERROR ERROR DEBUG INFO request
logout WARN failed failed ERROR service login connection
DEBUG request success WARN database start INFO request service
success DEBUG database connection DEBUG
request service database login login response success response
start stop INFO INFO service timeout ERROR ERROR connection ERROR timeout INFO response
ERROR ERROR connection success stop success stop failed stop DEBUG response failed logout DEBUG
DEBUG logout failed response timeout request connection
INFO timeout DEBUG failed DEBUG failed connection failed service DEBUG
service timeout login response WARN INFO DEBUG stop failed
failed connection logout database DEBUG success logout cache failed success stop cache INFO
connection success request failed database request cache DEBUG timeout connection start response timeout success
WARN stop INFO service DEBUG stop request INFO login database ERROR
DEBUG response WARN success logout database response connection ERROR database service
stop failed response DEBUG cache connection timeout INFO logout
database database connection timeout INFO timeout
login ERROR login DEBUG DEBUG ERROR success cache DEBUG login cache
logout timeout DEBUG response request stop cache DEBUG
logout connection failed DEBUG failed timeout
request stop start request DEBUG cache service DEBUG logout success service start database database
start cache database database stop
start WARN INFO cache failed login WARN
connection WARN login INFO start start failed login cache logout WARN DEBUG
request WARN login timeout login
request stop service DEBUG success database failed DEBUG cache INFO service
login start timeout logout connection request
start service start stop response database service logout connection ERROR service cache
failed start database response ERROR start cache stop stop INFO ERROR start connection
failed failed cache request failed logout response login stop
timeout ERROR logout success failed
login DEBUG failed response logout timeout start login DEBUG cache timeout start
ERROR connection DEBUG start start request start database failed database logout DEBUG WARN
INFO connection stop login stop logout start cache login failed connection request service
request connection cache start logout logout
failed success request logout cache database failed service database DEBUG
failed request success logout DEBUG stop timeout
failed start DEBUG connection stop INFO cache connection DEBUG timeout start response cache failed
stop failed logout response ERROR start INFO start request request DEBUG timeout logout
connection success database request DEBUG failed cache timeout success WARN login login
success ERROR INFO response stop INFO success ERROR start ERROR INFO request database WARN
start DEBUG connection database request success INFO cache response failed
cache stop service connection service logout stop
login service timeout database login request database stop cache login connection timeout ERROR connection
start login failed timeout DEBUG cache database service response response WARN stop ERROR
success WARN INFO stop WARN ERROR connection service service DEBUG success logout WARN failed
service timeout request service ERROR request timeout service failed start ERROR
INFO connection success logout service logout DEBUG login failed stop service timeout
request request stop cache failed stop connection INFO
login failed ERROR ERROR failed failed database service response ERROR success INFO
response request INFO cache start service cache WARN service response
stop success ERROR login service DEBUG failed service
database cache success INFO logout
database cache connection logout WARN request start start request
success ERROR failed success timeout start INFO logout WARN stop ERROR response failed
timeout INFO database ERROR logout login ERROR database request
response logout stop timeout logout request success cache success failed response WARN
timeout logout WARN login service WARN request response
start DEBUG DEBUG WARN cache connection cache response stop success cache service
timeout logout service connection logout INFO cache service ERROR cache database timeout INFO
start logout request logout database response connection connection cache request stop stop
DEBUG logout stop DEBUG connection cache stop connection request ERROR
connection ERROR response INFO response timeout DEBUG WARN
timeout response request timeout DEBUG connection start service login start start database cache
WARN INFO request service stop
failed WARN start WARN success failed logout connection
service DEBUG cache stop stop login database response start WARN login connection
INFO ERROR response success success WARN
login connection failed ERROR cache WARN success start response
ERROR logout service response request database WARN service connection connection ERROR
failed failed database start cache success request
service start start DEBUG login start DEBUG database DEBUG DEBUG
login service response success INFO connection response DEBUG login connection
connection WARN service login connection success INFO DEBUG logout
failed stop logout timeout cache response database login INFO response service service success
stop start DEBUG logout cache service success database
ERROR WARN logout start start request timeout WARN INFO request INFO login
ERROR logout ERROR WARN database
database start service logout response request database stop WARN service service failed DEBUG
logout INFO cache logout cache cache start
success timeout failed logout INFO connection login timeout logout request timeout request cache login
ERROR INFO start WARN success service success failed request
success ERROR start WARN INFO cache logout failed logout success
DEBUG cache logout request WARN stop service request login service cache failed INFO start
connection cache service ERROR connection DEBUG success ERROR logout failed failed database request ERROR
login failed failed INFO login INFO INFO DEBUG logout WARN failed stop
response DEBUG start DEBUG request ERROR cache
INFO stop request success failed INFO
response success logout cache service service timeout
logout connection timeout timeout DEBUG cache login service response timeout response failed
logout request WARN INFO DEBUG start stop service login logout DEBUG logout
DEBUG WARN database stop INFO login start
DEBUG start failed logout login stop INFO
timeout cache cache database start
database request request logout cache request INFO WARN timeout connection connection success
INFO WARN ERROR database ERROR DEBUG request ERROR INFO INFO
request DEBUG failed start connection request cache database
start request ERROR WARN WARN
connection database failed service success service success ERROR logout start INFO
ERROR connection success timeout WARN cache failed stop WARN
timeout timeout login start success WARN INFO DEBUG login logout
cache timeout failed connection request timeout stop
database service cache DEBUG logout success request start database login request
INFO success success timeout timeout DEBUG start
WARN request timeout stop response stop cache response stop database cache success cache
INFO response database login request
response service success stop logout logout response logout request service INFO
failed logout stop login stop request cache request connection cache
