connection stop request connection login request response service logout database WARN connection database response
login response DEBUG INFO logout cache database
start cache DEBUG response timeout service failed
timeout connection logout response connection logout failed ERROR WARN connection success success
logout login WARN timeout logout start response success stop response timeout service connection
success request failed ERROR WARN timeout login timeout success database start logout login
login database database ERROR database cache request failed logout
login database WARN DEBUG DEBUG failed request database cache failed DEBUG logout INFO
service request database database database failed logout cache ERROR ERROR cache timeout failed INFO
DEBUG timeout service cache connection cache logout stop cache
database DEBUG stop WARN start
database connection WARN ERROR logout request
response start INFO start cache success timeout DEBUG ERROR cache
stop DEBUG connection INFO response logout DEBUG success start cache database
login logout login cache logout INFO DEBUG
success WARN WARN DEBUG cache login success connection success cache
WARN success DEBUG database login request
login response DEBUG connection success database start stop service connection logout failed database
service service connection INFO WARN
start start success logout connection logout success start
service WARN response DEBUG database request request start timeout database DEBUG
INFO login login DEBUG INFO response INFO login
start service INFO cache failed cache cache DEBUG
connection connection logout logout login success logout logout INFO
success request start connection DEBUG service WARN success success
connection DEBUG connection database login INFO connection stop start INFO database logout DEBUG success
ERROR cache logout WARN DEBUG connection service WARN ERROR response
login success start start request response login
service ERROR cache start connection response ERROR login ERROR WARN service response
ERROR logout WARN database timeout
login timeout failed failed connection
start request DEBUG database WARN login request failed timeout login cache cache stop cache
cache stop success WARN DEBUG database service logout success stop connection
failed failed request DEBUG failed logout WARN cache service WARN success
request logout database INFO login request start connection stop
start ERROR WARN request login success DEBUG request stop database logout logout connection
logout request logout login cache start
logout WARN INFO stop DEBUG service failed WARN start
WARN stop connection database cache DEBUG DEBUG logout WARN
logout success stop ERROR INFO request
connection success success response database
INFO logout service cache service stop logout timeout INFO
timeout failed database INFO service login stop request success
DEBUG cache WARN connection request request connection cache response DEBUG ERROR logout
login start cache failed request WARN failed success request connection login response
stop start WARN ERROR stop
stop cache DEBUG stop connection success WARN DEBUG database logout connection
login database DEBUG stop success INFO logout failed DEBUG logout
start login logout ERROR ERROR timeout ERROR logout connection login success database ERROR connection
response timeout start ERROR connection request failed success success failed success connection
login start connection ERROR database DEBUG
failed stop stop logout success connection connection logout start
failed stop WARN logout logout request failed
WARN connection cache cache response
success logout success login DEBUG timeout
timeout ERROR failed timeout success cache DEBUG WARN success WARN login INFO success
response database WARN connection WARN connection success
request logout database start cache request timeout WARN database service failed WARN
response cache INFO request failed login ERROR logout service database database response
request INFO database failed stop logout response start cache database connection database
database service database service connection ERROR success failed failed INFO logout login
failed stop service login failed
INFO timeout stop start login connection login success response connection database
request start WARN timeout INFO login failed failed start DEBUG logout DEBUG request
INFO stop failed cache connection response
DEBUG cache database stop response database request start failed DEBUG ERROR database database
stop connection connection DEBUG success connection start ERROR cache start failed service login
DEBUG failed DEBUG timeout failed start start connection WARN ERROR
WARN response request service cache logout
timeout DEBUG connection database request logout failed logout connection connection cache start
failed response timeout logout logout logout WARN connection response service success
DEBUG service logout WARN connection login stop INFO request connection service INFO timeout response
login service WARN stop INFO start
ERROR failed login database stop WARN timeout success DEBUG timeout WARN INFO
success connection DEBUG ERROR INFO success timeout WARN service DEBUG success
stop timeout DEBUG timeout stop stop login
connection DEBUG response success response start
WARN ERROR connection start service failed start WARN
request service timeout WARN ERROR ERROR success
logout logout request login logout INFO database logout
response timeout failed cache success connection
start connection failed cache success connection timeout
cache INFO logout database failed success logout failed request service timeout
DEBUG ERROR database connection start cache failed service cache success
WARN stop DEBUG response request logout DEBUG timeout ERROR request INFO failed WARN
login timeout login WARN failed logout
login WARN response timeout service response request cache
cache cache start cache response failed database
stop connection DEBUG start DEBUG failed failed stop logout login stop login request
logout timeout DEBUG INFO success INFO failed
login response start start login DEBUG
INFO stop login INFO stop database database start
success INFO ERROR start cache DEBUG login
login database success timeout success connection
login INFO database cache service stop INFO request logout response login INFO
INFO failed stop logout cache stop login ERROR success cache logout
request ERROR database DEBUG success cache login service WARN request response logout
failed stop failed DEBUG timeout connection cache connection
connection request stop success connection ERROR success failed request database start response
WARN DEBUG INFO stop database WARN failed connection database success
success logout ERROR connection response cache logout timeout
database logout login login service INFO
service timeout request INFO cache success database INFO INFO timeout connection
cache ERROR DEBUG success ERROR
request cache database login success request stop WARN INFO
WARN INFO ERROR response DEBUG cache
connection DEBUG WARN failed timeout DEBUG
INFO success connection request INFO timeout
response WARN stop logout success service INFO timeout stop cache
DEBUG ERROR cache success failed WARN request WARN cache stop ERROR connection
timeout WARN request service login success
service connection start INFO cache
cache start INFO ERROR start failed login logout
ERROR INFO request request response connection INFO
WARN request stop service service
request login INFO failed connection timeout start
DEBUG timeout service logout timeout timeout failed database WARN ERROR connection connection service
service request response ERROR failed failed service start DEBUG stop logout
DEBUG WARN timeout success service cache failed success
success stop logout logout database response failed database
login ERROR cache request start timeout service INFO response
database DEBUG timeout login service success request stop start timeout WARN INFO database
timeout failed success stop logout start response timeout INFO
start success connection success failed success cache stop WARN
stop connection stop stop connection logout ERROR database service ERROR timeout start failed connection
DEBUG WARN request WARN stop start stop DEBUG service connection DEBUG start WARN cache
cache success DEBUG timeout WARN request failed INFO
logout request failed response DEBUG connection INFO
failed cache logout login failed DEBUG logout DEBUG timeout DEBUG connection
stop request response timeout cache logout WARN WARN
WARN connection logout logout logout
request service stop WARN logout timeout start
response success service database request login stop logout connection start login cache stop response
cache timeout logout DEBUG stop request connection
connection ERROR WARN ERROR cache success DEBUG stop WARN start WARN
database connection connection connection cache login ERROR login request database timeout failed
service INFO connection INFO cache logout success WARN service
INFO request failed timeout DEBUG service success ERROR request logout start database
WARN service request success request response service INFO
request login database cache stop success INFO stop success
database cache ERROR start connection WARN start DEBUG connection response ERROR response request connection
timeout ERROR response login database failed
service service cache service DEBUG INFO
login request DEBUG cache start DEBUG service
timeout start WARN DEBUG request database service ERROR start
WARN failed success failed connection WARN
failed request connection connection stop cache database WARN ERROR DEBUG
INFO DEBUG stop success service
success logout stop success request timeout response response timeout request timeout
start success login request start stop
connection service WARN connection cache cache ERROR response logout
failed service success INFO start connection timeout DEBUG timeout login start INFO stop
start success cache stop logout WARN ERROR failed timeout INFO
database login connection logout connection DEBUG INFO
service DEBUG WARN response ERROR DEBUG connection start
request failed timeout connection success failed timeout INFO DEBUG service ERROR failed response database
logout success database connection ERROR connection start success database database
start connection response connection response logout ERROR login stop WARN response service
database success DEBUG login start login WARN service stop DEBUG WARN failed timeout
timeout WARN response cache WARN start service WARN
cache WARN logout connection login service stop DEBUG database
WARN failed connection WARN database failed response response database logout ERROR start response database
database connection request success failed service DEBUG failed INFO database WARN start
success start success cache stop database stop response
response request stop database database response timeout WARN response timeout failed WARN
success WARN INFO stop WARN database logout success login success connection service login logout
ERROR login database request cache request service login response stop WARN success
stop success request response response connection success service WARN success failed success INFO
cache WARN stop start request login cache timeout service login stop service DEBUG success
cache service start request database logout service success timeout response success ERROR WARN request
login connection response service timeout database database request response logout
connection database request connection INFO failed logout ERROR start
ERROR database database WARN DEBUG failed request connection stop
success success login connection start service ERROR database logout cache WARN database stop
success failed INFO DEBUG request timeout timeout start INFO cache logout start INFO request
database request success DEBUG service stop timeout response login database INFO connection
failed cache timeout failed connection login cache start INFO response DEBUG
cache start ERROR failed INFO connection timeout response start cache logout
service logout success failed database request connection cache timeout
success timeout stop request logout connection connection ERROR timeout
connection WARN service WARN start request service WARN
success success database INFO cache INFO response ERROR login
logout failed logout logout ERROR DEBUG stop logout request connection
DEBUG success start login connection WARN failed logout
stop WARN start logout success response WARN database failed timeout cache
success DEBUG ERROR start success login service timeout
cache WARN stop stop service timeout start ERROR login ERROR request timeout request response
failed INFO success WARN INFO database response connection WARN
ERROR cache timeout login success ERROR login cache database response stop
timeout stop WARN service success success login
success stop INFO request login logout DEBUG failed WARN
request start logout cache DEBUG failed INFO
success ERROR stop logout start response database request timeout
start DEBUG logout DEBUG login cache request database service database INFO success
logout timeout timeout logout DEBUG response ERROR INFO start response database logout
ERROR stop login database ERROR
stop WARN cache connection DEBUG success logout failed INFO service connection
service response connection request service INFO failed logout response stop ERROR logout start
service cache database response login stop DEBUG ERROR INFO response stop logout logout
service DEBUG ERROR service DEBUG response connection database
response stop start failed timeout failed stop cache service response
timeout cache DEBUG timeout WARN
failed WARN logout connection connection stop database service database connection login service WARN service
logout WARN ERROR ERROR ERROR success request request failed cache cache request database database
cache service service login database stop login connection request
start login cache failed logout success connection cache connection logout response
INFO DEBUG WARN INFO timeout
stop stop logout success service response start logout success timeout start ERROR
ERROR DEBUG service WARN response login
service timeout connection request response stop request login response connection
start INFO timeout logout response
response WARN ERROR start timeout cache service DEBUG logout DEBUG
service database start database start success
database WARN WARN ERROR ERROR stop database DEBUG INFO INFO start login timeout
response WARN request cache cache failed success ERROR response success
start start timeout response logout logout start request WARN start connection failed logout
timeout connection login logout success connection stop
timeout stop WARN DEBUG logout success logout
response timeout connection logout response login failed start failed stop
WARN start response database database connection cache database stop
WARN response database failed WARN INFO timeout logout DEBUG cache request login
service DEBUG ERROR WARN success connection timeout response connection WARN
service logout DEBUG WARN INFO request INFO failed response service WARN request WARN
stop ERROR WARN connection cache
database INFO INFO failed stop start success database login login start
request failed connection service connection
success connection response request failed success connection stop
WARN logout failed response start service connection WARN response INFO cache timeout
ERROR cache database cache service request database DEBUG cache timeout
success service start connection cache service database
start request connection INFO login logout start
DEBUG service stop start database connection timeout service stop DEBUG
failed start request connection response logout database response ERROR login timeout cache database
timeout request DEBUG login start
DEBUG stop request cache cache start WARN stop response
ERROR start logout database login login cache database response
database connection connection database connection INFO start
timeout ERROR logout timeout INFO logout
success DEBUG stop start timeout DEBUG cache connection request stop WARN
database WARN WARN login login failed failed cache cache logout WARN
INFO ERROR database connection INFO WARN DEBUG database
database start INFO logout connection login failed ERROR logout INFO ERROR login connection logout
timeout connection success ERROR logout
timeout cache service failed DEBUG logout logout service database cache
failed logout logout logout login login stop INFO
logout failed INFO connection WARN cache request success
timeout service cache timeout response WARN ERROR success WARN INFO logout login connection
failed success connection timeout DEBUG WARN login stop database login response WARN
timeout timeout login request response response WARN request response logout login
WARN connection INFO cache success stop service logout logout
response logout timeout request timeout response stop
DEBUG request INFO response success logout login failed
timeout failed request stop service timeout cache start
start DEBUG WARN logout WARN stop stop start database service logout
request login INFO success login ERROR request
timeout failed response cache request timeout
DEBUG connection DEBUG connection response service logout INFO connection timeout database success stop database
request login database database connection failed
cache request login database connection timeout timeout WARN service cache
timeout login start cache login response WARN connection DEBUG response ERROR login
success start start connection login service DEBUG connection
stop logout WARN request request logout stop login start WARN
failed connection failed connection ERROR connection timeout login
failed stop INFO logout logout logout service database
service service database DEBUG ERROR stop request connection WARN service
logout timeout database ERROR response database INFO login INFO failed database
login INFO failed success start stop logout cache connection response
cache cache stop WARN failed timeout timeout logout database response success login timeout logout
failed INFO WARN request database service database WARN connection database start start
connection timeout failed ERROR response failed request request WARN cache failed response cache cache
DEBUG stop start login success response logout
service success failed timeout success
WARN connection INFO failed service start DEBUG request database login INFO response
logout service INFO login DEBUG response success logout
start response logout stop logout timeout failed ERROR WARN
cache connection failed ERROR DEBUG DEBUG
database response login request WARN response INFO stop stop WARN service
stop response INFO stop logout INFO success connection login
service failed cache ERROR request connection stop timeout ERROR timeout INFO
service INFO cache failed login
failed logout connection response success response start ERROR timeout cache stop start start stop
database WARN stop start INFO start cache
request database database response failed INFO WARN service logout WARN
database service stop WARN cache request timeout
cache ERROR login cache INFO login failed request timeout cache start cache
response timeout timeout database timeout login INFO timeout DEBUG DEBUG success cache cache start
logout database cache database success WARN logout cache DEBUG login start failed failed
cache failed DEBUG login request stop stop cache connection database response ERROR
connection database start timeout INFO WARN start logout request success login database connection
cache start logout request connection stop cache logout connection
cache start connection login database request success database ERROR DEBUG stop INFO INFO success
failed login cache database database connection DEBUG failed WARN request connection INFO INFO
cache failed start failed login timeout login logout database logout stop cache login
success timeout success timeout response DEBUG login response
WARN start timeout request cache response WARN WARN
request start cache stop success timeout failed WARN request cache response login start stop
logout login cache success DEBUG stop logout
database success WARN response response database cache
stop response success response logout WARN service INFO
logout timeout service service connection service logout login INFO connection response logout connection start
start DEBUG response database connection INFO
service WARN success request success database timeout service timeout cache DEBUG success logout
WARN request stop connection ERROR failed login database timeout service
stop request start service success connection ERROR WARN success timeout connection stop DEBUG WARN
success database failed INFO database failed INFO stop database
request logout WARN failed INFO stop INFO connection timeout WARN
service INFO response logout response
stop service start timeout timeout
request failed INFO ERROR success request response request
ERROR logout WARN start DEBUG timeout success start ERROR DEBUG ERROR
INFO INFO cache INFO login success response service
response stop response timeout request database
request logout logout logout logout failed success login
ERROR WARN WARN cache success success
request failed response cache stop
service cache failed INFO success success service ERROR failed
timeout stop logout failed request WARN response connection success stop
stop success WARN connection success stop WARN database WARN timeout response
connection cache response connection cache logout failed ERROR cache database service logout service DEBUG
INFO request start logout login ERROR DEBUG response timeout start
ERROR response start stop login stop stop service login DEBUG timeout login connection database
service cache DEBUG INFO connection stop response failed DEBUG stop request timeout failed
login timeout cache DEBUG login request database
start ERROR failed success stop ERROR connection INFO INFO response start stop failed
response database failed request DEBUG stop success success timeout connection timeout
timeout start WARN success INFO connection
ERROR service start database ERROR service ERROR connection connection
request DEBUG logout logout login timeout logout service login WARN
start success connection database start connection cache start
service response start INFO stop timeout
failed failed INFO service ERROR DEBUG INFO service
service connection timeout stop INFO login
timeout failed ERROR success logout stop timeout request login request failed DEBUG connection service
cache request INFO success ERROR logout INFO
success connection stop DEBUG login DEBUG WARN connection connection database cache logout cache DEBUG
WARN INFO connection WARN service
connection start logout failed connection start stop timeout DEBUG success
connection failed success database cache failed logout timeout
success INFO ERROR start logout response connection success cache DEBUG DEBUG failed stop response
failed INFO stop ERROR cache database INFO WARN response stop connection connection
login login database request response
ERROR start DEBUG logout login failed stop
login database connection service connection response cache
ERROR request start timeout cache
failed logout start ERROR failed cache success service failed
start response start cache DEBUG
request INFO ERROR success WARN login response logout login stop
stop cache request failed WARN connection WARN
ERROR response cache login connection success request login failed
DEBUG DEBUG stop logout DEBUG database DEBUG logout service database
start INFO ERROR database WARN timeout response logout database success login ERROR
cache DEBUG start logout INFO DEBUG INFO ERROR service failed failed INFO
DEBUG request login cache start response start
INFO DEBUG start DEBUG login request
INFO INFO connection timeout response
failed stop response start login response INFO login database cache ERROR
response response ERROR success logout logout success logout
ERROR success logout start DEBUG timeout INFO
cache database timeout failed INFO DEBUG request cache connection response timeout response
logout login service start failed stop
database timeout stop timeout request connection cache failed failed ERROR start timeout connection request
connection success connection service WARN success database ERROR ERROR WARN start login
stop logout logout cache database
start login ERROR database response ERROR stop database stop failed connection
cache stop response logout login WARN start failed stop database stop request
cache logout stop login response login timeout
service request connection timeout login success
DEBUG success DEBUG database stop database DEBUG
service stop service WARN timeout DEBUG response
service database stop connection stop INFO
stop ERROR request INFO INFO WARN connection response cache login response WARN logout
database WARN INFO DEBUG stop database WARN logout INFO timeout
WARN logout cache login failed response
WARN cache ERROR success timeout
ERROR cache logout success service INFO timeout request failed ERROR service cache
ERROR logout WARN failed failed request logout
timeout ERROR ERROR failed start WARN start login ERROR cache request response service
request success cache success start timeout login
request failed logout request INFO service connection success connection success login
timeout logout login cache database request stop success ERROR
failed logout ERROR logout success service WARN success timeout timeout
cache database start service failed
success request cache database DEBUG WARN success login database login
database start logout database success cache
cache ERROR cache response login cache connection logout start
start response stop failed login start failed
WARN service service service WARN success stop stop response stop INFO
logout response logout WARN success
login WARN timeout service timeout INFO response
INFO service service DEBUG request service connection WARN database request failed
cache login cache logout ERROR login WARN timeout INFO cache cache ERROR failed
connection database DEBUG connection stop stop connection stop DEBUG failed start success response login
response stop success success failed INFO ERROR success INFO login request connection request
WARN failed response WARN logout
WARN failed WARN failed timeout service service
cache stop failed request login WARN ERROR failed success cache INFO database request timeout
start login cache login ERROR ERROR connection
INFO request cache login stop database service database logout failed database response INFO timeout
database stop INFO INFO response failed login cache connection cache login INFO request logout
stop success database service service database cache INFO
timeout start DEBUG DEBUG ERROR service failed connection start cache response
DEBUG WARN stop connection success WARN logout stop cache
response INFO request request stop logout success cache request service failed ERROR start request
stop failed cache logout DEBUG service ERROR
response ERROR login INFO connection ERROR success response WARN
stop DEBUG start connection database failed
INFO response start success failed ERROR
login failed response response ERROR INFO login
response failed database response service success
request failed cache failed failed INFO stop start connection
ERROR database start logout timeout response start INFO connection INFO cache database connection response
response start ERROR DEBUG DEBUG login
request timeout stop cache failed success stop INFO failed DEBUG success
start database connection ERROR database connection cache connection failed request success WARN cache timeout
start cache service logout ERROR timeout connection success DEBUG stop
success stop cache WARN ERROR WARN service cache
failed WARN response login DEBUG ERROR success
connection connection timeout login login INFO
login connection service ERROR service logout connection INFO ERROR database
logout failed database ERROR stop logout database DEBUG success start INFO INFO
success WARN request login DEBUG start success start cache cache DEBUG success INFO
login request response cache request response request timeout
success login service start service response WARN
start ERROR login ERROR request ERROR success stop service failed success INFO start success
cache success WARN stop service cache
database database WARN INFO response login WARN response DEBUG DEBUG request
response WARN WARN response cache ERROR failed login service failed timeout success timeout timeout
logout database logout database start success response timeout response start logout
DEBUG connection WARN login success logout request connection database success DEBUG database service failed
stop connection database timeout response failed logout cache timeout
request connection cache DEBUG timeout INFO ERROR DEBUG connection
DEBUG INFO response request database connection INFO WARN INFO service
stop response start success response WARN start DEBUG ERROR cache
connection logout ERROR database WARN database response
start login connection cache stop database request success login DEBUG success
DEBUG database service service DEBUG login connection failed ERROR login response
failed response DEBUG ERROR cache ERROR INFO WARN
failed response connection login database request request
failed failed failed failed timeout logout WARN stop response response logout failed
service ERROR cache ERROR stop timeout ERROR request cache
success success INFO response DEBUG success success request failed connection start timeout INFO logout
request WARN INFO response stop success cache service
cache ERROR logout database ERROR DEBUG connection WARN timeout logout ERROR WARN start
request service start cache database ERROR
failed request ERROR service request start ERROR cache DEBUG success ERROR start request
service WARN service start logout ERROR login failed connection WARN success
response failed success request timeout success response connection success INFO response login WARN
WARN request login success connection success timeout failed WARN start DEBUG INFO
DEBUG login database success ERROR ERROR WARN start response
database timeout cache service start INFO request stop response
connection success logout login connection request start INFO service WARN INFO WARN timeout cache
INFO logout failed INFO ERROR timeout database start logout failed connection INFO login
INFO WARN login success request stop success failed logout request
INFO timeout logout start INFO
INFO login WARN response login connection logout ERROR DEBUG
failed response response ERROR service service stop request connection response
start ERROR login request INFO
cache WARN INFO timeout WARN request INFO timeout
success cache WARN connection logout login timeout failed ERROR DEBUG timeout failed
timeout INFO DEBUG WARN stop login DEBUG timeout INFO request start
DEBUG login success success connection
DEBUG DEBUG success DEBUG stop logout stop
success DEBUG request request login
WARN DEBUG WARN ERROR response connection cache logout success response timeout
database success login database WARN failed request cache
request service failed stop timeout connection ERROR DEBUG
INFO failed database WARN ERROR cache
failed failed WARN start INFO logout start failed connection WARN DEBUG success
service cache response request database database service
INFO success request stop response response WARN
failed cache timeout request WARN DEBUG
request request login WARN login connection ERROR connection cache cache connection
connection service start logout stop request start response
database start WARN success logout ERROR INFO
failed database connection connection ERROR WARN failed login
service DEBUG failed request start response stop failed login start WARN failed
login database login start stop logout
failed WARN service INFO service
failed INFO cache logout cache failed DEBUG
DEBUG service database ERROR cache WARN database request timeout success connection timeout
timeout connection connection request service connection database INFO database
DEBUG stop DEBUG timeout start cache WARN stop response logout INFO login DEBUG
response INFO timeout WARN DEBUG start database
service ERROR stop response cache login database response response INFO login timeout WARN
connection INFO stop service timeout DEBUG WARN stop DEBUG INFO ERROR
connection failed logout connection stop stop connection connection logout
response database response timeout timeout INFO database request request
INFO database stop timeout response success connection WARN request login
success DEBUG success ERROR DEBUG stop login logout login database DEBUG start DEBUG request
database start service failed connection timeout service response cache INFO
ERROR DEBUG success DEBUG connection stop request failed login ERROR WARN success
response DEBUG request failed cache DEBUG database service ERROR
INFO login login failed start connection database
stop WARN connection database logout
start database success cache login DEBUG failed failed failed service service ERROR response
success cache timeout request ERROR INFO connection failed cache DEBUG DEBUG timeout
request ERROR cache ERROR connection INFO cache login failed start login
database cache stop ERROR failed
cache cache logout failed database timeout stop service response response response failed service DEBUG
timeout database WARN database request login DEBUG service start
WARN success INFO timeout INFO success cache WARN database stop
WARN connection service INFO ERROR connection login stop cache DEBUG success
INFO start response success start cache cache INFO WARN database
ERROR logout success ERROR success start database DEBUG ERROR
DEBUG request login INFO response failed WARN start service connection stop connection cache
response database WARN database logout stop timeout success request cache service
failed DEBUG request response success
logout timeout timeout ERROR ERROR failed start database
request response failed login cache response logout response start logout ERROR failed
failed start ERROR success login stop INFO database ERROR logout INFO service response
success login WARN timeout database timeout response cache
start failed timeout WARN database stop
timeout ERROR DEBUG INFO cache WARN
timeout timeout WARN connection start logout logout
stop failed ERROR success response timeout ERROR timeout ERROR failed service
start request start login stop service success timeout ERROR request
cache stop start timeout failed ERROR WARN ERROR
connection database database logout DEBUG
WARN DEBUG request WARN stop database ERROR response DEBUG INFO service ERROR connection
INFO logout response response INFO cache failed
success service timeout database timeout INFO timeout success response failed
DEBUG ERROR stop INFO ERROR login start timeout
response logout service DEBUG cache connection cache request database failed database INFO start
database response success service request login INFO service connection timeout
success cache response INFO timeout WARN ERROR INFO start failed ERROR failed INFO
failed WARN start timeout cache
timeout success response success logout response request service DEBUG login database failed start
stop INFO request success request failed start success
failed timeout start timeout stop service DEBUG database request INFO INFO ERROR
connection ERROR start ERROR stop timeout database logout cache logout ERROR service
connection INFO stop failed cache response stop service success success
failed cache response stop service connection login DEBUG timeout DEBUG login
logout cache stop service DEBUG
failed service WARN logout stop service DEBUG login INFO
success failed success login start INFO logout ERROR success success connection login ERROR
ERROR ERROR stop success service cache cache response cache start failed response success ERROR
DEBUG response DEBUG request timeout response logout request failed
failed DEBUG ERROR INFO request database request
ERROR logout response request start start timeout DEBUG cache connection login database
DEBUG cache DEBUG service login request WARN failed
database start request connection DEBUG failed connection
response connection start timeout DEBUG failed start INFO logout stop logout
login login service request stop logout login timeout ERROR DEBUG DEBUG service DEBUG stop
start failed success service logout timeout cache response ERROR
request start connection request service timeout ERROR ERROR response login stop
service request ERROR cache DEBUG logout
success INFO cache cache stop logout DEBUG DEBUG timeout connection success
connection login stop success stop connection failed stop INFO
service timeout login response WARN request start failed stop response connection logout logout
logout request cache DEBUG connection database
stop response connection success WARN login DEBUG service database timeout response response
start connection WARN INFO failed cache success stop stop stop
request stop request cache logout response response cache start connection login stop
DEBUG logout connection success database login start database DEBUG start
login connection login DEBUG cache login DEBUG failed stop stop INFO login WARN request
DEBUG INFO failed stop timeout WARN service stop database start database connection service timeout
WARN start WARN timeout cache
logout success success ERROR INFO
logout ERROR service request ERROR timeout ERROR response start ERROR response logout logout response
INFO request INFO database timeout cache WARN INFO
service success DEBUG login service logout success database DEBUG cache DEBUG stop timeout
timeout start response stop login database start WARN start logout logout ERROR connection
INFO INFO start request response stop failed cache
connection INFO INFO failed WARN DEBUG timeout stop
WARN success INFO DEBUG success success stop
request connection INFO WARN request success DEBUG timeout cache
timeout failed response database service request success database timeout cache
timeout stop start connection failed service login WARN failed
timeout DEBUG start response success login success cache response ERROR response INFO connection
start logout database request database service
cache database success DEBUG timeout logout request stop
timeout service stop ERROR stop request success timeout cache success
connection service stop DEBUG request request failed success failed connection database login WARN login
timeout WARN login service INFO ERROR start ERROR INFO connection WARN start
service WARN logout connection database login ERROR database WARN DEBUG response start failed
failed response login INFO stop login
request connection request connection logout login database ERROR response timeout
stop response success cache success timeout DEBUG
logout start ERROR cache DEBUG WARN failed
WARN timeout service login start start
timeout WARN success success failed logout connection connection DEBUG stop
login cache connection ERROR database request stop logout ERROR success service
cache INFO logout request ERROR connection service response response service service
WARN logout ERROR logout start response success ERROR timeout response login database
connection start INFO success service response stop start stop login response timeout
service login ERROR cache stop database database INFO
response timeout connection failed cache stop ERROR stop failed request INFO database
logout database timeout logout response timeout failed failed connection database request
service timeout success ERROR database response INFO cache start login
logout ERROR logout logout service start timeout DEBUG stop start request
stop timeout connection response cache INFO
WARN success failed login stop cache timeout service connection INFO connection service success
database ERROR connection database login INFO cache response DEBUG database DEBUG cache response WARN
cache start DEBUG login connection INFO start INFO stop logout
service cache start timeout failed DEBUG timeout start response response response
INFO stop service response database INFO request
failed failed connection request failed request response WARN request DEBUG ERROR connection start
INFO cache cache DEBUG cache connection DEBUG service failed start DEBUG
stop ERROR INFO success connection response database timeout logout connection success
cache login logout start timeout request start request WARN database start service database
request timeout stop INFO DEBUG DEBUG WARN WARN WARN failed stop service cache
INFO login timeout WARN stop connection request DEBUG timeout login response stop failed
logout start INFO connection stop failed failed login WARN ERROR WARN
database timeout cache failed database
login success response logout success failed login stop login failed start
DEBUG login response cache DEBUG logout start failed cache service cache database WARN WARN
stop INFO service ERROR request login
cache response database logout failed ERROR INFO failed start
start logout request service stop start start failed cache cache failed start
logout success failed success INFO INFO cache stop success stop timeout ERROR
response response stop timeout stop database timeout
ERROR connection timeout logout WARN start DEBUG service logout start ERROR
ERROR start INFO cache cache logout INFO
logout INFO WARN start timeout database stop ERROR success start
WARN login database service DEBUG login ERROR ERROR WARN success failed success response
database cache INFO start ERROR database logout failed cache WARN success
logout database response cache stop database success service response start connection
start success INFO database ERROR login start
database stop failed WARN database WARN service
ERROR stop failed ERROR INFO timeout DEBUG service WARN response database
DEBUG database request failed ERROR logout stop
response service request request login request ERROR ERROR cache logout timeout cache
stop service INFO response logout database failed
DEBUG WARN stop request DEBUG INFO response
response ERROR connection service service
start request timeout WARN WARN database
timeout login DEBUG database logout
database response cache timeout stop WARN failed DEBUG stop login request
connection logout timeout cache logout
DEBUG start ERROR request start request
service ERROR WARN connection success response stop
timeout start stop start WARN cache logout DEBUG success cache INFO
cache request INFO INFO database
service failed INFO database INFO connection login
login database start database WARN WARN logout
request login start logout DEBUG
cache logout ERROR logout stop failed
response start database failed cache connection cache cache cache
ERROR database INFO response DEBUG ERROR start
login connection success database request failed failed success success WARN
database logout WARN failed database start response WARN success connection
request stop WARN service failed response cache login success ERROR service connection WARN WARN
start timeout success logout success INFO
failed success INFO WARN ERROR WARN stop login failed WARN connection service
connection WARN database service request failed request failed DEBUG failed cache start database
cache connection cache login DEBUG DEBUG connection response ERROR WARN DEBUG failed WARN
response INFO failed request login timeout stop timeout service request logout database success failed
logout request start DEBUG success WARN login INFO cache start start
logout service logout INFO failed cache
timeout login ERROR start login timeout request stop success stop WARN response
service INFO cache response response failed WARN success success WARN stop DEBUG cache connection
request database database request service login WARN database ERROR connection request start success login
logout request response connection logout response WARN start logout response DEBUG login connection
WARN timeout login connection connection
start request logout start stop request timeout start service
ERROR ERROR failed response WARN cache ERROR connection connection login cache logout success success
start connection request request request stop request DEBUG login timeout success INFO cache stop
INFO DEBUG database logout request cache login start ERROR WARN
database response stop INFO login database start cache cache stop request response
DEBUG database INFO timeout INFO INFO ERROR
WARN ERROR database connection logout INFO DEBUG response DEBUG
connection login connection ERROR response success start
ERROR INFO connection logout database request connection DEBUG stop start database DEBUG database service
service DEBUG start start start success logout
DEBUG cache connection timeout ERROR
logout cache failed request ERROR service response success cache failed
connection logout connection connection stop timeout stop WARN database database cache ERROR connection ERROR
INFO INFO login request response response connection request response failed INFO response cache
ERROR response request success database service service
start logout database timeout login DEBUG ERROR
logout service start request timeout cache service timeout ERROR timeout
INFO logout cache success login
response request timeout failed service login
request failed WARN response failed WARN timeout start
stop timeout connection cache INFO
cache request service WARN login WARN connection ERROR DEBUG success service cache WARN
logout connection login database request response WARN DEBUG success failed failed ERROR ERROR stop
login logout logout failed failed logout start stop
failed logout INFO DEBUG ERROR INFO failed failed DEBUG ERROR failed
connection service DEBUG stop DEBUG stop stop stop
ERROR start login timeout service
logout response response failed database DEBUG logout logout cache success WARN WARN
logout timeout ERROR stop DEBUG failed DEBUG cache success DEBUG
database response INFO failed connection request failed request response success response stop ERROR response
DEBUG failed ERROR timeout database INFO success logout database login stop DEBUG
DEBUG failed WARN response DEBUG response request response connection INFO login database database
success service success stop response database connection ERROR
request INFO request start request request cache INFO DEBUG success connection logout success ERROR
logout login WARN request success response login failed
response database start failed ERROR
WARN service database timeout connection stop logout success cache service timeout database response ERROR
request service logout response logout
start response stop start request success success request
cache request login DEBUG database connection
DEBUG request connection database request login login INFO response logout login request response start
DEBUG request login request service cache INFO login success DEBUG WARN success DEBUG stop
stop request failed cache INFO database WARN timeout success connection connection timeout
ERROR database INFO login start response stop timeout DEBUG service
database ERROR INFO success response connection failed
database stop ERROR INFO success connection response start response ERROR
start response ERROR service response response failed start service database cache
DEBUG service INFO ERROR login database connection logout connection DEBUG cache timeout
connection request INFO request stop success login service
login WARN ERROR failed start login
stop ERROR success stop failed timeout request cache INFO
database logout ERROR start cache login service login WARN logout DEBUG connection success login
service DEBUG database request request
cache stop failed success failed ERROR DEBUG WARN ERROR
INFO request login WARN connection connection connection INFO failed start stop success connection
database logout success failed service login response
database ERROR failed start cache DEBUG service connection start service login request success
request stop connection failed timeout timeout connection connection success failed connection connection timeout timeout
logout DEBUG DEBUG stop login start cache logout service failed database connection request INFO
success WARN ERROR timeout service success
response database INFO INFO stop success service connection
timeout database INFO logout cache
login WARN INFO response success INFO cache database start DEBUG response
request service response stop login request success
connection INFO timeout ERROR service stop timeout failed login stop INFO response
failed stop ERROR success request response INFO database cache service
request DEBUG failed stop cache connection stop request timeout INFO response
response INFO timeout failed login logout INFO connection start start login stop WARN
service timeout service ERROR stop login ERROR connection cache
success success connection timeout start DEBUG WARN stop
failed response database connection start WARN timeout cache INFO login success
login ERROR stop failed response stop timeout
ERROR success DEBUG request timeout
request failed database success database connection request start request database
stop database timeout INFO INFO logout service logout request connection
timeout INFO response ERROR success
response cache failed WARN request
logout timeout cache INFO start stop login timeout stop INFO success start INFO ERROR
start INFO start login response cache success database login cache
timeout login service service WARN WARN ERROR cache failed failed connection timeout
INFO stop logout service failed success login
login service database success cache database WARN DEBUG WARN stop
response service stop connection start cache database timeout success request timeout service WARN
failed WARN database WARN response
failed INFO failed WARN database timeout ERROR response INFO failed
timeout failed database request service response logout
timeout database failed connection login service
INFO login database success ERROR
INFO stop DEBUG WARN request login DEBUG success DEBUG ERROR ERROR WARN login DEBUG
service request ERROR timeout success start cache
stop cache service response response stop WARN
failed cache failed cache timeout connection service
cache cache response timeout login database response success start connection
service login cache request database service ERROR
service timeout database database response success database DEBUG cache DEBUG service timeout
start response failed failed ERROR request ERROR
login cache service ERROR ERROR cache database cache WARN DEBUG login connection ERROR cache
login INFO request stop DEBUG logout success logout cache database success request database
cache ERROR timeout INFO service failed stop failed login request logout start connection stop
start logout connection start service
logout timeout login INFO timeout login service ERROR
service success stop database INFO success database cache cache start
stop start timeout start start connection failed success
WARN stop INFO login stop timeout success request start success DEBUG failed
DEBUG start connection ERROR login login success response ERROR service stop
logout login failed database start failed failed
cache response request success INFO INFO service service cache timeout success
INFO DEBUG cache success INFO stop failed connection
stop DEBUG login request INFO WARN
database timeout login logout request failed DEBUG
start request DEBUG service success cache start start database start response success
ERROR start login request request response timeout
logout start service start DEBUG cache
failed WARN request DEBUG cache service connection WARN failed failed
cache start start login start login stop INFO request
ERROR service logout DEBUG WARN database
logout login failed timeout timeout
success ERROR database start response database response timeout database stop
logout timeout timeout connection INFO timeout INFO ERROR cache ERROR request
timeout INFO DEBUG service timeout
failed timeout service success database cache response DEBUG request start WARN
timeout request response cache WARN stop cache INFO stop success request
login WARN service database login start DEBUG start database logout request
ERROR service service DEBUG logout success
failed timeout connection DEBUG ERROR failed WARN start connection response logout login login logout
WARN connection stop login INFO cache ERROR DEBUG login connection ERROR
ERROR start failed WARN stop request
success service WARN cache request service success start
response stop database logout WARN response INFO DEBUG database WARN response response cache
start DEBUG login INFO request database service cache failed
logout start cache WARN connection logout cache INFO DEBUG response
failed DEBUG ERROR timeout start ERROR
ERROR start database service service WARN service logout cache
stop WARN request database success success stop request start INFO stop DEBUG login database
service INFO failed logout cache service success start timeout request WARN stop failed INFO
logout timeout ERROR request failed
logout success response start service
success timeout cache cache database start
stop WARN INFO success service start logout ERROR service WARN stop database ERROR
WARN request database ERROR service success timeout response stop failed WARN connection DEBUG stop
success request timeout ERROR ERROR WARN login WARN request login INFO
stop request request ERROR logout start INFO logout
timeout service stop start start
timeout INFO response stop login success ERROR
login cache DEBUG cache response
connection ERROR failed failed start service database
ERROR connection database logout start response success WARN WARN success failed DEBUG stop WARN
service service request failed timeout stop WARN failed stop
stop success DEBUG WARN login ERROR
DEBUG service DEBUG database service stop
INFO connection DEBUG INFO failed response
WARN request login login success response DEBUG
response success WARN stop service logout stop login request failed cache
timeout ERROR database response logout request stop success failed
WARN success database connection failed start connection response timeout logout start cache INFO
service DEBUG service INFO logout stop timeout cache INFO request connection DEBUG INFO
start request INFO logout stop
login success start success request failed request
connection cache connection success service
timeout logout login database connection logout success
DEBUG login login cache INFO request INFO start ERROR
logout DEBUG stop service WARN database failed success
ERROR failed WARN start logout timeout ERROR WARN request response logout
failed DEBUG start success response request login database cache response response connection
response ERROR failed response timeout response DEBUG
timeout start start connection database
failed WARN cache request service
failed start response service cache stop response service timeout database logout ERROR DEBUG logout
logout cache start start DEBUG timeout logout
WARN request WARN WARN INFO WARN failed WARN stop timeout success
stop request database logout INFO WARN DEBUG ERROR DEBUG response ERROR INFO
logout request DEBUG INFO request ERROR request cache start INFO
WARN INFO ERROR login database timeout DEBUG database success
login logout response response WARN success request WARN service
response success database WARN request service timeout response ERROR WARN success login DEBUG INFO
DEBUG cache cache failed start
failed database response request connection WARN WARN
timeout timeout response logout response WARN INFO cache request
ERROR connection stop service request database success DEBUG
connection connection database WARN stop service login database
response request cache failed WARN failed
INFO stop database response database logout cache stop logout response DEBUG
database DEBUG ERROR request success cache timeout connection cache DEBUG failed
start start connection cache response failed INFO INFO database DEBUG logout
login cache logout DEBUG success failed
cache failed login connection service DEBUG connection
stop logout success cache start success
stop cache login INFO failed connection timeout response response login service database response DEBUG
INFO start database service WARN failed failed DEBUG
cache request WARN request request request DEBUG logout response DEBUG
DEBUG logout failed timeout DEBUG ERROR ERROR start logout start request stop connection logout
connection cache timeout cache response stop stop success
WARN DEBUG start service failed
DEBUG WARN connection start timeout connection stop timeout timeout database INFO DEBUG
stop stop timeout response database start success service WARN failed start
login logout login cache INFO service
WARN login DEBUG failed connection database
database cache service cache connection success DEBUG
failed timeout start WARN success database stop timeout logout login start start ERROR
success login request start login
failed stop request INFO connection ERROR response start success
cache timeout ERROR response WARN timeout INFO start service request failed
DEBUG database cache INFO service login request connection request start WARN login
INFO logout response database stop failed connection logout response DEBUG
timeout stop connection response ERROR
service service response login login login login
INFO failed cache stop service INFO failed cache stop logout failed start login start
WARN stop DEBUG request failed response cache DEBUG
success DEBUG start logout logout timeout response logout service ERROR cache failed INFO cache
request response request login database login cache connection service ERROR timeout cache WARN
cache DEBUG start connection stop WARN WARN cache database start logout
request DEBUG cache failed connection WARN service start DEBUG timeout ERROR INFO connection database
response connection request timeout response response success service database
cache cache DEBUG timeout INFO WARN login timeout WARN ERROR cache success
ERROR connection success DEBUG stop cache
ERROR timeout response INFO start success stop
response logout service database timeout start service failed INFO DEBUG success service DEBUG
ERROR connection INFO success success
login logout database login logout timeout timeout ERROR ERROR connection request success
database response success database request success failed
database login cache database stop ERROR database request WARN DEBUG request INFO WARN response
logout INFO database database stop
WARN database success login connection
WARN response response logout database WARN response
INFO stop stop request ERROR INFO start login connection request cache database login
connection ERROR request INFO ERROR response stop request database
database response INFO service start DEBUG success login timeout timeout request service login
timeout failed success request login ERROR success logout request
failed stop timeout DEBUG INFO INFO response stop ERROR request
DEBUG ERROR database service start
timeout database WARN timeout DEBUG failed
request timeout response login start DEBUG DEBUG timeout response DEBUG database success
response timeout login database timeout WARN
